[2015.11.11-19.24.47:010][  0]Log file open, 11/11/15 21:24:47
[2015.11.11-19.24.47:010][  0]LogInit:Display: Running engine for game: Epidemic_Source
[2015.11.11-19.24.47:010][  0]LogInit:Display: RandInit(1816955424) SRandInit(1816955424).
[2015.11.11-19.24.47:010][  0]LogTaskGraph: Started task graph with 4 named threads and 7 total threads.
[2015.11.11-19.24.47:010][  0]LogStats: Stats thread started at 0.107060
[2015.11.11-19.24.47:010][  0]LogInit: Version: 4.9.2-2707645+++depot+UE4-Releases+4.9
[2015.11.11-19.24.47:010][  0]LogInit: API Version: 2672455
[2015.11.11-19.24.47:010][  0]LogInit: Compiled (64-bit): Sep 28 2015 10:25:44
[2015.11.11-19.24.47:010][  0]LogInit: Compiled with Visual C++: 18.00.21005.01
[2015.11.11-19.24.47:010][  0]LogInit: Build Configuration: Development
[2015.11.11-19.24.47:010][  0]LogInit: Branch Name: ++depot+UE4-Releases+4.9
[2015.11.11-19.24.47:010][  0]LogInit: Command line:  
[2015.11.11-19.24.47:010][  0]LogInit: Base directory: E:/Programs/EpicGames/Epic Games/4.9/Engine/Binaries/Win64/
[2015.11.11-19.24.47:010][  0]LogInit: Rocket: 1
[2015.11.11-19.24.47:032][  0]LogInit: Using libcurl 7.41.0
[2015.11.11-19.24.47:032][  0]LogInit:  - built for x86_64-pc-win32
[2015.11.11-19.24.47:032][  0]LogInit:  - supports SSL with WinSSL
[2015.11.11-19.24.47:032][  0]LogInit:  - other features:
[2015.11.11-19.24.47:032][  0]LogInit:      CURL_VERSION_SSL
[2015.11.11-19.24.47:032][  0]LogInit:      CURL_VERSION_IPV6
[2015.11.11-19.24.47:032][  0]LogInit:      CURL_VERSION_ASYNCHDNS
[2015.11.11-19.24.47:032][  0]LogInit:      CURL_VERSION_LARGEFILE
[2015.11.11-19.24.47:032][  0]LogInit:      CURL_VERSION_IDN
[2015.11.11-19.24.47:033][  0]LogInit:  CurlRequestOptions (configurable via config and command line):
[2015.11.11-19.24.47:033][  0]LogInit:  - bVerifyPeer = true  - Libcurl will verify peer certificate
[2015.11.11-19.24.47:033][  0]LogInit:  - bUseHttpProxy = false  - Libcurl will NOT use HTTP proxy
[2015.11.11-19.24.47:033][  0]LogInit:  - bDontReuseConnections = false  - Libcurl will reuse connections
[2015.11.11-19.24.47:033][  0]LogInit:  - CertBundlePath = nullptr  - Libcurl will use whatever was configured at build time.
[2015.11.11-19.24.47:084][  0]LogInit: Presizing for 0 objects not considered by GC, pre-allocating 0 bytes.
[2015.11.11-19.24.47:093][  0]LogInit: Object subsystem initialized
[2015.11.11-19.24.47:095][  0]LogInit: Selected Device Profile: [Windows]
[2015.11.11-19.24.47:095][  0]LogInit: Applying CVar settings loaded from the selected device profile: [Windows]
[2015.11.11-19.24.47:112][  0]LogInit: Computer: GRONIA-FERDI
[2015.11.11-19.24.47:112][  0]LogInit: User: Ferdi
[2015.11.11-19.24.47:112][  0]LogInit: CPU Page size=4096, Cores=4
[2015.11.11-19.24.47:112][  0]LogInit: High frequency timer resolution =3.312790 MHz
[2015.11.11-19.24.47:112][  0]LogMemory: Memory total: Physical=8.0GB (8GB approx)
[2015.11.11-19.24.47:112][  0]LogMemory: Platform Memory Stats for Windows
[2015.11.11-19.24.47:112][  0]LogMemory: Process Physical Memory: 53.83 MB used, 53.83 MB peak
[2015.11.11-19.24.47:112][  0]LogMemory: Process Virtual Memory: 57.24 MB used, 57.24 MB peak
[2015.11.11-19.24.47:112][  0]LogMemory: Physical Memory: 5316.73 MB used, 8174.70 MB total
[2015.11.11-19.24.47:112][  0]LogMemory: Virtual Memory: 366.39 MB used, 134217728.00 MB total
[2015.11.11-19.24.47:336][  0]LogTextLocalizationManager: No specific translations for ('en-US') exist, so ('en') translations will be used.
[2015.11.11-19.24.48:177][  0]LogD3D11RHI: Found D3D11 adapter 0: AMD Radeon R9 200 Series (Feature Level 11_0)
[2015.11.11-19.24.48:177][  0]LogD3D11RHI: Adapter has 3050MB of dedicated video memory, 0MB of dedicated system memory, and 4087MB of shared system memory, 2 output[s]
[2015.11.11-19.24.48:193][  0]LogD3D11RHI: Found D3D11 adapter 1: Microsoft Basic Render Driver (Feature Level 11_0)
[2015.11.11-19.24.48:193][  0]LogD3D11RHI: Adapter has 0MB of dedicated video memory, 0MB of dedicated system memory, and 4087MB of shared system memory, 0 output[s]
[2015.11.11-19.24.48:193][  0]LogD3D11RHI: Chosen D3D11 Adapter Id = 0
[2015.11.11-19.24.48:197][  0]LogD3D11RHI: !Direct3DDevice
[2015.11.11-19.24.48:197][  0]LogRHI: Texture pool is 1361 MB (70% of 1945 MB)
[2015.11.11-19.24.48:203][  0]LogD3D11RHI: Async texture creation disabled: no driver support
[2015.11.11-19.24.48:216][  0]LogShaderCompilers: Guid format shader working directory is 14 characters bigger than the processId version (D:/EpidemicGameProject/Epidemic_Source/Intermediate/Shaders/WorkingDirectory/10852/).
[2015.11.11-19.24.48:216][  0]LogShaderCompilers: Cleaned the shader compiler working directory 'D:/EpidemicGameProject/Epidemic_Source/Intermediate/Shaders/tmp/E59DDD284743A14A9A2C6FA55C4F55FE/'.
[2015.11.11-19.24.48:216][  0]LogShaderCompilers:Display: Using Local Shader Compiler.
[2015.11.11-19.24.51:513][  0]LogTemp:Display: Loaded TP AllDesktopTargetPlatform
[2015.11.11-19.24.51:518][  0]LogTemp:Display: Loaded TP WindowsClientTargetPlatform
[2015.11.11-19.24.51:522][  0]LogTemp:Display: Loaded TP WindowsNoEditorTargetPlatform
[2015.11.11-19.24.51:527][  0]LogTemp:Display: Loaded TP WindowsServerTargetPlatform
[2015.11.11-19.24.51:531][  0]LogTemp:Display: Loaded TP WindowsTargetPlatform
[2015.11.11-19.24.51:544][  0]LogTemp:Display: Loaded TP AndroidTargetPlatform
[2015.11.11-19.24.51:547][  0]LogTemp:Display: Loaded TP Android_ASTCTargetPlatform
[2015.11.11-19.24.51:550][  0]LogTemp:Display: Loaded TP Android_ATCTargetPlatform
[2015.11.11-19.24.51:554][  0]LogTemp:Display: Loaded TP Android_DXTTargetPlatform
[2015.11.11-19.24.51:557][  0]LogTemp:Display: Loaded TP Android_ETC1TargetPlatform
[2015.11.11-19.24.51:560][  0]LogTemp:Display: Loaded TP Android_ETC2TargetPlatform
[2015.11.11-19.24.51:563][  0]LogTemp:Display: Loaded TP Android_PVRTCTargetPlatform
[2015.11.11-19.24.51:564][  0]LogTemp:Display: Loaded TP HTML5TargetPlatform
[2015.11.11-19.24.51:615][  0]LogTemp:Display: Loaded TP IOSTargetPlatform
[2015.11.11-19.24.51:618][  0]LogTemp:Display: Loaded TP LinuxNoEditorTargetPlatform
[2015.11.11-19.24.51:621][  0]LogTemp:Display: Loaded TP LinuxServerTargetPlatform
[2015.11.11-19.24.51:627][  0]LogTemp:Display: Loaded TP LinuxTargetPlatform
[2015.11.11-19.24.51:627][  0]LogTargetPlatformManager:Display: Building Assets For Windows
[2015.11.11-19.24.51:987][  0]LogDerivedDataCache:Display: Max Cache Size: 512 MB
[2015.11.11-19.24.52:474][  0]LogDerivedDataCache: Loaded boot cache 0.49s 41MB C:/Users/Ferdi/AppData/Local/UnrealEngine/4.9/DerivedDataCache/Boot.ddc.
[2015.11.11-19.24.52:474][  0]LogDerivedDataCache:Display: Loaded Boot cache: C:/Users/Ferdi/AppData/Local/UnrealEngine/4.9/DerivedDataCache/Boot.ddc
[2015.11.11-19.24.52:477][  0]LogDerivedDataCache: FDerivedDataBackendGraph:  Pak pak cache file D:/EpidemicGameProject/Epidemic_Source/DerivedDataCache/DDC.ddp not found, will not use a pak cache.
[2015.11.11-19.24.52:477][  0]LogDerivedDataCache: Unable to find inner node Pak for hierarchical cache Hierarchy.
[2015.11.11-19.24.52:477][  0]LogDerivedDataCache: FDerivedDataBackendGraph:  CompressedPak pak cache file D:/EpidemicGameProject/Epidemic_Source/DerivedDataCache/Compressed.ddp not found, will not use a pak cache.
[2015.11.11-19.24.52:477][  0]LogDerivedDataCache: Unable to find inner node CompressedPak for hierarchical cache Hierarchy.
[2015.11.11-19.24.52:652][  0]LogDerivedDataCache:Display: Pak cache opened for reading ../../../Engine/DerivedDataCache/Compressed.ddp.
[2015.11.11-19.24.52:681][  0]LogDerivedDataCache: Using Local data cache path C:/Users/Ferdi/AppData/Local/UnrealEngine/Common/DerivedDataCache: Writable
[2015.11.11-19.24.56:899][  0]LogInit: Selected Device Profile: [Windows]
[2015.11.11-19.24.56:917][  0]LogContentStreaming: Texture pool size is 0.000000MB
[2015.11.11-19.24.57:252][  0]LogMeshUtilities: No automatic mesh reduction module available
[2015.11.11-19.24.57:252][  0]LogMeshUtilities: No automatic mesh merging module available
[2015.11.11-19.24.58:110][  0]LogInit: WinSock: version 1.1 (2.2), MaxSocks=32767, MaxUdp=65467
[2015.11.11-19.25.00:852][  0]UdpMessaging: Initializing bridge on interface 0.0.0.0:0 to multicast group 230.0.0.1:6666.
[2015.11.11-19.25.01:026][  0]LogAssetRegistry: FAssetRegistry took 0.0142 seconds to start up
[2015.11.11-19.25.01:438][  0]SourceControl: Info Source control is disabled
[2015.11.11-19.25.01:447][  0]SourceControl: Info Source control is disabled
[2015.11.11-19.25.01:480][  0]SourceControl: Info Source control is disabled
[2015.11.11-19.25.01:494][  0]SourceControl: Info Source control is disabled
[2015.11.11-19.25.01:710][  0]LogLinker:Warning: Asset '../../../Engine/Plugins/Runtime/LeapMotionController/Content/LM_PassthroughMaterial.uasset' has been saved with empty engine version. The asset will be loaded but may be incompatible.
[2015.11.11-19.25.01:850][  0]LogObj: 28361 objects as part of root set at end of initial load.
[2015.11.11-19.25.01:850][  0]LogUObjectAllocator: 6038872 out of 0 bytes used by permanent object pool.
[2015.11.11-19.25.01:984][  0]LogEngine: Initializing Engine...
[2015.11.11-19.25.02:002][  0]LogHMD: Can't find Oculus library dev build: is proper Runtime installed? Version: 0.7.0.0
[2015.11.11-19.25.02:038][  0]LogHMD: SteamVR failed to initialize.  Err: 110
[2015.11.11-19.25.02:349][  0]LogAIModule: Creating AISystem for world NewWorld
[2015.11.11-19.25.02:393][  0]LogInit: XAudio2 using 'Speakers (2- G510 Gaming Keyboard)' : 2 channels at 48 kHz using 16 bits per sample (channel mask 0x3)
[2015.11.11-19.25.02:405][  0]LogInit: FAudioDevice initialized.
[2015.11.11-19.25.02:436][  0]LogDerivedDataCache: Saved boot cache 0.03s 41MB C:/Users/Ferdi/AppData/Local/UnrealEngine/4.9/DerivedDataCache/Boot.ddc.
[2015.11.11-19.25.02:443][  0]LogInit: Texture streaming: Enabled
[2015.11.11-19.25.02:451][  0]LogAnalytics: Creating configured Analytics provider AnalyticsET
[2015.11.11-19.25.02:452][  0]LogAnalytics: [UEEditor.Rocket.Release] APIServer = http://et2.epicgames.com/ET2/. AppVersion = 4.9.2-2707645+++depot+UE4-Releases+4.9
[2015.11.11-19.25.02:452][  0]LogAnalytics: [UEEditor.Rocket.Release] SetUserId 4d6edf494aaa6366e0fc9cbfe9311ea0|29085979fd9e49d891c67b2b1d3c3f13|3c529454-2f3a-4a5c-9d67-9588c1286bf3
[2015.11.11-19.25.02:452][  0]LogAnalytics: [UEEditor.Rocket.Release] AnalyticsET::StartSession
[2015.11.11-19.25.02:624][  0]LogInit: Transaction tracking system initialized
[2015.11.11-19.25.02:699][  0]BlueprintLog: New page: Editor Load
[2015.11.11-19.25.03:022][  0]LocalizationService: Info Localization service is disabled
[2015.11.11-19.25.03:190][  0]LogConsoleResponse:Display: 
[2015.11.11-19.25.03:562][  0]LogFileCache: Scanning file cache for directory 'D:/EpidemicGameProject/Epidemic_Source/Content/' took 0.01s
[2015.11.11-19.25.03:562][  0]LogCook:Display: Done creating registry. It took  0.00s.
[2015.11.11-19.25.03:698][  0]SourceControl: Info Source control is disabled
[2015.11.11-19.25.03:701][  0]Cmd: MAP LOAD FILE="D:/EpidemicGameProject/Epidemic_Source/Content/Scenes/test.umap" TEMPLATE=0 SHOWPROGRESS=1 FEATURELEVEL=3
[2015.11.11-19.25.03:742][  0]LightingResults: New page: Lighting Build
[2015.11.11-19.25.03:762][  0]MapCheck: New page: Map Check
[2015.11.11-19.25.03:762][  0]LightingResults: New page: Lighting Build
[2015.11.11-19.25.03:809][  0]LogParticles: Destroying 0 GPU particle simulations for FXSystem 0x0000001F6E592160
[2015.11.11-19.25.05:649][  0]LogAIModule: Creating AISystem for world test
[2015.11.11-19.25.05:706][  0]LogEditorServer: Finished looking for orphan Actors (0.001 secs)
[2015.11.11-19.25.05:712][  0]Cmd: MAP CHECKDEP NOCLEARLOG
[2015.11.11-19.25.05:768][  0]MapCheck: Info Map check complete: 0 Error(s), 0 Warning(s), took 56.068ms to complete.
[2015.11.11-19.25.05:769][  0]LogFileHelpers: Loading map 'test' took 2.069
[2015.11.11-19.25.06:046][  0]LogCollectionManager: Loaded 0 collections in 0.001557 seconds
[2015.11.11-19.25.06:104][  0]LogFileCache: Scanning file cache for directory 'D:/EpidemicGameProject/Epidemic_Source/Saved/Collections/' took 0.01s
[2015.11.11-19.25.06:104][  0]LogFileCache: Scanning file cache for directory 'D:/EpidemicGameProject/Epidemic_Source/Content/Developers/Ferdi/Collections/' took 0.01s
[2015.11.11-19.25.06:104][  0]LogFileCache: Scanning file cache for directory 'D:/EpidemicGameProject/Epidemic_Source/Content/Collections/' took 0.01s
[2015.11.11-19.25.06:104][  0]LogContentBrowser: Native class hierarchy populated in 0.0107 seconds. Added 1867 classes and 333 folders.
[2015.11.11-19.25.06:128][  0]LogCollectionManager: Rebuilt the GUID cache for 0 collections in 0.000342 seconds
[2015.11.11-19.25.06:141][  0]LogContentBrowser: Native class hierarchy updated for 'WidgetCarousel' in 0.0003 seconds. Added 0 classes and 0 folders.
[2015.11.11-19.25.06:538][  0]LogContentBrowser: Native class hierarchy updated for 'AddContentDialog' in 0.0003 seconds. Added 0 classes and 0 folders.
[2015.11.11-19.25.06:555][  0]LogContentBrowser: Native class hierarchy updated for 'SceneOutliner' in 0.0004 seconds. Added 1 classes and 2 folders.
[2015.11.11-19.25.06:773][  0]LogCrashTracker: Crashtracker disabled due to settings.
[2015.11.11-19.25.06:801][  0]LogUObjectGlobals:Warning: Failed to find object 'Class None.'
[2015.11.11-19.25.06:830][  0]LogLoad: Full Startup: 21.08 seconds (BP compile: 0.34 seconds)
[2015.11.11-19.25.07:127][  0]LogContentStreaming: Texture pool size now 1000 MB
[2015.11.11-19.25.07:377][  0]LogRenderer: Reallocating scene render targets to support 1176x576 (Frame:2).
[2015.11.11-19.25.08:120][  5]LogAssetRegistry: Asset discovery search completed in 7.1069 seconds
[2015.11.11-19.25.08:121][  5]LogCollectionManager: Rebuilt the object cache for 0 collections in 0.000001 seconds (found 0 objects)
[2015.11.11-19.25.08:122][  5]LogCollectionManager: Fixed up redirectors for 0 collections in 0.000807 seconds (updated 0 objects)
[2015.11.11-19.25.14:998][735]LogLinker:Warning: Asset '../../../Engine/Content/ArtTools/RenderToTexture/Macros/RenderToTextureMacros.uasset' has been saved with empty engine version. The asset will be loaded but may be incompatible.
[2015.11.11-19.25.15:667][735]LogContentBrowser: Native class hierarchy updated for 'BlueprintGraph' in 0.0010 seconds. Added 107 classes and 0 folders.
[2015.11.11-19.25.36:821][921]LogOutputDevice: === Handled error: ===

Ensure condition failed: TabBeingDraggedPtr.IsValid() [File:D:\BuildFarm\buildmachine_++depot+UE4-Releases+4.9\Engine\Source\Runtime\Slate\Private\Framework\Docking\SDockingTabWell.cpp] [Line: 374]

Stack: 
UE4Editor-Core.dll!FWindowsPlatformStackWalk::StackWalkAndDump() [d:\buildfarm\buildmachine_++depot+ue4-releases+4.9\engine\source\runtime\core\private\windows\windowsplatformstackwalk.cpp:175]
UE4Editor-Core.dll!FDebug::EnsureFailed() [d:\buildfarm\buildmachine_++depot+ue4-releases+4.9\engine\source\runtime\core\private\misc\outputdevice.cpp:258]
UE4Editor-Core.dll!FDebug::OptionallyLogFormattedEnsureMessageReturningFalse() [d:\buildfarm\buildmachine_++depot+ue4-releases+4.9\engine\source\runtime\core\private\misc\outputdevice.cpp:368]
UE4Editor-Slate.dll!SDockingTabWell::OnDrop() [d:\buildfarm\buildmachine_++depot+ue4-releases+4.9\engine\source\runtime\slate\private\framework\docking\sdockingtabwell.cpp:374]
UE4Editor-Slate.dll!<lambda_fc00b8673e73de2f1681b3f79941c2c8>::operator()() [d:\buildfarm\buildmachine_++depot+ue4-releases+4.9\engine\source\runtime\slate\private\framework\application\slateapplication.cpp:4313]
UE4Editor-Slate.dll!FEventRouter::Route<FReply,FEventRouter::FBubblePolicy,FPointerEvent,<lambda_fc00b8673e73de2f1681b3f79941c2c8> >() [d:\buildfarm\buildmachine_++depot+ue4-releases+4.9\engine\source\runtime\slate\private\framework\application\slateapplication.cpp:214]
UE4Editor-Slate.dll!FSlateApplication::RoutePointerUpEvent() [d:\buildfarm\buildmachine_++depot+ue4-releases+4.9\engine\source\runtime\slate\private\framework\application\slateapplication.cpp:4316]
UE4Editor-Slate.dll!FSlateApplication::ProcessMouseButtonUpEvent() [d:\buildfarm\buildmachine_++depot+ue4-releases+4.9\engine\source\runtime\slate\private\framework\application\slateapplication.cpp:4660]
UE4Editor-Slate.dll!FSlateApplication::OnMouseUp() [d:\buildfarm\buildmachine_++depot+ue4-releases+4.9\engine\source\runtime\slate\private\framework\application\slateapplication.cpp:4638]
UE4Editor-Core.dll!FWindowsApplication::ProcessDeferredMessage() [d:\buildfarm\buildmachine_++depot+ue4-releases+4.9\engine\source\runtime\core\private\windows\windowsapplication.cpp:1403]
UE4Editor-Core.dll!FWindowsApplication::DeferMessage() [d:\buildfarm\buildmachine_++depot+ue4-releases+4.9\engine\source\runtime\core\private\windows\windowsapplication.cpp:1708]
UE4Editor-Core.dll!FWindowsApplication::ProcessMessage() [d:\buildfarm\buildmachine_++depot+ue4-releases+4.9\engine\source\runtime\core\private\windows\windowsapplication.cpp:706]
UE4Editor-Core.dll!FWindowsApplication::AppWndProc() [d:\buildfarm\buildmachine_++depot+ue4-releases+4.9\engine\source\runtime\core\private\windows\windowsapplication.cpp:628]
USER32.dll
USER32.dll
UE4Editor-Core.dll!FWindowsPlatformMisc::PumpMessages() [d:\buildfarm\buildmachine_++depot+ue4-releases+4.9\engine\source\runtime\core\private\windows\windowsplatformmisc.cpp:884]
UE4Editor.exe!FEngineLoop::Tick() [d:\buildfarm\buildmachine_++depot+ue4-releases+4.9\engine\source\runtime\launch\private\launchengineloop.cpp:2392]
UE4Editor.exe!GuardedMain() [d:\buildfarm\buildmachine_++depot+ue4-releases+4.9\engine\source\runtime\launch\private\launch.cpp:142]
UE4Editor.exe!GuardedMainWrapper() [d:\buildfarm\buildmachine_++depot+ue4-releases+4.9\engine\source\runtime\launch\private\windows\launchwindows.cpp:126]
UE4Editor.exe!WinMain() [d:\buildfarm\buildmachine_++depot+ue4-releases+4.9\engine\source\runtime\launch\private\windows\launchwindows.cpp:200]
UE4Editor.exe!__tmainCRTStartup() [f:\dd\vctools\crt\crtw32\dllstuff\crtexe.c:618]
KERNEL32.DLL
ntdll.dll
ntdll.dll

[2015.11.11-19.26.56:152][341]LogBlueprintUserMessages: Early PlayInEditor Detection: Level '/Game/Scenes/test.test:PersistentLevel' has LevelScriptBlueprint '/Game/Scenes/test.test:PersistentLevel.test' with GeneratedClass '/Game/Scenes/test.test_C' with ClassGeneratedBy '/Game/Scenes/test.test:PersistentLevel.test'
[2015.11.11-19.26.56:153][341]LogPlayLevel: PlayLevel: No blueprints needed recompiling
[2015.11.11-19.26.56:156][341]PIE: New page: PIE session: test (Nov 11, 2015, 11:26:56 PM)
[2015.11.11-19.26.56:157][341]LogPlayLevel: Creating play world package: /Game/Scenes/UEDPIE_0_test
[2015.11.11-19.26.56:278][341]LogPlayLevel: PIE: StaticDuplicateObject took: (0.121384s)
[2015.11.11-19.26.56:280][341]LogAIModule: Creating AISystem for world test
[2015.11.11-19.26.56:280][341]LogPlayLevel: PIE: World Init took: (0.001786s)
[2015.11.11-19.26.56:281][341]LogPlayLevel: PIE: Created PIE world by copying editor world from /Game/Scenes/test.test to /Game/Scenes/UEDPIE_0_test.test (0.124430s)
[2015.11.11-19.26.56:518][341]LogInit: XAudio2 using 'Speakers (2- G510 Gaming Keyboard)' : 2 channels at 48 kHz using 16 bits per sample (channel mask 0x3)
[2015.11.11-19.26.56:536][341]LogInit: FAudioDevice initialized.
[2015.11.11-19.26.56:706][341]LogWorld: Game class is 'EpidemicGameMode_C'
[2015.11.11-19.26.56:713][341]LogWorld: Bringing World /Game/Scenes/UEDPIE_0_test.test up for play (max tick rate 0) at 2015.11.11-21.26.56
[2015.11.11-19.26.56:713][341]LogActor:Warning: GameSession /Game/Scenes/UEDPIE_0_test.test:PersistentLevel.GameSession_0 has natively added scene component(s), but none of them were set as the actor's RootComponent - picking one arbitrarily
[2015.11.11-19.26.56:715][341]LogActor:Warning: GameNetworkManager /Game/Scenes/UEDPIE_0_test.test:PersistentLevel.GameNetworkManager_0 has natively added scene component(s), but none of them were set as the actor's RootComponent - picking one arbitrarily
[2015.11.11-19.26.56:716][341]LogWorld: Bringing up level for play took: 0.007533
[2015.11.11-19.26.56:772][341]PIE: Info Play in editor start time for /Game/Scenes/UEDPIE_0_test 0.259
[2015.11.11-19.26.56:772][341]LogBlueprintUserMessages: Late PlayInEditor Detection: Level '/Game/Scenes/test.test:PersistentLevel' has LevelScriptBlueprint '/Game/Scenes/test.test:PersistentLevel.test' with GeneratedClass '/Game/Scenes/test.test_C' with ClassGeneratedBy '/Game/Scenes/test.test:PersistentLevel.test'
[2015.11.11-19.27.15:804][261]LogBlueprintUserMessages: Early EndPlayMap Detection: Level '/Game/Scenes/test.test:PersistentLevel' has LevelScriptBlueprint '/Game/Scenes/test.test:PersistentLevel.test' with GeneratedClass '/Game/Scenes/test.test_C' with ClassGeneratedBy '/Game/Scenes/test.test:PersistentLevel.test'
[2015.11.11-19.27.15:872][261]LogBlueprintUserMessages: Late EndPlayMap Detection: Level '/Game/Scenes/test.test:PersistentLevel' has LevelScriptBlueprint '/Game/Scenes/test.test:PersistentLevel.test' with GeneratedClass '/Game/Scenes/test.test_C' with ClassGeneratedBy '/Game/Scenes/test.test:PersistentLevel.test'
[2015.11.11-19.27.15:910][261]LogParticles: Destroying 0 GPU particle simulations for FXSystem 0x0000001F4EB88AE0
[2015.11.11-19.31.03:028][392]LogWindowsTextInputMethodSystem:Display: IME system now deactivated.
[2015.11.11-19.31.03:375][393]Cmd: QUIT_EDITOR
[2015.11.11-19.31.04:567][393]LogExit: Preparing to exit.
[2015.11.11-19.31.06:000][393]LogExit: Editor shut down
[2015.11.11-19.31.06:001][393]LogExit: Transaction tracking system shut down
[2015.11.11-19.31.06:015][393]LogParticles: Destroying 0 GPU particle simulations for FXSystem 0x0000001F5DB99C60
[2015.11.11-19.31.06:015][393]LogParticles: Destroying 0 GPU particle simulations for FXSystem 0x0000001F780FF880
[2015.11.11-19.31.06:019][393]LogParticles: Destroying 0 GPU particle simulations for FXSystem 0x0000001F5DFB5620
[2015.11.11-19.31.06:019][393]LogParticles: Destroying 0 GPU particle simulations for FXSystem 0x0000001F7FB44540
[2015.11.11-19.31.06:019][393]LogParticles: Destroying 0 GPU particle simulations for FXSystem 0x0000001F7FB44360
[2015.11.11-19.31.06:019][393]LogParticles: Destroying 0 GPU particle simulations for FXSystem 0x0000001F0EC5D440
[2015.11.11-19.31.06:022][393]LogParticles: Destroying 0 GPU particle simulations for FXSystem 0x0000001F0EC5CEA0
[2015.11.11-19.31.06:027][393]LogParticles: Destroying 0 GPU particle simulations for FXSystem 0x0000001F282F1DA0
[2015.11.11-19.31.06:030][393]LogParticles: Destroying 0 GPU particle simulations for FXSystem 0x0000001F282F18A0
[2015.11.11-19.31.06:033][393]LogParticles: Destroying 0 GPU particle simulations for FXSystem 0x0000001F2F154680
[2015.11.11-19.31.06:334][393]LogExit: Object subsystem successfully closed.
[2015.11.11-19.31.06:376][393]LogD3D11RHI: Shutdown
[2015.11.11-19.31.06:376][393]LogD3D11RHI: CleanupD3DDevice
[2015.11.11-19.31.06:446][393]LogD3D11RHI: ~FD3D11DynamicRHI
[2015.11.11-19.31.06:497][393]LogModuleManager: Shutting down and abandoning module SequencerWidgets (199)
[2015.11.11-19.31.06:497][393]LogModuleManager: Shutting down and abandoning module BlueprintGraph (198)
[2015.11.11-19.31.06:497][393]LogModuleManager: Shutting down and abandoning module CrashTracker (197)
[2015.11.11-19.31.06:497][393]LogModuleManager: Shutting down and abandoning module SceneOutliner (196)
[2015.11.11-19.31.06:497][393]LogModuleManager: Shutting down and abandoning module SuperSearch (195)
[2015.11.11-19.31.06:497][393]LogModuleManager: Shutting down and abandoning module WidgetCarousel (194)
[2015.11.11-19.31.06:497][393]LogModuleManager: Shutting down and abandoning module AddContentDialog (193)
[2015.11.11-19.31.06:504][393]LogModuleManager: Shutting down and abandoning module EditorWidgets (192)
[2015.11.11-19.31.06:504][393]LogModuleManager: Shutting down and abandoning module CollectionManager (191)
[2015.11.11-19.31.06:505][393]LogModuleManager: Shutting down and abandoning module StatsViewer (190)
[2015.11.11-19.31.06:507][393]LogModuleManager: Shutting down and abandoning module FoliageEdit (189)
[2015.11.11-19.31.06:507][393]LogModuleManager: Shutting down and abandoning module LandscapeEditor (188)
[2015.11.11-19.31.06:509][393]LogModuleManager: Shutting down and abandoning module ActorPickerMode (187)
[2015.11.11-19.31.06:509][393]LogModuleManager: Shutting down and abandoning module GeometryMode (186)
[2015.11.11-19.31.06:509][393]LogModuleManager: Shutting down and abandoning module TextureAlignMode (185)
[2015.11.11-19.31.06:509][393]LogModuleManager: Shutting down and abandoning module BspMode (184)
[2015.11.11-19.31.06:509][393]LogModuleManager: Shutting down and abandoning module PlacementMode (183)
[2015.11.11-19.31.06:509][393]LogModuleManager: Shutting down and abandoning module AutomationWorker (182)
[2015.11.11-19.31.06:509][393]LogModuleManager: Shutting down and abandoning module CharacterAI (181)
[2015.11.11-19.31.06:509][393]LogModuleManager: Shutting down and abandoning module SmartSnapping (180)
[2015.11.11-19.31.06:509][393]LogModuleManager: Shutting down and abandoning module ViewportSnapping (179)
[2015.11.11-19.31.06:509][393]LogModuleManager: Shutting down and abandoning module LogVisualizer (178)
[2015.11.11-19.31.06:511][393]LogModuleManager: Shutting down and abandoning module GameProjectGeneration (177)
[2015.11.11-19.31.06:511][393]LogModuleManager: Shutting down and abandoning module IntroTutorials (176)
[2015.11.11-19.31.06:514][393]LogModuleManager: Shutting down and abandoning module EditorLiveStreaming (175)
[2015.11.11-19.31.06:514][393]LogModuleManager: Shutting down and abandoning module IOSPlatformEditor (174)
[2015.11.11-19.31.06:514][393]LogModuleManager: Shutting down and abandoning module HTML5PlatformEditor (173)
[2015.11.11-19.31.06:514][393]LogModuleManager: Shutting down and abandoning module AndroidDeviceDetection (172)
[2015.11.11-19.31.06:769][393]LogModuleManager: Shutting down and abandoning module AndroidPlatformEditor (171)
[2015.11.11-19.31.06:769][393]LogModuleManager: Shutting down and abandoning module IOSRuntimeSettings (170)
[2015.11.11-19.31.06:769][393]LogModuleManager: Shutting down and abandoning module AndroidRuntimeSettings (169)
[2015.11.11-19.31.06:769][393]LogModuleManager: Shutting down and abandoning module MergeActors (168)
[2015.11.11-19.31.06:770][393]LogModuleManager: Shutting down and abandoning module SizeMap (167)
[2015.11.11-19.31.06:770][393]LogModuleManager: Shutting down and abandoning module TreeMap (166)
[2015.11.11-19.31.06:771][393]LogModuleManager: Shutting down and abandoning module ReferenceViewer (165)
[2015.11.11-19.31.06:771][393]LogModuleManager: Shutting down and abandoning module LocalizationService (164)
[2015.11.11-19.31.06:771][393]LogModuleManager: Shutting down and abandoning module LocalizationDashboard (163)
[2015.11.11-19.31.06:772][393]LogModuleManager: Shutting down and abandoning module HardwareTargeting (162)
[2015.11.11-19.31.06:772][393]LogModuleManager: Shutting down and abandoning module DeviceProfileEditor (161)
[2015.11.11-19.31.06:772][393]LogModuleManager: Shutting down and abandoning module UndoHistory (160)
[2015.11.11-19.31.06:772][393]LogModuleManager: Shutting down and abandoning module GameplayTagsEditor (159)
[2015.11.11-19.31.06:773][393]LogModuleManager: Shutting down and abandoning module UserFeedback (158)
[2015.11.11-19.31.06:773][393]LogModuleManager: Shutting down and abandoning module XmlParser (157)
[2015.11.11-19.31.06:773][393]LogModuleManager: Shutting down and abandoning module Blutility (156)
[2015.11.11-19.31.06:773][393]LogModuleManager: Shutting down and abandoning module ProjectTargetPlatformEditor (155)
[2015.11.11-19.31.06:773][393]LogModuleManager: Shutting down and abandoning module ProjectSettingsViewer (154)
[2015.11.11-19.31.06:773][393]LogModuleManager: Shutting down and abandoning module InputBindingEditor (153)
[2015.11.11-19.31.06:774][393]LogModuleManager: Shutting down and abandoning module EditorSettingsViewer (152)
[2015.11.11-19.31.06:774][393]LogModuleManager: Shutting down and abandoning module SettingsEditor (151)
[2015.11.11-19.31.06:776][393]LogModuleManager: Shutting down and abandoning module ProjectLauncher (150)
[2015.11.11-19.31.06:777][393]LogModuleManager: Shutting down and abandoning module SessionFrontend (149)
[2015.11.11-19.31.06:777][393]LogModuleManager: Shutting down and abandoning module ProfilerClient (148)
[2015.11.11-19.31.06:778][393]LogModuleManager: Shutting down and abandoning module TargetDeviceServices (147)
[2015.11.11-19.31.06:778][393]LogModuleManager: Shutting down and abandoning module DeviceManager (146)
[2015.11.11-19.31.06:779][393]LogModuleManager: Shutting down and abandoning module AutomationController (145)
[2015.11.11-19.31.06:780][393]LogModuleManager: Shutting down and abandoning module AutomationWindow (144)
[2015.11.11-19.31.06:780][393]LogModuleManager: Shutting down and abandoning module Layers (143)
[2015.11.11-19.31.06:783][393]LogModuleManager: Shutting down and abandoning module ComponentVisualizers (142)
[2015.11.11-19.31.06:783][393]LogModuleManager: Shutting down and abandoning module DetailCustomizations (141)
[2015.11.11-19.31.06:784][393]LogModuleManager: Shutting down and abandoning module PackagesDialog (140)
[2015.11.11-19.31.06:785][393]LogModuleManager: Shutting down and abandoning module Persona (139)
[2015.11.11-19.31.06:787][393]LogModuleManager: Shutting down and abandoning module Kismet (138)
[2015.11.11-19.31.06:787][393]LogModuleManager: Shutting down and abandoning module GraphEditor (137)
[2015.11.11-19.31.06:787][393]LogModuleManager: Shutting down and abandoning module ClassViewer (136)
[2015.11.11-19.31.06:787][393]LogModuleManager: Shutting down and abandoning module Toolbox (135)
[2015.11.11-19.31.06:787][393]LogModuleManager: Shutting down and abandoning module ModuleUI (134)
[2015.11.11-19.31.06:788][393]LogModuleManager: Shutting down and abandoning module MovieSceneTools (133)
[2015.11.11-19.31.06:788][393]LogModuleManager: Shutting down and abandoning module OutputLog (132)
[2015.11.11-19.31.06:788][393]LogModuleManager: Shutting down and abandoning module GammaUI (131)
[2015.11.11-19.31.06:789][393]LogModuleManager: Shutting down and abandoning module Documentation (130)
[2015.11.11-19.31.06:789][393]LogModuleManager: Shutting down and abandoning module GameLiveStreaming (129)
[2015.11.11-19.31.06:789][393]LogModuleManager: Shutting down and abandoning module StreamingPauseRendering (128)
[2015.11.11-19.31.06:790][393]LogModuleManager: Shutting down and abandoning module AnalyticsET (127)
[2015.11.11-19.31.06:790][393]LogModuleManager: Shutting down and abandoning module Analytics (126)
[2015.11.11-19.31.06:790][393]LogModuleManager: Shutting down and abandoning module AITestSuite (125)
[2015.11.11-19.31.06:790][393]LogModuleManager: Shutting down and abandoning module GameplayDebugger (124)
[2015.11.11-19.31.06:790][393]LogModuleManager: Shutting down and abandoning module AIModule (123)
[2015.11.11-19.31.06:790][393]LogModuleManager: Shutting down and abandoning module ProfilerService (122)
[2015.11.11-19.31.07:018][393]LogModuleManager: Shutting down and abandoning module TaskGraph (121)
[2015.11.11-19.31.07:020][393]LogModuleManager: Shutting down and abandoning module SlateRemote (120)
[2015.11.11-19.31.07:020][393]LogModuleManager: Shutting down and abandoning module SteamVRController (119)
[2015.11.11-19.31.07:020][393]LogModuleManager: Shutting down and abandoning module SteamVR (118)
[2015.11.11-19.31.07:020][393]LogModuleManager: Shutting down and abandoning module ProceduralMeshComponent (117)
[2015.11.11-19.31.07:020][393]LogModuleManager: Shutting down and abandoning module OculusRift (116)
[2015.11.11-19.31.07:020][393]LogModuleManager: Shutting down and abandoning module OculusLibrary (115)
[2015.11.11-19.31.07:020][393]LogModuleManager: Shutting down and abandoning module LeapMotionController (114)
[2015.11.11-19.31.07:035][393]LogModuleManager: Shutting down and abandoning module CustomMeshComponent (113)
[2015.11.11-19.31.07:036][393]LogModuleManager: Shutting down and abandoning module CableComponent (112)
[2015.11.11-19.31.07:036][393]LogModuleManager: Shutting down and abandoning module ArchVisCharacter (111)
[2015.11.11-19.31.07:036][393]LogModuleManager: Shutting down and abandoning module MessagingDebugger (110)
[2015.11.11-19.31.07:038][393]LogModuleManager: Shutting down and abandoning module MediaPlayerEditor (109)
[2015.11.11-19.31.07:040][393]LogModuleManager: Shutting down and abandoning module HTML5Networking (108)
[2015.11.11-19.31.07:040][393]LogModuleManager: Shutting down and abandoning module SpeedTreeImporter (107)
[2015.11.11-19.31.07:040][393]LogModuleManager: Shutting down and abandoning module PluginBrowser (106)
[2015.11.11-19.31.07:041][393]LogModuleManager: Shutting down and abandoning module EpicSurvey (105)
[2015.11.11-19.31.07:041][393]LogModuleManager: Shutting down and abandoning module DesktopPlatform (104)
[2015.11.11-19.31.07:041][393]LogModuleManager: Shutting down and abandoning module VisualStudioSourceCodeAccess (103)
[2015.11.11-19.31.07:042][393]LogModuleManager: Shutting down and abandoning module UObjectPlugin (102)
[2015.11.11-19.31.07:042][393]LogModuleManager: Shutting down and abandoning module SubversionSourceControl (101)
[2015.11.11-19.31.07:043][393]LogModuleManager: Shutting down and abandoning module PerforceSourceControl (100)
[2015.11.11-19.31.07:045][393]LogModuleManager: Shutting down and abandoning module SourceControl (99)
[2015.11.11-19.31.07:045][393]LogModuleManager: Shutting down and abandoning module GitSourceControl (98)
[2015.11.11-19.31.07:046][393]LogModuleManager: Shutting down and abandoning module LightPropagationVolumeEditor (97)
[2015.11.11-19.31.07:046][393]LogModuleManager: Shutting down and abandoning module PaperTiledImporter (96)
[2015.11.11-19.31.07:046][393]LogModuleManager: Shutting down and abandoning module PaperSpriteSheetImporter (95)
[2015.11.11-19.31.07:047][393]LogModuleManager: Shutting down and abandoning module MeshPaint (94)
[2015.11.11-19.31.07:047][393]LogModuleManager: Shutting down and abandoning module SlateReflector (93)
[2015.11.11-19.31.07:065][393]LogModuleManager: Shutting down and abandoning module HotReload (92)
[2015.11.11-19.31.07:066][393]LogModuleManager: Shutting down and abandoning module MainFrame (91)
[2015.11.11-19.31.07:066][393]LogModuleManager: Shutting down and abandoning module LevelEditor (90)
[2015.11.11-19.31.07:067][393]LogModuleManager: Shutting down and abandoning module DirectoryWatcher (89)
[2015.11.11-19.31.07:073][393]LogModuleManager: Shutting down and abandoning module AssetRegistry (88)
[2015.11.11-19.31.07:234][393]LogModuleManager: Shutting down and abandoning module ContentBrowser (87)
[2015.11.11-19.31.07:235][393]LogModuleManager: Shutting down and abandoning module Paper2DEditor (86)
[2015.11.11-19.31.07:236][393]LogModuleManager: Shutting down and abandoning module UdpMessaging (85)
[2015.11.11-19.31.07:338][393]LogModuleManager: Shutting down and abandoning module LightPropagationVolumeRuntime (84)
[2015.11.11-19.31.07:338][393]LogModuleManager: Shutting down and abandoning module Paper2D (83)
[2015.11.11-19.31.07:338][393]LogModuleManager: Shutting down and abandoning module WindowsMoviePlayer (82)
[2015.11.11-19.31.07:342][393]LogModuleManager: Shutting down and abandoning module Media (81)
[2015.11.11-19.31.07:342][393]LogModuleManager: Shutting down and abandoning module WmfMedia (80)
[2015.11.11-19.31.07:354][393]LogModuleManager: Shutting down and abandoning module OnlineBlueprintSupport (79)
[2015.11.11-19.31.07:354][393]LogModuleManager: Shutting down and abandoning module GameplayTasksEditor (78)
[2015.11.11-19.31.07:354][393]LogModuleManager: Shutting down and abandoning module PropertyEditor (77)
[2015.11.11-19.31.07:354][393]LogModuleManager: Shutting down and abandoning module BehaviorTreeEditor (76)
[2015.11.11-19.31.07:356][393]LogModuleManager: Shutting down and abandoning module FunctionalTesting (75)
[2015.11.11-19.31.07:356][393]LogModuleManager: Shutting down and abandoning module CollisionAnalyzer (74)
[2015.11.11-19.31.07:357][393]LogModuleManager: Shutting down and abandoning module WorkspaceMenuStructure (73)
[2015.11.11-19.31.07:357][393]LogModuleManager: Shutting down and abandoning module MessageLog (72)
[2015.11.11-19.31.07:357][393]LogModuleManager: Shutting down and abandoning module Sequencer (71)
[2015.11.11-19.31.07:357][393]LogModuleManager: Shutting down and abandoning module AssetTools (70)
[2015.11.11-19.31.07:360][393]LogModuleManager: Shutting down and abandoning module UMGEditor (69)
[2015.11.11-19.31.07:360][393]LogModuleManager: Shutting down and abandoning module UMG (68)
[2015.11.11-19.31.07:360][393]LogModuleManager: Shutting down and abandoning module Slate (67)
[2015.11.11-19.31.07:360][393]LogModuleManager: Shutting down and abandoning module EditorStyle (66)
[2015.11.11-19.31.07:363][393]LogModuleManager: Shutting down and abandoning module SessionServices (65)
[2015.11.11-19.31.07:363][393]LogModuleManager: Shutting down and abandoning module SourceCodeAccess (64)
[2015.11.11-19.31.07:363][393]LogModuleManager: Shutting down and abandoning module HeadMountedDisplay (63)
[2015.11.11-19.31.07:363][393]LogModuleManager: Shutting down and abandoning module XAudio2 (62)
[2015.11.11-19.31.07:363][393]LogModuleManager: Shutting down and abandoning module Networking (60)
[2015.11.11-19.31.07:363][393]LogModuleManager: Shutting down and abandoning module Core (59)
[2015.11.11-19.31.07:363][393]LogModuleManager: Shutting down and abandoning module KismetCompiler (58)
[2015.11.11-19.31.07:363][393]LogModuleManager: Shutting down and abandoning module PhysXFormats (57)
[2015.11.11-19.31.07:363][393]LogModuleManager: Shutting down and abandoning module MeshUtilities (56)
[2015.11.11-19.31.07:364][393]LogModuleManager: Shutting down and abandoning module CookingStats (55)
[2015.11.11-19.31.07:365][393]LogModuleManager: Shutting down and abandoning module DerivedDataCache (54)
[2015.11.11-19.31.07:428][393]LogDerivedDataCache: Shutdown
[2015.11.11-19.31.07:428][393]LogModuleManager: Shutting down and abandoning module ShaderFormatOpenGL (53)
[2015.11.11-19.31.07:428][393]LogModuleManager: Shutting down and abandoning module ShaderFormatD3D (52)
[2015.11.11-19.31.07:429][393]LogModuleManager: Shutting down and abandoning module MetalShaderFormat (51)
[2015.11.11-19.31.07:429][393]LogModuleManager: Shutting down and abandoning module TextureFormatUncompressed (50)
[2015.11.11-19.31.07:429][393]LogModuleManager: Shutting down and abandoning module TextureFormatPVR (49)
[2015.11.11-19.31.07:430][393]LogModuleManager: Shutting down and abandoning module TextureFormatIntelISPCTexComp (48)
[2015.11.11-19.31.07:431][393]LogModuleManager: Shutting down and abandoning module TextureFormatDXT (47)
[2015.11.11-19.31.07:431][393]LogModuleManager: Shutting down and abandoning module ImageWrapper (46)
[2015.11.11-19.31.07:431][393]LogModuleManager: Shutting down and abandoning module TextureFormatASTC (45)
[2015.11.11-19.31.07:431][393]LogModuleManager: Shutting down and abandoning module TextureFormatAndroid (44)
[2015.11.11-19.31.07:431][393]LogModuleManager: Shutting down and abandoning module AudioFormatOpus (43)
[2015.11.11-19.31.07:432][393]LogModuleManager: Shutting down and abandoning module AudioFormatOgg (42)
[2015.11.11-19.31.07:432][393]LogModuleManager: Shutting down and abandoning module AudioFormatADPCM (41)
[2015.11.11-19.31.07:432][393]LogModuleManager: Shutting down and abandoning module LinuxTargetPlatform (40)
[2015.11.11-19.31.07:432][393]LogModuleManager: Shutting down and abandoning module LinuxServerTargetPlatform (39)
[2015.11.11-19.31.07:433][393]LogModuleManager: Shutting down and abandoning module LinuxNoEditorTargetPlatform (38)
[2015.11.11-19.31.07:433][393]LogModuleManager: Shutting down and abandoning module Messaging (37)
[2015.11.11-19.31.07:433][393]LogModuleManager: Shutting down and abandoning module IOSTargetPlatform (36)
[2015.11.11-19.31.07:433][393]LogModuleManager: Shutting down and abandoning module HTML5TargetPlatform (35)
[2015.11.11-19.31.07:433][393]LogModuleManager: Shutting down and abandoning module Android_PVRTCTargetPlatform (34)
[2015.11.11-19.31.07:434][393]LogModuleManager: Shutting down and abandoning module Android_ETC2TargetPlatform (33)
[2015.11.11-19.31.07:434][393]LogModuleManager: Shutting down and abandoning module Android_ETC1TargetPlatform (32)
[2015.11.11-19.31.07:434][393]LogModuleManager: Shutting down and abandoning module Android_DXTTargetPlatform (31)
[2015.11.11-19.31.07:435][393]LogModuleManager: Shutting down and abandoning module Android_ATCTargetPlatform (30)
[2015.11.11-19.31.07:435][393]LogModuleManager: Shutting down and abandoning module Android_ASTCTargetPlatform (29)
[2015.11.11-19.31.07:436][393]LogModuleManager: Shutting down and abandoning module AndroidTargetPlatform (28)
[2015.11.11-19.31.07:436][393]LogModuleManager: Shutting down and abandoning module WindowsTargetPlatform (27)
[2015.11.11-19.31.07:436][393]LogModuleManager: Shutting down and abandoning module WindowsServerTargetPlatform (26)
[2015.11.11-19.31.07:437][393]LogModuleManager: Shutting down and abandoning module WindowsNoEditorTargetPlatform (25)
[2015.11.11-19.31.07:437][393]LogModuleManager: Shutting down and abandoning module WindowsClientTargetPlatform (24)
[2015.11.11-19.31.07:438][393]LogModuleManager: Shutting down and abandoning module AllDesktopTargetPlatform (23)
[2015.11.11-19.31.07:438][393]LogModuleManager: Shutting down and abandoning module TargetPlatform (22)
[2015.11.11-19.31.07:438][393]LogModuleManager: Shutting down and abandoning module InputCore (21)
[2015.11.11-19.31.07:438][393]LogModuleManager: Shutting down and abandoning module Settings (20)
[2015.11.11-19.31.07:438][393]LogModuleManager: Shutting down and abandoning module OnlineSubsystem (18)
[2015.11.11-19.31.07:438][393]LogModuleManager: Shutting down and abandoning module HTTP (17)
[2015.11.11-19.31.09:441][393]LogModuleManager: Shutting down and abandoning module XMPP (16)
[2015.11.11-19.31.09:446][393]LogModuleManager: Shutting down and abandoning module ExampleDeviceProfileSelector (15)
[2015.11.11-19.31.09:446][393]LogModuleManager: Shutting down and abandoning module TextureCompressor (14)
[2015.11.11-19.31.09:447][393]LogModuleManager: Shutting down and abandoning module ShaderCore (13)
[2015.11.11-19.31.09:447][393]LogModuleManager: Shutting down and abandoning module Landscape (12)
[2015.11.11-19.31.09:447][393]LogModuleManager: Shutting down and abandoning module SlateRHIRenderer (11)
[2015.11.11-19.31.09:468][393]LogModuleManager: Shutting down and abandoning module OpenGLDrv (10)
[2015.11.11-19.31.09:469][393]LogModuleManager: Shutting down and abandoning module D3D11RHI (9)
[2015.11.11-19.31.09:469][393]LogModuleManager: Shutting down and abandoning module AnimGraphRuntime (8)
[2015.11.11-19.31.09:469][393]LogModuleManager: Shutting down and abandoning module Renderer (7)
[2015.11.11-19.31.09:469][393]LogModuleManager: Shutting down and abandoning module Engine (6)
[2015.11.11-19.31.09:469][393]LogModuleManager: Shutting down and abandoning module CoreUObject (5)
[2015.11.11-19.31.09:469][393]LogModuleManager: Shutting down and abandoning module NetworkFile (4)
[2015.11.11-19.31.09:470][393]LogModuleManager: Shutting down and abandoning module StreamingFile (3)
[2015.11.11-19.31.09:470][393]LogModuleManager: Shutting down and abandoning module SandboxFile (2)
[2015.11.11-19.31.09:471][393]LogModuleManager: Shutting down and abandoning module PakFile (1)
[2015.11.11-19.31.09:472][393]LogExit: Exiting.
[2015.11.11-19.31.09:476][393]Log file closed, 11/11/15 21:31:09
