[2015.11.04-19.12.55:142][  0]Log file open, 11/04/15 22:12:55
[2015.11.04-19.12.55:142][  0]LogInit:Display: Running engine for game: Epidemic_Source
[2015.11.04-19.12.55:142][  0]LogInit:Display: RandInit(1784259608) SRandInit(1784259610).
[2015.11.04-19.12.55:142][  0]LogTaskGraph: Started task graph with 4 named threads and 5 total threads.
[2015.11.04-19.12.55:142][  0]LogStats: Stats thread started at 0.252500
[2015.11.04-19.12.55:142][  0]LogInit: Version: 4.9.2-2707645+++depot+UE4-Releases+4.9
[2015.11.04-19.12.55:142][  0]LogInit: API Version: 2672455
[2015.11.04-19.12.55:142][  0]LogInit: Compiled (64-bit): Sep 28 2015 10:25:44
[2015.11.04-19.12.55:142][  0]LogInit: Compiled with Visual C++: 18.00.21005.01
[2015.11.04-19.12.55:142][  0]LogInit: Build Configuration: Development
[2015.11.04-19.12.55:142][  0]LogInit: Branch Name: ++depot+UE4-Releases+4.9
[2015.11.04-19.12.55:143][  0]LogInit: Command line:  
[2015.11.04-19.12.55:143][  0]LogInit: Base directory: C:/Program Files/Epic Games/4.9/Engine/Binaries/Win64/
[2015.11.04-19.12.55:143][  0]LogInit: Rocket: 1
[2015.11.04-19.12.55:184][  0]LogInit: Using libcurl 7.41.0
[2015.11.04-19.12.55:184][  0]LogInit:  - built for x86_64-pc-win32
[2015.11.04-19.12.55:184][  0]LogInit:  - supports SSL with WinSSL
[2015.11.04-19.12.55:184][  0]LogInit:  - other features:
[2015.11.04-19.12.55:184][  0]LogInit:      CURL_VERSION_SSL
[2015.11.04-19.12.55:184][  0]LogInit:      CURL_VERSION_IPV6
[2015.11.04-19.12.55:184][  0]LogInit:      CURL_VERSION_ASYNCHDNS
[2015.11.04-19.12.55:184][  0]LogInit:      CURL_VERSION_LARGEFILE
[2015.11.04-19.12.55:184][  0]LogInit:      CURL_VERSION_IDN
[2015.11.04-19.12.55:184][  0]LogInit:  CurlRequestOptions (configurable via config and command line):
[2015.11.04-19.12.55:184][  0]LogInit:  - bVerifyPeer = true  - Libcurl will verify peer certificate
[2015.11.04-19.12.55:184][  0]LogInit:  - bUseHttpProxy = false  - Libcurl will NOT use HTTP proxy
[2015.11.04-19.12.55:184][  0]LogInit:  - bDontReuseConnections = false  - Libcurl will reuse connections
[2015.11.04-19.12.55:184][  0]LogInit:  - CertBundlePath = nullptr  - Libcurl will use whatever was configured at build time.
[2015.11.04-19.12.55:230][  0]LogInit: Presizing for 0 objects not considered by GC, pre-allocating 0 bytes.
[2015.11.04-19.12.55:259][  0]LogInit: Object subsystem initialized
[2015.11.04-19.12.55:264][  0]LogInit: Selected Device Profile: [Windows]
[2015.11.04-19.12.55:264][  0]LogInit: Applying CVar settings loaded from the selected device profile: [Windows]
[2015.11.04-19.12.55:294][  0]LogInit: Computer: DESKTOP-U1QAGFR
[2015.11.04-19.12.55:294][  0]LogInit: User: Aurora
[2015.11.04-19.12.55:294][  0]LogInit: CPU Page size=4096, Cores=2
[2015.11.04-19.12.55:294][  0]LogInit: High frequency timer resolution =2.728068 MHz
[2015.11.04-19.12.55:294][  0]LogMemory: Memory total: Physical=7.9GB (8GB approx)
[2015.11.04-19.12.55:294][  0]LogMemory: Platform Memory Stats for Windows
[2015.11.04-19.12.55:294][  0]LogMemory: Process Physical Memory: 53.79 MB used, 53.79 MB peak
[2015.11.04-19.12.55:294][  0]LogMemory: Process Virtual Memory: 55.32 MB used, 55.32 MB peak
[2015.11.04-19.12.55:294][  0]LogMemory: Physical Memory: 3883.04 MB used, 8080.91 MB total
[2015.11.04-19.12.55:295][  0]LogMemory: Virtual Memory: 363.69 MB used, 134217728.00 MB total
[2015.11.04-19.12.55:466][  0]LogTextLocalizationManager: No specific translations for ('en-GB') exist, so ('en') translations will be used.
[2015.11.04-19.12.58:634][  0]LogD3D11RHI: Found D3D11 adapter 0: NVIDIA GeForce GTX 950M       (Feature Level 11_0)
[2015.11.04-19.12.58:634][  0]LogD3D11RHI: Adapter has 1995MB of dedicated video memory, 0MB of dedicated system memory, and 4040MB of shared system memory, 1 output[s]
[2015.11.04-19.12.58:651][  0]LogD3D11RHI: Found D3D11 adapter 1: Intel(R) HD Graphics 4600 (Feature Level 11_0)
[2015.11.04-19.12.58:651][  0]LogD3D11RHI: Adapter has 112MB of dedicated video memory, 0MB of dedicated system memory, and 4040MB of shared system memory, 0 output[s]
[2015.11.04-19.12.58:655][  0]LogD3D11RHI: Found D3D11 adapter 2: Microsoft Basic Render Driver (Feature Level 11_0)
[2015.11.04-19.12.58:655][  0]LogD3D11RHI: Adapter has 0MB of dedicated video memory, 0MB of dedicated system memory, and 4040MB of shared system memory, 0 output[s]
[2015.11.04-19.12.58:655][  0]LogD3D11RHI: Chosen D3D11 Adapter Id = 0
[2015.11.04-19.12.58:668][  0]LogD3D11RHI: !Direct3DDevice
[2015.11.04-19.12.58:668][  0]LogRHI: Texture pool is 1361 MB (70% of 1945 MB)
[2015.11.04-19.12.58:700][  0]LogD3D11RHI: Async texture creation enabled
[2015.11.04-19.12.58:722][  0]LogShaderCompilers: Guid format shader working directory is 15 characters bigger than the processId version (../../../../../../Users/Aurora/Desktop/EpidemicGameProject/Epidemic_Source/Intermediate/Shaders/WorkingDirectory/4432/).
[2015.11.04-19.12.58:722][  0]LogShaderCompilers: Cleaned the shader compiler working directory '../../../../../../Users/Aurora/Desktop/EpidemicGameProject/Epidemic_Source/Intermediate/Shaders/tmp/E6CD12B8401D5CCF201AA8A195A0A0CD/'.
[2015.11.04-19.12.58:723][  0]LogShaderCompilers:Display: Using Local Shader Compiler.
[2015.11.04-19.13.03:908][  0]LogTemp:Display: Loaded TP AllDesktopTargetPlatform
[2015.11.04-19.13.03:945][  0]LogTemp:Display: Loaded TP WindowsClientTargetPlatform
[2015.11.04-19.13.03:970][  0]LogTemp:Display: Loaded TP WindowsNoEditorTargetPlatform
[2015.11.04-19.13.04:006][  0]LogTemp:Display: Loaded TP WindowsServerTargetPlatform
[2015.11.04-19.13.04:038][  0]LogTemp:Display: Loaded TP WindowsTargetPlatform
[2015.11.04-19.13.04:056][  0]LogTemp:Display: Loaded TP AndroidTargetPlatform
[2015.11.04-19.13.04:073][  0]LogTemp:Display: Loaded TP Android_ASTCTargetPlatform
[2015.11.04-19.13.04:090][  0]LogTemp:Display: Loaded TP Android_ATCTargetPlatform
[2015.11.04-19.13.04:111][  0]LogTemp:Display: Loaded TP Android_DXTTargetPlatform
[2015.11.04-19.13.04:134][  0]LogTemp:Display: Loaded TP Android_ETC1TargetPlatform
[2015.11.04-19.13.04:151][  0]LogTemp:Display: Loaded TP Android_ETC2TargetPlatform
[2015.11.04-19.13.04:166][  0]LogTemp:Display: Loaded TP Android_PVRTCTargetPlatform
[2015.11.04-19.13.04:169][  0]LogTemp:Display: Loaded TP HTML5TargetPlatform
[2015.11.04-19.13.04:209][  0]LogTemp:Display: Loaded TP IOSTargetPlatform
[2015.11.04-19.13.04:226][  0]LogTemp:Display: Loaded TP LinuxNoEditorTargetPlatform
[2015.11.04-19.13.04:238][  0]LogTemp:Display: Loaded TP LinuxServerTargetPlatform
[2015.11.04-19.13.04:254][  0]LogTemp:Display: Loaded TP LinuxTargetPlatform
[2015.11.04-19.13.04:254][  0]LogTargetPlatformManager:Display: Building Assets For Windows
[2015.11.04-19.13.04:732][  0]LogDerivedDataCache:Display: Max Cache Size: 512 MB
[2015.11.04-19.13.04:880][  0]LogDerivedDataCache: Loaded boot cache 0.15s 41MB C:/Users/Aurora/AppData/Local/UnrealEngine/4.9/DerivedDataCache/Boot.ddc.
[2015.11.04-19.13.04:880][  0]LogDerivedDataCache:Display: Loaded Boot cache: C:/Users/Aurora/AppData/Local/UnrealEngine/4.9/DerivedDataCache/Boot.ddc
[2015.11.04-19.13.04:880][  0]LogDerivedDataCache: FDerivedDataBackendGraph:  Pak pak cache file ../../../../../../Users/Aurora/Desktop/EpidemicGameProject/Epidemic_Source/DerivedDataCache/DDC.ddp not found, will not use a pak cache.
[2015.11.04-19.13.04:880][  0]LogDerivedDataCache: Unable to find inner node Pak for hierarchical cache Hierarchy.
[2015.11.04-19.13.04:881][  0]LogDerivedDataCache: FDerivedDataBackendGraph:  CompressedPak pak cache file ../../../../../../Users/Aurora/Desktop/EpidemicGameProject/Epidemic_Source/DerivedDataCache/Compressed.ddp not found, will not use a pak cache.
[2015.11.04-19.13.04:881][  0]LogDerivedDataCache: Unable to find inner node CompressedPak for hierarchical cache Hierarchy.
[2015.11.04-19.13.05:501][  0]LogDerivedDataCache:Display: Pak cache opened for reading ../../../Engine/DerivedDataCache/Compressed.ddp.
[2015.11.04-19.13.05:529][  0]LogDerivedDataCache: Using Local data cache path C:/Users/Aurora/AppData/Local/UnrealEngine/Common/DerivedDataCache: Writable
[2015.11.04-19.13.06:455][  0]LogInit: Selected Device Profile: [Windows]
[2015.11.04-19.13.06:467][  0]LogContentStreaming: Texture pool size is 0.000000MB
[2015.11.04-19.13.07:059][  0]LogMeshUtilities: No automatic mesh reduction module available
[2015.11.04-19.13.07:059][  0]LogMeshUtilities: No automatic mesh merging module available
[2015.11.04-19.13.07:898][  0]LogInit: WinSock: version 1.1 (2.2), MaxSocks=32767, MaxUdp=65467
[2015.11.04-19.13.10:689][  0]UdpMessaging: Initializing bridge on interface 0.0.0.0:0 to multicast group 230.0.0.1:6666.
[2015.11.04-19.13.10:947][  0]LogAssetRegistry: FAssetRegistry took 0.0119 seconds to start up
[2015.11.04-19.13.11:924][  0]SourceControl: Info Source control is disabled
[2015.11.04-19.13.11:963][  0]SourceControl: Info Source control is disabled
[2015.11.04-19.13.12:035][  0]SourceControl: Info Source control is disabled
[2015.11.04-19.13.12:121][  0]SourceControl: Info Source control is disabled
[2015.11.04-19.13.13:010][  0]LogLinker:Warning: Asset '../../../Engine/Plugins/Runtime/LeapMotionController/Content/LM_PassthroughMaterial.uasset' has been saved with empty engine version. The asset will be loaded but may be incompatible.
[2015.11.04-19.13.13:414][  0]LogObj: 28361 objects as part of root set at end of initial load.
[2015.11.04-19.13.13:414][  0]LogUObjectAllocator: 6038872 out of 0 bytes used by permanent object pool.
[2015.11.04-19.13.13:624][  0]LogEngine: Initializing Engine...
[2015.11.04-19.13.13:640][  0]LogHMD: Can't find Oculus library dev build: is proper Runtime installed? Version: 0.7.0.0
[2015.11.04-19.13.13:641][  0]LogHMD: SteamVR failed to initialize.  Err: 110
[2015.11.04-19.13.14:150][  0]LogAIModule: Creating AISystem for world NewWorld
[2015.11.04-19.13.14:372][  0]LogInit: XAudio2 using 'Hoparlör (Conexant SmartAudio HD)' : 2 channels at 48 kHz using 32 bits per sample (channel mask 0x3)
[2015.11.04-19.13.14:623][  0]LogInit: FAudioDevice initialized.
[2015.11.04-19.13.14:682][  0]LogDerivedDataCache: Saved boot cache 0.06s 41MB C:/Users/Aurora/AppData/Local/UnrealEngine/4.9/DerivedDataCache/Boot.ddc.
[2015.11.04-19.13.14:690][  0]LogInit: Texture streaming: Enabled
[2015.11.04-19.13.14:730][  0]LogAnalytics: Creating configured Analytics provider AnalyticsET
[2015.11.04-19.13.14:730][  0]LogAnalytics: [UEEditor.Rocket.Release] APIServer = http://et2.epicgames.com/ET2/. AppVersion = 4.9.2-2707645+++depot+UE4-Releases+4.9
[2015.11.04-19.13.14:730][  0]LogAnalytics: [UEEditor.Rocket.Release] SetUserId 47c2a0864facb179fd28fbbd9dfcbacc|8e6e94bf73614037b9dcd8eab5c5aaf0|cf60bf3e-9968-48d2-a09d-0309a61d01c0
[2015.11.04-19.13.14:731][  0]LogAnalytics: [UEEditor.Rocket.Release] AnalyticsET::StartSession
[2015.11.04-19.13.14:780][  0]LogWindowsTextInputMethodSystem:Display: IME system now deactivated.
[2015.11.04-19.13.14:862][  0]LogInit: Transaction tracking system initialized
[2015.11.04-19.13.15:077][  0]BlueprintLog: New page: Editor Load
[2015.11.04-19.13.15:577][  0]LocalizationService: Info Localization service is disabled
[2015.11.04-19.13.15:843][  0]LogLinker:Warning: Can't find file '/Game/FirstPersonBP/FirstPersonOverview'
[2015.11.04-19.13.15:843][  0]LogLinker:Warning: Can't find file '/Game/FirstPersonBP/FirstPersonOverview'
[2015.11.04-19.13.15:844][  0]LogUObjectGlobals:Warning: Failed to find object 'Class /Game/FirstPersonBP/FirstPersonOverview.FirstPersonOverview_C'
[2015.11.04-19.13.15:897][  0]LogConsoleResponse:Display: 
[2015.11.04-19.13.16:398][  0]LogCook:Display: Done creating registry. It took  0.00s.
[2015.11.04-19.13.16:778][  0]LogFileCache: Scanning file cache for directory 'C:/Users/Aurora/Desktop/EpidemicGameProject/Epidemic_Source/Content/' took 0.01s
[2015.11.04-19.13.16:778][  0]SourceControl: Info Source control is disabled
[2015.11.04-19.13.16:779][  0]Cmd: MAP LOAD FILE="../../../Engine/Content/Maps/Templates/Template_Default.umap" TEMPLATE=1 SHOWPROGRESS=1 FEATURELEVEL=3
[2015.11.04-19.13.16:780][  0]LightingResults: New page: Lighting Build
[2015.11.04-19.13.16:794][  0]MapCheck: New page: Map Check
[2015.11.04-19.13.16:794][  0]LightingResults: New page: Lighting Build
[2015.11.04-19.13.16:850][  0]LogParticles: Destroying 0 GPU particle simulations for FXSystem 0x000000ECFDBB2160
[2015.11.04-19.13.17:740][  0]LogAIModule: Creating AISystem for world Untitled_1
[2015.11.04-19.13.17:756][  0]LogEditorServer: Finished looking for orphan Actors (0.000 secs)
[2015.11.04-19.13.17:766][  0]Cmd: MAP CHECKDEP NOCLEARLOG
[2015.11.04-19.13.17:953][  0]MapCheck: Info Map check complete: 0 Error(s), 0 Warning(s), took 186.535ms to complete.
[2015.11.04-19.13.17:953][  0]LogFileHelpers: Loading map 'Template_Default' took 1.175
[2015.11.04-19.13.18:088][  0]LogCollectionManager: Loaded 0 collections in 0.010140 seconds
[2015.11.04-19.13.18:147][  0]LogFileCache: Scanning file cache for directory 'C:/Users/Aurora/Desktop/EpidemicGameProject/Epidemic_Source/Saved/Collections/' took 0.01s
[2015.11.04-19.13.18:147][  0]LogFileCache: Scanning file cache for directory 'C:/Users/Aurora/Desktop/EpidemicGameProject/Epidemic_Source/Content/Developers/Aurora/Collections/' took 0.01s
[2015.11.04-19.13.18:147][  0]LogFileCache: Scanning file cache for directory 'C:/Users/Aurora/Desktop/EpidemicGameProject/Epidemic_Source/Content/Collections/' took 0.01s
[2015.11.04-19.13.18:147][  0]LogContentBrowser: Native class hierarchy populated in 0.0188 seconds. Added 1867 classes and 333 folders.
[2015.11.04-19.13.18:160][  0]LogCollectionManager: Rebuilt the GUID cache for 0 collections in 0.000005 seconds
[2015.11.04-19.13.18:183][  0]LogContentBrowser: Native class hierarchy updated for 'WidgetCarousel' in 0.0008 seconds. Added 0 classes and 0 folders.
[2015.11.04-19.13.18:347][  0]LogContentBrowser: Native class hierarchy updated for 'AddContentDialog' in 0.0008 seconds. Added 0 classes and 0 folders.
[2015.11.04-19.13.18:448][  0]LogContentBrowser: Native class hierarchy updated for 'SceneOutliner' in 0.0009 seconds. Added 1 classes and 2 folders.
[2015.11.04-19.13.18:524][  0]LogCrashTracker: Crashtracker disabled due to settings.
[2015.11.04-19.13.18:537][  0]LogUObjectGlobals:Warning: Failed to find object 'Class None.'
[2015.11.04-19.13.18:561][  0]LogLoad: Full Startup: 26.24 seconds (BP compile: 0.15 seconds)
[2015.11.04-19.13.18:703][  0]LogContentStreaming: Texture pool size now 1000 MB
[2015.11.04-19.13.18:937][  0]LogRenderer: Reallocating scene render targets to support 876x572 (Frame:2).
[2015.11.04-19.13.19:850][ 20]LogAssetRegistry: Asset discovery search completed in 8.9154 seconds
[2015.11.04-19.13.19:850][ 20]LogCollectionManager: Rebuilt the object cache for 0 collections in 0.000001 seconds (found 0 objects)
[2015.11.04-19.13.19:850][ 20]LogCollectionManager: Fixed up redirectors for 0 collections in 0.000040 seconds (updated 0 objects)
[2015.11.04-19.13.32:697][693]LogLinker:Warning: Asset '../../../Engine/Content/ArtTools/RenderToTexture/Macros/RenderToTextureMacros.uasset' has been saved with empty engine version. The asset will be loaded but may be incompatible.
[2015.11.04-19.13.35:990][693]LogContentBrowser: Native class hierarchy updated for 'BlueprintGraph' in 0.0039 seconds. Added 107 classes and 0 folders.
[2015.11.04-19.13.41:874][693]LogActor:Warning: GameNetworkManager /Engine/Transient.World_3:PersistentLevel.GameNetworkManager_0 has natively added scene component(s), but none of them were set as the actor's RootComponent - picking one arbitrarily
[2015.11.04-19.14.11:131][968]LogPlayLevel: PlayLevel: No blueprints needed recompiling
[2015.11.04-19.14.11:190][968]PIE: New page: PIE session: Untitled_1 (5 Nov 2015 00:14:11)
[2015.11.04-19.14.11:200][968]LogPlayLevel: Creating play world package: /Temp/UEDPIE_0_Untitled_1
[2015.11.04-19.14.11:247][968]LogPlayLevel: PIE: StaticDuplicateObject took: (0.046687s)
[2015.11.04-19.14.11:251][968]LogAIModule: Creating AISystem for world Untitled_1
[2015.11.04-19.14.11:252][968]LogPlayLevel: PIE: World Init took: (0.004685s)
[2015.11.04-19.14.11:266][968]LogPlayLevel: PIE: Created PIE world by copying editor world from /Temp/Untitled_1.Untitled_1 to /Temp/UEDPIE_0_Untitled_1.Untitled_1 (0.066330s)
[2015.11.04-19.14.11:768][968]LogInit: XAudio2 using 'Hoparlör (Conexant SmartAudio HD)' : 2 channels at 48 kHz using 32 bits per sample (channel mask 0x3)
[2015.11.04-19.14.12:042][968]LogInit: FAudioDevice initialized.
[2015.11.04-19.14.12:278][968]LogWorld: Game class is 'GameMode'
[2015.11.04-19.14.12:296][968]LogWorld: Bringing World /Temp/UEDPIE_0_Untitled_1.Untitled_1 up for play (max tick rate 0) at 2015.11.04-22.14.12
[2015.11.04-19.14.12:296][968]LogActor:Warning: GameSession /Temp/UEDPIE_0_Untitled_1.Untitled_1:PersistentLevel.GameSession_0 has natively added scene component(s), but none of them were set as the actor's RootComponent - picking one arbitrarily
[2015.11.04-19.14.12:298][968]LogActor:Warning: GameNetworkManager /Temp/UEDPIE_0_Untitled_1.Untitled_1:PersistentLevel.GameNetworkManager_1 has natively added scene component(s), but none of them were set as the actor's RootComponent - picking one arbitrarily
[2015.11.04-19.14.12:309][968]LogWorld: Bringing up level for play took: 0.023276
[2015.11.04-19.14.12:551][968]PIE: Info Play in editor start time for /Temp/UEDPIE_0_Untitled_1 1.951
[2015.11.04-19.14.28:614][275]LogParticles: Destroying 0 GPU particle simulations for FXSystem 0x000000ECB74689A0
[2015.11.04-19.14.29:818][310]LogPlayLevel: PlayLevel: No blueprints needed recompiling
[2015.11.04-19.14.29:818][310]PIE: New page: PIE session: Untitled_1 (5 Nov 2015 00:14:29)
[2015.11.04-19.14.29:818][310]LogPlayLevel: Creating play world package: /Temp/UEDPIE_0_Untitled_1
[2015.11.04-19.14.29:828][310]LogPlayLevel: PIE: StaticDuplicateObject took: (0.008308s)
[2015.11.04-19.14.29:832][310]LogAIModule: Creating AISystem for world Untitled_1
[2015.11.04-19.14.29:833][310]LogPlayLevel: PIE: World Init took: (0.005700s)
[2015.11.04-19.14.29:834][310]LogPlayLevel: PIE: Created PIE world by copying editor world from /Temp/Untitled_1.Untitled_1 to /Temp/UEDPIE_0_Untitled_1.Untitled_1 (0.015492s)
[2015.11.04-19.14.30:202][310]LogInit: XAudio2 using 'Hoparlör (Conexant SmartAudio HD)' : 2 channels at 48 kHz using 32 bits per sample (channel mask 0x3)
[2015.11.04-19.14.30:528][310]LogInit: FAudioDevice initialized.
[2015.11.04-19.14.30:612][310]LogWorld: Game class is 'GameMode'
[2015.11.04-19.14.30:623][310]LogWorld: Bringing World /Temp/UEDPIE_0_Untitled_1.Untitled_1 up for play (max tick rate 0) at 2015.11.04-22.14.30
[2015.11.04-19.14.30:623][310]LogActor:Warning: GameSession /Temp/UEDPIE_0_Untitled_1.Untitled_1:PersistentLevel.GameSession_1 has natively added scene component(s), but none of them were set as the actor's RootComponent - picking one arbitrarily
[2015.11.04-19.14.30:624][310]LogActor:Warning: GameNetworkManager /Temp/UEDPIE_0_Untitled_1.Untitled_1:PersistentLevel.GameNetworkManager_2 has natively added scene component(s), but none of them were set as the actor's RootComponent - picking one arbitrarily
[2015.11.04-19.14.30:625][310]LogWorld: Bringing up level for play took: 0.011393
[2015.11.04-19.14.30:634][310]PIE: Info Play in editor start time for /Temp/UEDPIE_0_Untitled_1 0.034
[2015.11.04-19.14.38:856][597]LogParticles: Destroying 0 GPU particle simulations for FXSystem 0x000000EC8C1BB740
[2015.11.04-19.15.14:059][375]LogAIModule: Creating AISystem for world test
[2015.11.04-19.15.14:267][375]Cmd: MAP LOAD FILE="../../../../../../Users/Aurora/Desktop/EpidemicGameProject/Epidemic_Source/Content/test.umap" TEMPLATE=0 SHOWPROGRESS=1 FEATURELEVEL=3
[2015.11.04-19.15.14:267][375]LightingResults: New page: Lighting Build
[2015.11.04-19.15.14:365][375]LoadErrors: New page: Loading map: test.umap
[2015.11.04-19.15.14:366][375]MapCheck: New page: Map Check
[2015.11.04-19.15.14:366][375]LightingResults: New page: Lighting Build
[2015.11.04-19.15.14:494][375]LogParticles: Destroying 0 GPU particle simulations for FXSystem 0x000000ECEF6579C0
[2015.11.04-19.15.14:520][375]LogEditorServer: Finished looking for orphan Actors (0.000 secs)
[2015.11.04-19.15.14:660][375]Cmd: MAP CHECKDEP NOCLEARLOG
[2015.11.04-19.15.15:013][375]MapCheck: Info Map check complete: 0 Error(s), 0 Warning(s), took 352.497ms to complete.
[2015.11.04-19.15.15:016][375]LogFileHelpers: Loading map 'test' took 0.755
[2015.11.04-19.15.20:023][480]LogBlueprintUserMessages: Early PlayInEditor Detection: Level '/Game/test.test:PersistentLevel' has LevelScriptBlueprint '/Game/test.test:PersistentLevel.test' with GeneratedClass '/Game/test.test_C' with ClassGeneratedBy '/Game/test.test:PersistentLevel.test'
[2015.11.04-19.15.20:024][480]LogPlayLevel: PlayLevel: No blueprints needed recompiling
[2015.11.04-19.15.20:024][480]PIE: New page: PIE session: test (5 Nov 2015 00:15:20)
[2015.11.04-19.15.20:024][480]LogPlayLevel: Creating play world package: /Game/UEDPIE_0_test
[2015.11.04-19.15.20:081][480]LogPlayLevel: PIE: StaticDuplicateObject took: (0.057216s)
[2015.11.04-19.15.20:084][480]LogAIModule: Creating AISystem for world test
[2015.11.04-19.15.20:085][480]LogPlayLevel: PIE: World Init took: (0.003767s)
[2015.11.04-19.15.20:086][480]LogPlayLevel: PIE: Created PIE world by copying editor world from /Game/test.test to /Game/UEDPIE_0_test.test (0.061710s)
[2015.11.04-19.15.20:443][480]LogInit: XAudio2 using 'Hoparlör (Conexant SmartAudio HD)' : 2 channels at 48 kHz using 32 bits per sample (channel mask 0x3)
[2015.11.04-19.15.20:697][480]LogInit: FAudioDevice initialized.
[2015.11.04-19.15.20:764][480]LogWorld: Game class is 'EpidemicGameMode_C'
[2015.11.04-19.15.20:774][480]LogWorld: Bringing World /Game/UEDPIE_0_test.test up for play (max tick rate 0) at 2015.11.04-22.15.20
[2015.11.04-19.15.20:775][480]LogActor:Warning: GameSession /Game/UEDPIE_0_test.test:PersistentLevel.GameSession_2 has natively added scene component(s), but none of them were set as the actor's RootComponent - picking one arbitrarily
[2015.11.04-19.15.20:804][480]LogActor:Warning: GameNetworkManager /Game/UEDPIE_0_test.test:PersistentLevel.GameNetworkManager_3 has natively added scene component(s), but none of them were set as the actor's RootComponent - picking one arbitrarily
[2015.11.04-19.15.20:805][480]LogWorld: Bringing up level for play took: 0.039132
[2015.11.04-19.15.20:862][480]PIE: Info Play in editor start time for /Game/UEDPIE_0_test 0.262
[2015.11.04-19.15.20:863][480]LogBlueprintUserMessages: Late PlayInEditor Detection: Level '/Game/test.test:PersistentLevel' has LevelScriptBlueprint '/Game/test.test:PersistentLevel.test' with GeneratedClass '/Game/test.test_C' with ClassGeneratedBy '/Game/test.test:PersistentLevel.test'
[2015.11.04-19.15.25:537][592]LogBlueprintUserMessages: Early EndPlayMap Detection: Level '/Game/test.test:PersistentLevel' has LevelScriptBlueprint '/Game/test.test:PersistentLevel.test' with GeneratedClass '/Game/test.test_C' with ClassGeneratedBy '/Game/test.test:PersistentLevel.test'
[2015.11.04-19.15.25:599][592]LogBlueprintUserMessages: Late EndPlayMap Detection: Level '/Game/test.test:PersistentLevel' has LevelScriptBlueprint '/Game/test.test:PersistentLevel.test' with GeneratedClass '/Game/test.test_C' with ClassGeneratedBy '/Game/test.test:PersistentLevel.test'
[2015.11.04-19.15.25:691][592]LogParticles: Destroying 0 GPU particle simulations for FXSystem 0x000000ECEB2C31A0
[2015.11.04-19.15.27:716][637]LogRenderer: Reallocating scene render targets to support 932x572 (Frame:735).
[2015.11.04-19.15.27:917][638]LogRenderer: Reallocating scene render targets to support 1052x572 (Frame:737).
[2015.11.04-19.15.28:189][639]LogRenderer: Reallocating scene render targets to support 1060x572 (Frame:739).
[2015.11.04-19.15.28:632][645]LogEditorViewport: Clicking on Actor (LMB): BP_Sky_Sphere_C (Sky Sphere)
[2015.11.04-19.15.29:702][660]LogBlueprintUserMessages: Early PlayInEditor Detection: Level '/Game/test.test:PersistentLevel' has LevelScriptBlueprint '/Game/test.test:PersistentLevel.test' with GeneratedClass '/Game/test.test_C' with ClassGeneratedBy '/Game/test.test:PersistentLevel.test'
[2015.11.04-19.15.29:702][660]LogPlayLevel: PlayLevel: No blueprints needed recompiling
[2015.11.04-19.15.29:703][660]PIE: New page: PIE session: test (5 Nov 2015 00:15:29)
[2015.11.04-19.15.29:704][660]LogPlayLevel: Creating play world package: /Game/UEDPIE_0_test
[2015.11.04-19.15.29:716][660]LogPlayLevel: PIE: StaticDuplicateObject took: (0.012256s)
[2015.11.04-19.15.29:721][660]LogAIModule: Creating AISystem for world test
[2015.11.04-19.15.29:722][660]LogPlayLevel: PIE: World Init took: (0.005119s)
[2015.11.04-19.15.29:722][660]LogPlayLevel: PIE: Created PIE world by copying editor world from /Game/test.test to /Game/UEDPIE_0_test.test (0.018102s)
[2015.11.04-19.15.30:100][660]LogInit: XAudio2 using 'Hoparlör (Conexant SmartAudio HD)' : 2 channels at 48 kHz using 32 bits per sample (channel mask 0x3)
[2015.11.04-19.15.30:420][660]LogInit: FAudioDevice initialized.
[2015.11.04-19.15.30:515][660]LogWorld: Game class is 'EpidemicGameMode_C'
[2015.11.04-19.15.30:528][660]LogWorld: Bringing World /Game/UEDPIE_0_test.test up for play (max tick rate 0) at 2015.11.04-22.15.30
[2015.11.04-19.15.30:528][660]LogActor:Warning: GameSession /Game/UEDPIE_0_test.test:PersistentLevel.GameSession_3 has natively added scene component(s), but none of them were set as the actor's RootComponent - picking one arbitrarily
[2015.11.04-19.15.30:530][660]LogActor:Warning: GameNetworkManager /Game/UEDPIE_0_test.test:PersistentLevel.GameNetworkManager_4 has natively added scene component(s), but none of them were set as the actor's RootComponent - picking one arbitrarily
[2015.11.04-19.15.30:531][660]LogWorld: Bringing up level for play took: 0.013796
[2015.11.04-19.15.30:543][660]PIE: Info Play in editor start time for /Game/UEDPIE_0_test -0.058
[2015.11.04-19.15.30:543][660]LogBlueprintUserMessages: Late PlayInEditor Detection: Level '/Game/test.test:PersistentLevel' has LevelScriptBlueprint '/Game/test.test:PersistentLevel.test' with GeneratedClass '/Game/test.test_C' with ClassGeneratedBy '/Game/test.test:PersistentLevel.test'
[2015.11.04-19.15.44:654][ 74]LogBlueprintUserMessages: [ManBlueprint_C_2] Öldün!
[2015.11.04-19.15.44:810][ 79]LogBlueprintUserMessages: [ManBlueprint_C_2] Ölüsün.
[2015.11.04-19.15.45:176][ 91]LogBlueprintUserMessages: [ManBlueprint_C_2] Ölüsün.
[2015.11.04-19.15.46:122][122]LogBlueprintUserMessages: [ManBlueprint_C_2] Ölüsün.
[2015.11.04-19.15.46:371][130]LogBlueprintUserMessages: [ManBlueprint_C_2] Ölüsün.
[2015.11.04-19.15.47:376][168]LogBlueprintUserMessages: Early EndPlayMap Detection: Level '/Game/test.test:PersistentLevel' has LevelScriptBlueprint '/Game/test.test:PersistentLevel.test' with GeneratedClass '/Game/test.test_C' with ClassGeneratedBy '/Game/test.test:PersistentLevel.test'
[2015.11.04-19.15.47:437][168]LogBlueprintUserMessages: Late EndPlayMap Detection: Level '/Game/test.test:PersistentLevel' has LevelScriptBlueprint '/Game/test.test:PersistentLevel.test' with GeneratedClass '/Game/test.test_C' with ClassGeneratedBy '/Game/test.test:PersistentLevel.test'
[2015.11.04-19.15.47:539][168]LogParticles: Destroying 0 GPU particle simulations for FXSystem 0x000000ECB8EF3880
[2015.11.04-19.15.57:358][349]LogActorComponent: UnregisterComponent: (/Engine/Transient.EditorFloorComp) Not registered. Aborting.
[2015.11.04-19.16.41:985][702]LogEditorViewport: Clicking on Actor (context menu): StaticMeshActor (Floor)
[2015.11.04-19.16.43:234][753]LogEditorViewport: Clicking on Actor (LMB): StaticMeshActor (Floor)
[2015.11.04-19.16.48:012][898]LogBlueprintUserMessages: Early PlayInEditor Detection: Level '/Game/test.test:PersistentLevel' has LevelScriptBlueprint '/Game/test.test:PersistentLevel.test' with GeneratedClass '/Game/test.test_C' with ClassGeneratedBy '/Game/test.test:PersistentLevel.test'
[2015.11.04-19.16.48:012][898]LogPlayLevel: PlayLevel: No blueprints needed recompiling
[2015.11.04-19.16.48:013][898]PIE: New page: PIE session: test (5 Nov 2015 00:16:48)
[2015.11.04-19.16.48:013][898]LogPlayLevel: Creating play world package: /Game/UEDPIE_0_test
[2015.11.04-19.16.48:026][898]LogPlayLevel: PIE: StaticDuplicateObject took: (0.012736s)
[2015.11.04-19.16.48:031][898]LogAIModule: Creating AISystem for world test
[2015.11.04-19.16.48:031][898]LogPlayLevel: PIE: World Init took: (0.005061s)
[2015.11.04-19.16.48:032][898]LogPlayLevel: PIE: Created PIE world by copying editor world from /Game/test.test to /Game/UEDPIE_0_test.test (0.018721s)
[2015.11.04-19.16.48:190][898]LogParticles: Destroying 0 GPU particle simulations for FXSystem 0x000000EC8C27D3A0
[2015.11.04-19.16.48:199][898]LogParticles: Destroying 0 GPU particle simulations for FXSystem 0x000000ECA96D8360
[2015.11.04-19.16.48:206][898]LogParticles: Destroying 0 GPU particle simulations for FXSystem 0x000000ECAE706FC0
[2015.11.04-19.16.48:212][898]LogParticles: Destroying 0 GPU particle simulations for FXSystem 0x000000ECAE7072E0
[2015.11.04-19.16.48:436][898]LogInit: XAudio2 using 'Hoparlör (Conexant SmartAudio HD)' : 2 channels at 48 kHz using 32 bits per sample (channel mask 0x3)
[2015.11.04-19.16.48:687][898]LogInit: FAudioDevice initialized.
[2015.11.04-19.16.48:764][898]LogWorld: Game class is 'EpidemicGameMode_C'
[2015.11.04-19.16.48:776][898]LogWorld: Bringing World /Game/UEDPIE_0_test.test up for play (max tick rate 0) at 2015.11.04-22.16.48
[2015.11.04-19.16.48:777][898]LogActor:Warning: GameSession /Game/UEDPIE_0_test.test:PersistentLevel.GameSession_4 has natively added scene component(s), but none of them were set as the actor's RootComponent - picking one arbitrarily
[2015.11.04-19.16.48:778][898]LogActor:Warning: GameNetworkManager /Game/UEDPIE_0_test.test:PersistentLevel.GameNetworkManager_5 has natively added scene component(s), but none of them were set as the actor's RootComponent - picking one arbitrarily
[2015.11.04-19.16.48:780][898]LogWorld: Bringing up level for play took: 0.013782
[2015.11.04-19.16.48:792][898]PIE: Info Play in editor start time for /Game/UEDPIE_0_test 0.192
[2015.11.04-19.16.48:793][898]LogBlueprintUserMessages: Late PlayInEditor Detection: Level '/Game/test.test:PersistentLevel' has LevelScriptBlueprint '/Game/test.test:PersistentLevel.test' with GeneratedClass '/Game/test.test_C' with ClassGeneratedBy '/Game/test.test:PersistentLevel.test'
[2015.11.04-19.16.56:507][212]LogBlueprintUserMessages: [ManBlueprint_C_3] Öldün!
[2015.11.04-19.17.00:176][379]LogBlueprintUserMessages: [ManBlueprint_C_3] Ölüsün.
[2015.11.04-19.17.00:413][390]LogBlueprintUserMessages: [ManBlueprint_C_3] Ölüsün.
[2015.11.04-19.17.00:865][411]LogBlueprintUserMessages: [ManBlueprint_C_3] Ölüsün.
[2015.11.04-19.17.01:226][428]LogBlueprintUserMessages: [ManBlueprint_C_3] Ölüsün.
[2015.11.04-19.17.01:483][441]LogBlueprintUserMessages: [ManBlueprint_C_3] Ölüsün.
[2015.11.04-19.17.01:676][450]LogBlueprintUserMessages: [ManBlueprint_C_3] Ölüsün.
[2015.11.04-19.17.03:253][524]LogBlueprintUserMessages: Early EndPlayMap Detection: Level '/Game/test.test:PersistentLevel' has LevelScriptBlueprint '/Game/test.test:PersistentLevel.test' with GeneratedClass '/Game/test.test_C' with ClassGeneratedBy '/Game/test.test:PersistentLevel.test'
[2015.11.04-19.17.03:383][524]LogBlueprintUserMessages: Late EndPlayMap Detection: Level '/Game/test.test:PersistentLevel' has LevelScriptBlueprint '/Game/test.test:PersistentLevel.test' with GeneratedClass '/Game/test.test_C' with ClassGeneratedBy '/Game/test.test:PersistentLevel.test'
[2015.11.04-19.17.03:495][524]LogParticles: Destroying 0 GPU particle simulations for FXSystem 0x000000EC997876A0
[2015.11.04-19.17.26:819][638]LogEditorViewport: Clicking on Actor (LMB): BP_Sky_Sphere_C (Sky Sphere)
[2015.11.04-19.17.39:448][128]LogEditorViewport: Clicking on Actor (context menu): BP_Sky_Sphere_C (Sky Sphere)
[2015.11.04-19.17.48:089][472]LogEditorViewport: Clicking on Actor (LMB): BP_Sky_Sphere_C (Sky Sphere)
[2015.11.04-19.19.48:225][350]LogEditorViewport: Clicking on Actor (context menu): BP_Sky_Sphere_C (Sky Sphere)
[2015.11.04-19.20.51:966][ 59]LogBlueprintUserMessages: Early PlayInEditor Detection: Level '/Game/test.test:PersistentLevel' has LevelScriptBlueprint '/Game/test.test:PersistentLevel.test' with GeneratedClass '/Game/test.test_C' with ClassGeneratedBy '/Game/test.test:PersistentLevel.test'
[2015.11.04-19.20.51:966][ 59]LogPlayLevel: PlayLevel: No blueprints needed recompiling
[2015.11.04-19.20.51:967][ 59]PIE: New page: PIE session: test (5 Nov 2015 00:20:51)
[2015.11.04-19.20.51:967][ 59]LogPlayLevel: Creating play world package: /Game/UEDPIE_0_test
[2015.11.04-19.20.51:981][ 59]LogPlayLevel: PIE: StaticDuplicateObject took: (0.013999s)
[2015.11.04-19.20.51:985][ 59]LogAIModule: Creating AISystem for world test
[2015.11.04-19.20.51:986][ 59]LogPlayLevel: PIE: World Init took: (0.004405s)
[2015.11.04-19.20.51:986][ 59]LogPlayLevel: PIE: Created PIE world by copying editor world from /Game/test.test to /Game/UEDPIE_0_test.test (0.019162s)
[2015.11.04-19.20.52:353][ 59]LogInit: XAudio2 using 'Hoparlör (Conexant SmartAudio HD)' : 2 channels at 48 kHz using 32 bits per sample (channel mask 0x3)
[2015.11.04-19.20.52:568][ 59]LogInit: FAudioDevice initialized.
[2015.11.04-19.20.52:643][ 59]LogWorld: Game class is 'EpidemicGameMode_C'
[2015.11.04-19.20.52:653][ 59]LogWorld: Bringing World /Game/UEDPIE_0_test.test up for play (max tick rate 0) at 2015.11.04-22.20.52
[2015.11.04-19.20.52:653][ 59]LogActor:Warning: GameSession /Game/UEDPIE_0_test.test:PersistentLevel.GameSession_5 has natively added scene component(s), but none of them were set as the actor's RootComponent - picking one arbitrarily
[2015.11.04-19.20.52:654][ 59]LogActor:Warning: GameNetworkManager /Game/UEDPIE_0_test.test:PersistentLevel.GameNetworkManager_6 has natively added scene component(s), but none of them were set as the actor's RootComponent - picking one arbitrarily
[2015.11.04-19.20.52:655][ 59]LogWorld: Bringing up level for play took: 0.009550
[2015.11.04-19.20.52:665][ 59]PIE: Info Play in editor start time for /Game/UEDPIE_0_test 0.065
[2015.11.04-19.20.52:666][ 59]LogBlueprintUserMessages: Late PlayInEditor Detection: Level '/Game/test.test:PersistentLevel' has LevelScriptBlueprint '/Game/test.test:PersistentLevel.test' with GeneratedClass '/Game/test.test_C' with ClassGeneratedBy '/Game/test.test:PersistentLevel.test'
[2015.11.04-19.20.54:605][125]LogBlueprintUserMessages: Early EndPlayMap Detection: Level '/Game/test.test:PersistentLevel' has LevelScriptBlueprint '/Game/test.test:PersistentLevel.test' with GeneratedClass '/Game/test.test_C' with ClassGeneratedBy '/Game/test.test:PersistentLevel.test'
[2015.11.04-19.20.54:691][125]LogBlueprintUserMessages: Late EndPlayMap Detection: Level '/Game/test.test:PersistentLevel' has LevelScriptBlueprint '/Game/test.test:PersistentLevel.test' with GeneratedClass '/Game/test.test_C' with ClassGeneratedBy '/Game/test.test:PersistentLevel.test'
[2015.11.04-19.20.54:817][125]LogParticles: Destroying 0 GPU particle simulations for FXSystem 0x000000EC8D573EC0
[2015.11.04-19.21.00:992][299]LogBlueprintUserMessages: Early PlayInEditor Detection: Level '/Game/test.test:PersistentLevel' has LevelScriptBlueprint '/Game/test.test:PersistentLevel.test' with GeneratedClass '/Game/test.test_C' with ClassGeneratedBy '/Game/test.test:PersistentLevel.test'
[2015.11.04-19.21.00:992][299]LogPlayLevel: PlayLevel: No blueprints needed recompiling
[2015.11.04-19.21.00:993][299]PIE: New page: PIE session: test (5 Nov 2015 00:21:00)
[2015.11.04-19.21.00:993][299]LogPlayLevel: Creating play world package: /Game/UEDPIE_0_test
[2015.11.04-19.21.01:006][299]LogPlayLevel: PIE: StaticDuplicateObject took: (0.012599s)
[2015.11.04-19.21.01:010][299]LogAIModule: Creating AISystem for world test
[2015.11.04-19.21.01:011][299]LogPlayLevel: PIE: World Init took: (0.005198s)
[2015.11.04-19.21.01:011][299]LogPlayLevel: PIE: Created PIE world by copying editor world from /Game/test.test to /Game/UEDPIE_0_test.test (0.018588s)
[2015.11.04-19.21.01:348][299]LogInit: XAudio2 using 'Hoparlör (Conexant SmartAudio HD)' : 2 channels at 48 kHz using 32 bits per sample (channel mask 0x3)
[2015.11.04-19.21.01:628][299]LogInit: FAudioDevice initialized.
[2015.11.04-19.21.01:708][299]LogWorld: Game class is 'EpidemicGameMode_C'
[2015.11.04-19.21.01:718][299]LogWorld: Bringing World /Game/UEDPIE_0_test.test up for play (max tick rate 0) at 2015.11.04-22.21.01
[2015.11.04-19.21.01:718][299]LogActor:Warning: GameSession /Game/UEDPIE_0_test.test:PersistentLevel.GameSession_6 has natively added scene component(s), but none of them were set as the actor's RootComponent - picking one arbitrarily
[2015.11.04-19.21.01:719][299]LogActor:Warning: GameNetworkManager /Game/UEDPIE_0_test.test:PersistentLevel.GameNetworkManager_7 has natively added scene component(s), but none of them were set as the actor's RootComponent - picking one arbitrarily
[2015.11.04-19.21.01:720][299]LogWorld: Bringing up level for play took: 0.009165
[2015.11.04-19.21.01:730][299]PIE: Info Play in editor start time for /Game/UEDPIE_0_test 1.129
[2015.11.04-19.21.01:730][299]LogBlueprintUserMessages: Late PlayInEditor Detection: Level '/Game/test.test:PersistentLevel' has LevelScriptBlueprint '/Game/test.test:PersistentLevel.test' with GeneratedClass '/Game/test.test_C' with ClassGeneratedBy '/Game/test.test:PersistentLevel.test'
[2015.11.04-19.21.10:350][632]LogBlueprintUserMessages: Early EndPlayMap Detection: Level '/Game/test.test:PersistentLevel' has LevelScriptBlueprint '/Game/test.test:PersistentLevel.test' with GeneratedClass '/Game/test.test_C' with ClassGeneratedBy '/Game/test.test:PersistentLevel.test'
[2015.11.04-19.21.10:432][632]LogBlueprintUserMessages: Late EndPlayMap Detection: Level '/Game/test.test:PersistentLevel' has LevelScriptBlueprint '/Game/test.test:PersistentLevel.test' with GeneratedClass '/Game/test.test_C' with ClassGeneratedBy '/Game/test.test:PersistentLevel.test'
[2015.11.04-19.21.10:572][632]LogParticles: Destroying 0 GPU particle simulations for FXSystem 0x000000ECAE18AA20
[2015.11.04-19.21.19:717][865]Cmd: SELECT NONE
[2015.11.04-19.21.35:509][165]LogBlueprintUserMessages: Early PlayInEditor Detection: Level '/Game/test.test:PersistentLevel' has LevelScriptBlueprint '/Game/test.test:PersistentLevel.test' with GeneratedClass '/Game/test.test_C' with ClassGeneratedBy '/Game/test.test:PersistentLevel.test'
[2015.11.04-19.21.35:509][165]LogPlayLevel: PlayLevel: No blueprints needed recompiling
[2015.11.04-19.21.35:509][165]PIE: New page: PIE session: test (5 Nov 2015 00:21:35)
[2015.11.04-19.21.35:510][165]LogPlayLevel: Creating play world package: /Game/UEDPIE_0_test
[2015.11.04-19.21.35:527][165]LogPlayLevel: PIE: StaticDuplicateObject took: (0.017020s)
[2015.11.04-19.21.35:532][165]LogAIModule: Creating AISystem for world test
[2015.11.04-19.21.35:532][165]LogPlayLevel: PIE: World Init took: (0.005221s)
[2015.11.04-19.21.35:533][165]LogPlayLevel: PIE: Created PIE world by copying editor world from /Game/test.test to /Game/UEDPIE_0_test.test (0.023153s)
[2015.11.04-19.21.35:951][165]LogInit: XAudio2 using 'Hoparlör (Conexant SmartAudio HD)' : 2 channels at 48 kHz using 32 bits per sample (channel mask 0x3)
[2015.11.04-19.21.36:216][165]LogInit: FAudioDevice initialized.
[2015.11.04-19.21.36:300][165]LogWorld: Game class is 'EpidemicGameMode_C'
[2015.11.04-19.21.36:312][165]LogWorld: Bringing World /Game/UEDPIE_0_test.test up for play (max tick rate 0) at 2015.11.04-22.21.36
[2015.11.04-19.21.36:312][165]LogActor:Warning: GameSession /Game/UEDPIE_0_test.test:PersistentLevel.GameSession_7 has natively added scene component(s), but none of them were set as the actor's RootComponent - picking one arbitrarily
[2015.11.04-19.21.36:313][165]LogActor:Warning: GameNetworkManager /Game/UEDPIE_0_test.test:PersistentLevel.GameNetworkManager_8 has natively added scene component(s), but none of them were set as the actor's RootComponent - picking one arbitrarily
[2015.11.04-19.21.36:314][165]LogWorld: Bringing up level for play took: 0.012058
[2015.11.04-19.21.36:327][165]PIE: Info Play in editor start time for /Game/UEDPIE_0_test 1.726
[2015.11.04-19.21.36:327][165]LogBlueprintUserMessages: Late PlayInEditor Detection: Level '/Game/test.test:PersistentLevel' has LevelScriptBlueprint '/Game/test.test:PersistentLevel.test' with GeneratedClass '/Game/test.test_C' with ClassGeneratedBy '/Game/test.test:PersistentLevel.test'
[2015.11.04-19.21.50:120][887]LogBlueprintUserMessages: [ManBlueprint_C_7] Öldün!
[2015.11.04-19.21.51:201][952]LogBlueprintUserMessages: [ManBlueprint_C_7] Ölüsün.
[2015.11.04-19.21.52:398][ 22]LogBlueprintUserMessages: [ManBlueprint_C_7] Ölüsün.
[2015.11.04-19.21.53:317][ 77]LogBlueprintUserMessages: [ManBlueprint_C_7] Ölüsün.
[2015.11.04-19.22.00:690][540]LogBlueprintUserMessages: Early EndPlayMap Detection: Level '/Game/test.test:PersistentLevel' has LevelScriptBlueprint '/Game/test.test:PersistentLevel.test' with GeneratedClass '/Game/test.test_C' with ClassGeneratedBy '/Game/test.test:PersistentLevel.test'
[2015.11.04-19.22.00:726][540]LogBlueprintUserMessages: Late EndPlayMap Detection: Level '/Game/test.test:PersistentLevel' has LevelScriptBlueprint '/Game/test.test:PersistentLevel.test' with GeneratedClass '/Game/test.test_C' with ClassGeneratedBy '/Game/test.test:PersistentLevel.test'
[2015.11.04-19.22.00:801][540]LogParticles: Destroying 0 GPU particle simulations for FXSystem 0x000000ECAE706CA0
[2015.11.04-19.24.11:233][ 31]LogBlueprintUserMessages: Early PlayInEditor Detection: Level '/Game/test.test:PersistentLevel' has LevelScriptBlueprint '/Game/test.test:PersistentLevel.test' with GeneratedClass '/Game/test.test_C' with ClassGeneratedBy '/Game/test.test:PersistentLevel.test'
[2015.11.04-19.24.11:233][ 31]LogPlayLevel: PlayLevel: No blueprints needed recompiling
[2015.11.04-19.24.11:233][ 31]PIE: New page: PIE session: test (5 Nov 2015 00:24:11)
[2015.11.04-19.24.11:233][ 31]LogPlayLevel: Creating play world package: /Game/UEDPIE_0_test
[2015.11.04-19.24.11:242][ 31]LogPlayLevel: PIE: StaticDuplicateObject took: (0.009020s)
[2015.11.04-19.24.11:245][ 31]LogAIModule: Creating AISystem for world test
[2015.11.04-19.24.11:246][ 31]LogPlayLevel: PIE: World Init took: (0.003365s)
[2015.11.04-19.24.11:246][ 31]LogPlayLevel: PIE: Created PIE world by copying editor world from /Game/test.test to /Game/UEDPIE_0_test.test (0.013018s)
[2015.11.04-19.24.11:457][ 31]LogInit: XAudio2 using 'Hoparlör (Conexant SmartAudio HD)' : 2 channels at 48 kHz using 32 bits per sample (channel mask 0x3)
[2015.11.04-19.24.11:583][ 31]LogInit: FAudioDevice initialized.
[2015.11.04-19.24.11:649][ 31]LogWorld: Game class is 'EpidemicGameMode_C'
[2015.11.04-19.24.11:654][ 31]LogWorld: Bringing World /Game/UEDPIE_0_test.test up for play (max tick rate 0) at 2015.11.04-22.24.11
[2015.11.04-19.24.11:654][ 31]LogActor:Warning: GameSession /Game/UEDPIE_0_test.test:PersistentLevel.GameSession_8 has natively added scene component(s), but none of them were set as the actor's RootComponent - picking one arbitrarily
[2015.11.04-19.24.11:655][ 31]LogActor:Warning: GameNetworkManager /Game/UEDPIE_0_test.test:PersistentLevel.GameNetworkManager_9 has natively added scene component(s), but none of them were set as the actor's RootComponent - picking one arbitrarily
[2015.11.04-19.24.11:655][ 31]LogWorld: Bringing up level for play took: 0.005035
[2015.11.04-19.24.11:661][ 31]PIE: Info Play in editor start time for /Game/UEDPIE_0_test 1.06
[2015.11.04-19.24.11:661][ 31]LogBlueprintUserMessages: Late PlayInEditor Detection: Level '/Game/test.test:PersistentLevel' has LevelScriptBlueprint '/Game/test.test:PersistentLevel.test' with GeneratedClass '/Game/test.test_C' with ClassGeneratedBy '/Game/test.test:PersistentLevel.test'
[2015.11.04-19.24.30:567][624]LogBlueprintUserMessages: Early EndPlayMap Detection: Level '/Game/test.test:PersistentLevel' has LevelScriptBlueprint '/Game/test.test:PersistentLevel.test' with GeneratedClass '/Game/test.test_C' with ClassGeneratedBy '/Game/test.test:PersistentLevel.test'
[2015.11.04-19.24.30:608][624]LogBlueprintUserMessages: Late EndPlayMap Detection: Level '/Game/test.test:PersistentLevel' has LevelScriptBlueprint '/Game/test.test:PersistentLevel.test' with GeneratedClass '/Game/test.test_C' with ClassGeneratedBy '/Game/test.test:PersistentLevel.test'
[2015.11.04-19.24.30:715][624]LogParticles: Destroying 0 GPU particle simulations for FXSystem 0x000000ECAB137600
[2015.11.04-19.26.50:893][711]Cmd: OBJ SAVEPACKAGE PACKAGE="/Game/test" FILE="../../../../../../Users/Aurora/Desktop/EpidemicGameProject/Epidemic_Source/Saved/Autosaves/Game/test_Auto1.umap" SILENT=true AUTOSAVING=true KEEPDIRTY=false
[2015.11.04-19.26.51:320][711]LogSavePackage: Save=405.120392ms
[2015.11.04-19.26.51:320][711]LogSavePackage: Moving '../../../../../../Users/Aurora/Desktop/EpidemicGameProject/Epidemic_Source/Saved/test_Auto17FC79F3347661C6C2B4FE08FCB63678D.tmp' to '../../../../../../Users/Aurora/Desktop/EpidemicGameProject/Epidemic_Source/Saved/Autosaves/Game/test_Auto1.umap'
[2015.11.04-19.26.51:331][711]LogSavePackage: Total save time: 431.768563ms
[2015.11.04-19.26.51:331][711]LogSavePackage:Warning: Finished SavePackage ../../../../../../Users/Aurora/Desktop/EpidemicGameProject/Epidemic_Source/Saved/Autosaves/Game/test_Auto1.umap
[2015.11.04-19.26.51:336][711]LogFileHelpers: Editor autosave (incl. sublevels) for '/Game/test' took 0.632
[2015.11.04-19.26.51:336][711]LogFileHelpers: Editor autosave (incl. sublevels) for all levels took 0.632
[2015.11.04-19.26.51:359][711]OBJ SavePackage: Generating thumbnails for [0] asset(s) in package [/Game/PlayerBlueprint/ManBlueprint] ([1] browsable assets)...
[2015.11.04-19.26.51:359][711]OBJ SavePackage: Finished generating thumbnails for package [/Game/PlayerBlueprint/ManBlueprint]
[2015.11.04-19.26.51:648][711]LogSavePackage: Save=270.508667ms
[2015.11.04-19.26.51:649][711]LogSavePackage: Moving '../../../../../../Users/Aurora/Desktop/EpidemicGameProject/Epidemic_Source/Saved/ManBlueprint_Auto1796EAED345A63AB5C94D868C06324C8E.tmp' to '../../../../../../Users/Aurora/Desktop/EpidemicGameProject/Epidemic_Source/Saved/Autosaves/Game/PlayerBlueprint/ManBlueprint_Auto1.uasset'
[2015.11.04-19.26.51:656][711]LogSavePackage: Total save time: 292.773128ms
[2015.11.04-19.26.51:656][711]LogSavePackage:Warning: Finished SavePackage ../../../../../../Users/Aurora/Desktop/EpidemicGameProject/Epidemic_Source/Saved/Autosaves/Game/PlayerBlueprint/ManBlueprint_Auto1.uasset
[2015.11.04-19.26.51:656][711]LogFileHelpers: Auto-saving content packages took 0.315
[2015.11.04-19.31.37:908][610]LogParticles: Destroying 0 GPU particle simulations for FXSystem 0x000000ECEDE45800
[2015.11.04-19.31.40:301][610]LogWindowsTextInputMethodSystem:Display: IME system now deactivated.
[2015.11.04-19.31.41:396][611]Cmd: QUIT_EDITOR
[2015.11.04-19.31.44:763][611]LogExit: Preparing to exit.
[2015.11.04-19.31.45:932][611]LogExit: Editor shut down
[2015.11.04-19.31.45:934][611]LogExit: Transaction tracking system shut down
[2015.11.04-19.31.45:940][611]LogParticles: Destroying 0 GPU particle simulations for FXSystem 0x000000EC8C8B7F60
[2015.11.04-19.31.45:942][611]LogParticles: Destroying 0 GPU particle simulations for FXSystem 0x000000EC8C5F3420
[2015.11.04-19.31.45:945][611]LogParticles: Destroying 0 GPU particle simulations for FXSystem 0x000000EC87D23240
[2015.11.04-19.31.45:982][611]LogParticles: Destroying 0 GPU particle simulations for FXSystem 0x000000ECB6745A80
[2015.11.04-19.31.46:795][611]LogParticles: Destroying 0 GPU particle simulations for FXSystem 0x000000ECEDD3A840
[2015.11.04-19.31.46:795][611]LogExit: Object subsystem successfully closed.
[2015.11.04-19.31.46:823][611]LogD3D11RHI: Shutdown
[2015.11.04-19.31.46:823][611]LogD3D11RHI: CleanupD3DDevice
[2015.11.04-19.31.47:078][611]LogD3D11RHI: ~FD3D11DynamicRHI
[2015.11.04-19.31.47:273][611]LogModuleManager: Shutting down and abandoning module SequencerWidgets (199)
[2015.11.04-19.31.47:273][611]LogModuleManager: Shutting down and abandoning module BlueprintGraph (198)
[2015.11.04-19.31.47:273][611]LogModuleManager: Shutting down and abandoning module CrashTracker (197)
[2015.11.04-19.31.47:273][611]LogModuleManager: Shutting down and abandoning module SceneOutliner (196)
[2015.11.04-19.31.47:273][611]LogModuleManager: Shutting down and abandoning module SuperSearch (195)
[2015.11.04-19.31.47:273][611]LogModuleManager: Shutting down and abandoning module WidgetCarousel (194)
[2015.11.04-19.31.47:273][611]LogModuleManager: Shutting down and abandoning module AddContentDialog (193)
[2015.11.04-19.31.47:284][611]LogModuleManager: Shutting down and abandoning module EditorWidgets (192)
[2015.11.04-19.31.47:284][611]LogModuleManager: Shutting down and abandoning module CollectionManager (191)
[2015.11.04-19.31.47:285][611]LogModuleManager: Shutting down and abandoning module StatsViewer (190)
[2015.11.04-19.31.47:285][611]LogModuleManager: Shutting down and abandoning module FoliageEdit (189)
[2015.11.04-19.31.47:285][611]LogModuleManager: Shutting down and abandoning module LandscapeEditor (188)
[2015.11.04-19.31.47:285][611]LogModuleManager: Shutting down and abandoning module ActorPickerMode (187)
[2015.11.04-19.31.47:285][611]LogModuleManager: Shutting down and abandoning module GeometryMode (186)
[2015.11.04-19.31.47:285][611]LogModuleManager: Shutting down and abandoning module TextureAlignMode (185)
[2015.11.04-19.31.47:285][611]LogModuleManager: Shutting down and abandoning module BspMode (184)
[2015.11.04-19.31.47:285][611]LogModuleManager: Shutting down and abandoning module PlacementMode (183)
[2015.11.04-19.31.47:285][611]LogModuleManager: Shutting down and abandoning module AutomationWorker (182)
[2015.11.04-19.31.47:285][611]LogModuleManager: Shutting down and abandoning module CharacterAI (181)
[2015.11.04-19.31.47:285][611]LogModuleManager: Shutting down and abandoning module SmartSnapping (180)
[2015.11.04-19.31.47:285][611]LogModuleManager: Shutting down and abandoning module ViewportSnapping (179)
[2015.11.04-19.31.47:285][611]LogModuleManager: Shutting down and abandoning module LogVisualizer (178)
[2015.11.04-19.31.47:286][611]LogModuleManager: Shutting down and abandoning module GameProjectGeneration (177)
[2015.11.04-19.31.47:286][611]LogModuleManager: Shutting down and abandoning module IntroTutorials (176)
[2015.11.04-19.31.47:286][611]LogModuleManager: Shutting down and abandoning module EditorLiveStreaming (175)
[2015.11.04-19.31.47:286][611]LogModuleManager: Shutting down and abandoning module IOSPlatformEditor (174)
[2015.11.04-19.31.47:286][611]LogModuleManager: Shutting down and abandoning module HTML5PlatformEditor (173)
[2015.11.04-19.31.47:286][611]LogModuleManager: Shutting down and abandoning module AndroidDeviceDetection (172)
[2015.11.04-19.31.47:823][611]LogModuleManager: Shutting down and abandoning module AndroidPlatformEditor (171)
[2015.11.04-19.31.47:823][611]LogModuleManager: Shutting down and abandoning module IOSRuntimeSettings (170)
[2015.11.04-19.31.47:823][611]LogModuleManager: Shutting down and abandoning module AndroidRuntimeSettings (169)
[2015.11.04-19.31.47:823][611]LogModuleManager: Shutting down and abandoning module MergeActors (168)
[2015.11.04-19.31.47:823][611]LogModuleManager: Shutting down and abandoning module SizeMap (167)
[2015.11.04-19.31.47:823][611]LogModuleManager: Shutting down and abandoning module TreeMap (166)
[2015.11.04-19.31.47:824][611]LogModuleManager: Shutting down and abandoning module ReferenceViewer (165)
[2015.11.04-19.31.47:824][611]LogModuleManager: Shutting down and abandoning module LocalizationService (164)
[2015.11.04-19.31.47:824][611]LogModuleManager: Shutting down and abandoning module LocalizationDashboard (163)
[2015.11.04-19.31.47:824][611]LogModuleManager: Shutting down and abandoning module HardwareTargeting (162)
[2015.11.04-19.31.47:824][611]LogModuleManager: Shutting down and abandoning module DeviceProfileEditor (161)
[2015.11.04-19.31.47:824][611]LogModuleManager: Shutting down and abandoning module UndoHistory (160)
[2015.11.04-19.31.47:824][611]LogModuleManager: Shutting down and abandoning module GameplayTagsEditor (159)
[2015.11.04-19.31.47:824][611]LogModuleManager: Shutting down and abandoning module UserFeedback (158)
[2015.11.04-19.31.47:824][611]LogModuleManager: Shutting down and abandoning module XmlParser (157)
[2015.11.04-19.31.47:824][611]LogModuleManager: Shutting down and abandoning module Blutility (156)
[2015.11.04-19.31.47:824][611]LogModuleManager: Shutting down and abandoning module ProjectTargetPlatformEditor (155)
[2015.11.04-19.31.47:825][611]LogModuleManager: Shutting down and abandoning module ProjectSettingsViewer (154)
[2015.11.04-19.31.47:825][611]LogModuleManager: Shutting down and abandoning module InputBindingEditor (153)
[2015.11.04-19.31.47:825][611]LogModuleManager: Shutting down and abandoning module EditorSettingsViewer (152)
[2015.11.04-19.31.47:825][611]LogModuleManager: Shutting down and abandoning module SettingsEditor (151)
[2015.11.04-19.31.47:826][611]LogModuleManager: Shutting down and abandoning module ProjectLauncher (150)
[2015.11.04-19.31.47:826][611]LogModuleManager: Shutting down and abandoning module SessionFrontend (149)
[2015.11.04-19.31.47:826][611]LogModuleManager: Shutting down and abandoning module ProfilerClient (148)
[2015.11.04-19.31.47:826][611]LogModuleManager: Shutting down and abandoning module TargetDeviceServices (147)
[2015.11.04-19.31.47:826][611]LogModuleManager: Shutting down and abandoning module DeviceManager (146)
[2015.11.04-19.31.47:827][611]LogModuleManager: Shutting down and abandoning module AutomationController (145)
[2015.11.04-19.31.47:827][611]LogModuleManager: Shutting down and abandoning module AutomationWindow (144)
[2015.11.04-19.31.47:827][611]LogModuleManager: Shutting down and abandoning module Layers (143)
[2015.11.04-19.31.47:827][611]LogModuleManager: Shutting down and abandoning module ComponentVisualizers (142)
[2015.11.04-19.31.47:827][611]LogModuleManager: Shutting down and abandoning module DetailCustomizations (141)
[2015.11.04-19.31.47:827][611]LogModuleManager: Shutting down and abandoning module PackagesDialog (140)
[2015.11.04-19.31.47:828][611]LogModuleManager: Shutting down and abandoning module Persona (139)
[2015.11.04-19.31.47:828][611]LogModuleManager: Shutting down and abandoning module Kismet (138)
[2015.11.04-19.31.47:828][611]LogModuleManager: Shutting down and abandoning module GraphEditor (137)
[2015.11.04-19.31.47:828][611]LogModuleManager: Shutting down and abandoning module ClassViewer (136)
[2015.11.04-19.31.47:829][611]LogModuleManager: Shutting down and abandoning module Toolbox (135)
[2015.11.04-19.31.47:829][611]LogModuleManager: Shutting down and abandoning module ModuleUI (134)
[2015.11.04-19.31.47:829][611]LogModuleManager: Shutting down and abandoning module MovieSceneTools (133)
[2015.11.04-19.31.47:829][611]LogModuleManager: Shutting down and abandoning module OutputLog (132)
[2015.11.04-19.31.47:830][611]LogModuleManager: Shutting down and abandoning module GammaUI (131)
[2015.11.04-19.31.47:830][611]LogModuleManager: Shutting down and abandoning module Documentation (130)
[2015.11.04-19.31.47:830][611]LogModuleManager: Shutting down and abandoning module GameLiveStreaming (129)
[2015.11.04-19.31.47:830][611]LogModuleManager: Shutting down and abandoning module StreamingPauseRendering (128)
[2015.11.04-19.31.47:832][611]LogModuleManager: Shutting down and abandoning module AnalyticsET (127)
[2015.11.04-19.31.47:832][611]LogModuleManager: Shutting down and abandoning module Analytics (126)
[2015.11.04-19.31.47:832][611]LogModuleManager: Shutting down and abandoning module AITestSuite (125)
[2015.11.04-19.31.47:832][611]LogModuleManager: Shutting down and abandoning module GameplayDebugger (124)
[2015.11.04-19.31.47:832][611]LogModuleManager: Shutting down and abandoning module AIModule (123)
[2015.11.04-19.31.47:832][611]LogModuleManager: Shutting down and abandoning module ProfilerService (122)
[2015.11.04-19.31.48:031][611]LogModuleManager: Shutting down and abandoning module TaskGraph (121)
[2015.11.04-19.31.48:031][611]LogModuleManager: Shutting down and abandoning module SlateRemote (120)
[2015.11.04-19.31.48:031][611]LogModuleManager: Shutting down and abandoning module SteamVRController (119)
[2015.11.04-19.31.48:031][611]LogModuleManager: Shutting down and abandoning module SteamVR (118)
[2015.11.04-19.31.48:031][611]LogModuleManager: Shutting down and abandoning module ProceduralMeshComponent (117)
[2015.11.04-19.31.48:031][611]LogModuleManager: Shutting down and abandoning module OculusRift (116)
[2015.11.04-19.31.48:031][611]LogModuleManager: Shutting down and abandoning module OculusLibrary (115)
[2015.11.04-19.31.48:031][611]LogModuleManager: Shutting down and abandoning module LeapMotionController (114)
[2015.11.04-19.31.48:148][611]LogModuleManager: Shutting down and abandoning module CustomMeshComponent (113)
[2015.11.04-19.31.48:148][611]LogModuleManager: Shutting down and abandoning module CableComponent (112)
[2015.11.04-19.31.48:148][611]LogModuleManager: Shutting down and abandoning module ArchVisCharacter (111)
[2015.11.04-19.31.48:148][611]LogModuleManager: Shutting down and abandoning module MessagingDebugger (110)
[2015.11.04-19.31.48:148][611]LogModuleManager: Shutting down and abandoning module MediaPlayerEditor (109)
[2015.11.04-19.31.48:148][611]LogModuleManager: Shutting down and abandoning module HTML5Networking (108)
[2015.11.04-19.31.48:148][611]LogModuleManager: Shutting down and abandoning module SpeedTreeImporter (107)
[2015.11.04-19.31.48:149][611]LogModuleManager: Shutting down and abandoning module PluginBrowser (106)
[2015.11.04-19.31.48:149][611]LogModuleManager: Shutting down and abandoning module EpicSurvey (105)
[2015.11.04-19.31.48:149][611]LogModuleManager: Shutting down and abandoning module DesktopPlatform (104)
[2015.11.04-19.31.48:149][611]LogModuleManager: Shutting down and abandoning module VisualStudioSourceCodeAccess (103)
[2015.11.04-19.31.48:149][611]LogModuleManager: Shutting down and abandoning module UObjectPlugin (102)
[2015.11.04-19.31.48:149][611]LogModuleManager: Shutting down and abandoning module SubversionSourceControl (101)
[2015.11.04-19.31.48:149][611]LogModuleManager: Shutting down and abandoning module PerforceSourceControl (100)
[2015.11.04-19.31.48:149][611]LogModuleManager: Shutting down and abandoning module SourceControl (99)
[2015.11.04-19.31.48:150][611]LogModuleManager: Shutting down and abandoning module GitSourceControl (98)
[2015.11.04-19.31.48:150][611]LogModuleManager: Shutting down and abandoning module LightPropagationVolumeEditor (97)
[2015.11.04-19.31.48:150][611]LogModuleManager: Shutting down and abandoning module PaperTiledImporter (96)
[2015.11.04-19.31.48:150][611]LogModuleManager: Shutting down and abandoning module PaperSpriteSheetImporter (95)
[2015.11.04-19.31.48:150][611]LogModuleManager: Shutting down and abandoning module MeshPaint (94)
[2015.11.04-19.31.48:150][611]LogModuleManager: Shutting down and abandoning module SlateReflector (93)
[2015.11.04-19.31.48:150][611]LogModuleManager: Shutting down and abandoning module HotReload (92)
[2015.11.04-19.31.48:150][611]LogModuleManager: Shutting down and abandoning module MainFrame (91)
[2015.11.04-19.31.48:150][611]LogModuleManager: Shutting down and abandoning module LevelEditor (90)
[2015.11.04-19.31.48:153][611]LogModuleManager: Shutting down and abandoning module DirectoryWatcher (89)
[2015.11.04-19.31.48:162][611]LogModuleManager: Shutting down and abandoning module AssetRegistry (88)
[2015.11.04-19.31.48:405][611]LogModuleManager: Shutting down and abandoning module ContentBrowser (87)
[2015.11.04-19.31.48:408][611]LogModuleManager: Shutting down and abandoning module Paper2DEditor (86)
[2015.11.04-19.31.48:408][611]LogModuleManager: Shutting down and abandoning module UdpMessaging (85)
[2015.11.04-19.31.48:509][611]LogModuleManager: Shutting down and abandoning module LightPropagationVolumeRuntime (84)
[2015.11.04-19.31.48:509][611]LogModuleManager: Shutting down and abandoning module Paper2D (83)
[2015.11.04-19.31.48:509][611]LogModuleManager: Shutting down and abandoning module WindowsMoviePlayer (82)
[2015.11.04-19.31.48:519][611]LogModuleManager: Shutting down and abandoning module Media (81)
[2015.11.04-19.31.48:519][611]LogModuleManager: Shutting down and abandoning module WmfMedia (80)
[2015.11.04-19.31.48:519][611]LogModuleManager: Shutting down and abandoning module OnlineBlueprintSupport (79)
[2015.11.04-19.31.48:519][611]LogModuleManager: Shutting down and abandoning module GameplayTasksEditor (78)
[2015.11.04-19.31.48:519][611]LogModuleManager: Shutting down and abandoning module PropertyEditor (77)
[2015.11.04-19.31.48:520][611]LogModuleManager: Shutting down and abandoning module BehaviorTreeEditor (76)
[2015.11.04-19.31.48:520][611]LogModuleManager: Shutting down and abandoning module FunctionalTesting (75)
[2015.11.04-19.31.48:520][611]LogModuleManager: Shutting down and abandoning module CollisionAnalyzer (74)
[2015.11.04-19.31.48:520][611]LogModuleManager: Shutting down and abandoning module WorkspaceMenuStructure (73)
[2015.11.04-19.31.48:520][611]LogModuleManager: Shutting down and abandoning module MessageLog (72)
[2015.11.04-19.31.48:520][611]LogModuleManager: Shutting down and abandoning module Sequencer (71)
[2015.11.04-19.31.48:520][611]LogModuleManager: Shutting down and abandoning module AssetTools (70)
[2015.11.04-19.31.48:520][611]LogModuleManager: Shutting down and abandoning module UMGEditor (69)
[2015.11.04-19.31.48:520][611]LogModuleManager: Shutting down and abandoning module UMG (68)
[2015.11.04-19.31.48:520][611]LogModuleManager: Shutting down and abandoning module Slate (67)
[2015.11.04-19.31.48:520][611]LogModuleManager: Shutting down and abandoning module EditorStyle (66)
[2015.11.04-19.31.48:531][611]LogModuleManager: Shutting down and abandoning module SessionServices (65)
[2015.11.04-19.31.48:531][611]LogModuleManager: Shutting down and abandoning module SourceCodeAccess (64)
[2015.11.04-19.31.48:531][611]LogModuleManager: Shutting down and abandoning module HeadMountedDisplay (63)
[2015.11.04-19.31.48:531][611]LogModuleManager: Shutting down and abandoning module XAudio2 (62)
[2015.11.04-19.31.48:531][611]LogModuleManager: Shutting down and abandoning module Networking (60)
[2015.11.04-19.31.48:531][611]LogModuleManager: Shutting down and abandoning module Core (59)
[2015.11.04-19.31.48:531][611]LogModuleManager: Shutting down and abandoning module KismetCompiler (58)
[2015.11.04-19.31.48:531][611]LogModuleManager: Shutting down and abandoning module PhysXFormats (57)
[2015.11.04-19.31.48:531][611]LogModuleManager: Shutting down and abandoning module MeshUtilities (56)
[2015.11.04-19.31.48:531][611]LogModuleManager: Shutting down and abandoning module CookingStats (55)
[2015.11.04-19.31.48:533][611]LogModuleManager: Shutting down and abandoning module DerivedDataCache (54)
[2015.11.04-19.31.48:627][611]LogDerivedDataCache: Shutdown
[2015.11.04-19.31.48:627][611]LogModuleManager: Shutting down and abandoning module ShaderFormatOpenGL (53)
[2015.11.04-19.31.48:627][611]LogModuleManager: Shutting down and abandoning module ShaderFormatD3D (52)
[2015.11.04-19.31.48:628][611]LogModuleManager: Shutting down and abandoning module MetalShaderFormat (51)
[2015.11.04-19.31.48:628][611]LogModuleManager: Shutting down and abandoning module TextureFormatUncompressed (50)
[2015.11.04-19.31.48:628][611]LogModuleManager: Shutting down and abandoning module TextureFormatPVR (49)
[2015.11.04-19.31.48:628][611]LogModuleManager: Shutting down and abandoning module TextureFormatIntelISPCTexComp (48)
[2015.11.04-19.31.48:628][611]LogModuleManager: Shutting down and abandoning module TextureFormatDXT (47)
[2015.11.04-19.31.48:628][611]LogModuleManager: Shutting down and abandoning module ImageWrapper (46)
[2015.11.04-19.31.48:628][611]LogModuleManager: Shutting down and abandoning module TextureFormatASTC (45)
[2015.11.04-19.31.48:628][611]LogModuleManager: Shutting down and abandoning module TextureFormatAndroid (44)
[2015.11.04-19.31.48:628][611]LogModuleManager: Shutting down and abandoning module AudioFormatOpus (43)
[2015.11.04-19.31.48:628][611]LogModuleManager: Shutting down and abandoning module AudioFormatOgg (42)
[2015.11.04-19.31.48:628][611]LogModuleManager: Shutting down and abandoning module AudioFormatADPCM (41)
[2015.11.04-19.31.48:628][611]LogModuleManager: Shutting down and abandoning module LinuxTargetPlatform (40)
[2015.11.04-19.31.48:628][611]LogModuleManager: Shutting down and abandoning module LinuxServerTargetPlatform (39)
[2015.11.04-19.31.48:628][611]LogModuleManager: Shutting down and abandoning module LinuxNoEditorTargetPlatform (38)
[2015.11.04-19.31.48:628][611]LogModuleManager: Shutting down and abandoning module Messaging (37)
[2015.11.04-19.31.48:628][611]LogModuleManager: Shutting down and abandoning module IOSTargetPlatform (36)
[2015.11.04-19.31.48:628][611]LogModuleManager: Shutting down and abandoning module HTML5TargetPlatform (35)
[2015.11.04-19.31.48:628][611]LogModuleManager: Shutting down and abandoning module Android_PVRTCTargetPlatform (34)
[2015.11.04-19.31.48:628][611]LogModuleManager: Shutting down and abandoning module Android_ETC2TargetPlatform (33)
[2015.11.04-19.31.48:628][611]LogModuleManager: Shutting down and abandoning module Android_ETC1TargetPlatform (32)
[2015.11.04-19.31.48:629][611]LogModuleManager: Shutting down and abandoning module Android_DXTTargetPlatform (31)
[2015.11.04-19.31.48:629][611]LogModuleManager: Shutting down and abandoning module Android_ATCTargetPlatform (30)
[2015.11.04-19.31.48:629][611]LogModuleManager: Shutting down and abandoning module Android_ASTCTargetPlatform (29)
[2015.11.04-19.31.48:629][611]LogModuleManager: Shutting down and abandoning module AndroidTargetPlatform (28)
[2015.11.04-19.31.48:630][611]LogModuleManager: Shutting down and abandoning module WindowsTargetPlatform (27)
[2015.11.04-19.31.48:630][611]LogModuleManager: Shutting down and abandoning module WindowsServerTargetPlatform (26)
[2015.11.04-19.31.48:630][611]LogModuleManager: Shutting down and abandoning module WindowsNoEditorTargetPlatform (25)
[2015.11.04-19.31.48:630][611]LogModuleManager: Shutting down and abandoning module WindowsClientTargetPlatform (24)
[2015.11.04-19.31.48:630][611]LogModuleManager: Shutting down and abandoning module AllDesktopTargetPlatform (23)
[2015.11.04-19.31.48:630][611]LogModuleManager: Shutting down and abandoning module TargetPlatform (22)
[2015.11.04-19.31.48:630][611]LogModuleManager: Shutting down and abandoning module InputCore (21)
[2015.11.04-19.31.48:630][611]LogModuleManager: Shutting down and abandoning module Settings (20)
[2015.11.04-19.31.48:630][611]LogModuleManager: Shutting down and abandoning module OnlineSubsystem (18)
[2015.11.04-19.31.48:630][611]LogModuleManager: Shutting down and abandoning module HTTP (17)
[2015.11.04-19.31.51:139][611]LogModuleManager: Shutting down and abandoning module XMPP (16)
[2015.11.04-19.31.51:140][611]LogModuleManager: Shutting down and abandoning module ExampleDeviceProfileSelector (15)
[2015.11.04-19.31.51:140][611]LogModuleManager: Shutting down and abandoning module TextureCompressor (14)
[2015.11.04-19.31.51:140][611]LogModuleManager: Shutting down and abandoning module ShaderCore (13)
[2015.11.04-19.31.51:140][611]LogModuleManager: Shutting down and abandoning module Landscape (12)
[2015.11.04-19.31.51:140][611]LogModuleManager: Shutting down and abandoning module SlateRHIRenderer (11)
[2015.11.04-19.31.51:154][611]LogModuleManager: Shutting down and abandoning module OpenGLDrv (10)
[2015.11.04-19.31.51:154][611]LogModuleManager: Shutting down and abandoning module D3D11RHI (9)
[2015.11.04-19.31.51:154][611]LogModuleManager: Shutting down and abandoning module AnimGraphRuntime (8)
[2015.11.04-19.31.51:154][611]LogModuleManager: Shutting down and abandoning module Renderer (7)
[2015.11.04-19.31.51:154][611]LogModuleManager: Shutting down and abandoning module Engine (6)
[2015.11.04-19.31.51:154][611]LogModuleManager: Shutting down and abandoning module CoreUObject (5)
[2015.11.04-19.31.51:155][611]LogModuleManager: Shutting down and abandoning module NetworkFile (4)
[2015.11.04-19.31.51:155][611]LogModuleManager: Shutting down and abandoning module StreamingFile (3)
[2015.11.04-19.31.51:155][611]LogModuleManager: Shutting down and abandoning module SandboxFile (2)
[2015.11.04-19.31.51:155][611]LogModuleManager: Shutting down and abandoning module PakFile (1)
[2015.11.04-19.31.51:157][611]LogExit: Exiting.
[2015.11.04-19.31.51:234][611]Log file closed, 11/04/15 22:31:51
