[2015.11.04-16.58.59:387][  0]Log file open, 11/04/15 19:58:59
[2015.11.04-16.58.59:387][  0]LogInit:Display: Running engine for game: Epidemic_Source
[2015.11.04-16.58.59:388][  0]LogInit:Display: RandInit(1337725614) SRandInit(1337725615).
[2015.11.04-16.58.59:388][  0]LogTaskGraph: Started task graph with 4 named threads and 5 total threads.
[2015.11.04-16.58.59:388][  0]LogStats: Stats thread started at 0.423792
[2015.11.04-16.58.59:388][  0]LogInit: Version: 4.9.2-2707645+++depot+UE4-Releases+4.9
[2015.11.04-16.58.59:388][  0]LogInit: API Version: 2672455
[2015.11.04-16.58.59:388][  0]LogInit: Compiled (64-bit): Sep 28 2015 10:25:44
[2015.11.04-16.58.59:388][  0]LogInit: Compiled with Visual C++: 18.00.21005.01
[2015.11.04-16.58.59:388][  0]LogInit: Build Configuration: Development
[2015.11.04-16.58.59:388][  0]LogInit: Branch Name: ++depot+UE4-Releases+4.9
[2015.11.04-16.58.59:388][  0]LogInit: Command line:  
[2015.11.04-16.58.59:388][  0]LogInit: Base directory: C:/Program Files/Epic Games/4.9/Engine/Binaries/Win64/
[2015.11.04-16.58.59:388][  0]LogInit: Rocket: 1
[2015.11.04-16.58.59:456][  0]LogInit: Using libcurl 7.41.0
[2015.11.04-16.58.59:456][  0]LogInit:  - built for x86_64-pc-win32
[2015.11.04-16.58.59:456][  0]LogInit:  - supports SSL with WinSSL
[2015.11.04-16.58.59:456][  0]LogInit:  - other features:
[2015.11.04-16.58.59:456][  0]LogInit:      CURL_VERSION_SSL
[2015.11.04-16.58.59:456][  0]LogInit:      CURL_VERSION_IPV6
[2015.11.04-16.58.59:456][  0]LogInit:      CURL_VERSION_ASYNCHDNS
[2015.11.04-16.58.59:456][  0]LogInit:      CURL_VERSION_LARGEFILE
[2015.11.04-16.58.59:456][  0]LogInit:      CURL_VERSION_IDN
[2015.11.04-16.58.59:457][  0]LogInit:  CurlRequestOptions (configurable via config and command line):
[2015.11.04-16.58.59:457][  0]LogInit:  - bVerifyPeer = true  - Libcurl will verify peer certificate
[2015.11.04-16.58.59:457][  0]LogInit:  - bUseHttpProxy = false  - Libcurl will NOT use HTTP proxy
[2015.11.04-16.58.59:457][  0]LogInit:  - bDontReuseConnections = false  - Libcurl will reuse connections
[2015.11.04-16.58.59:457][  0]LogInit:  - CertBundlePath = nullptr  - Libcurl will use whatever was configured at build time.
[2015.11.04-16.58.59:527][  0]LogInit: Presizing for 0 objects not considered by GC, pre-allocating 0 bytes.
[2015.11.04-16.58.59:588][  0]LogInit: Object subsystem initialized
[2015.11.04-16.58.59:622][  0]LogInit: Selected Device Profile: [Windows]
[2015.11.04-16.58.59:622][  0]LogInit: Applying CVar settings loaded from the selected device profile: [Windows]
[2015.11.04-16.58.59:687][  0]LogInit: Computer: DESKTOP-U1QAGFR
[2015.11.04-16.58.59:687][  0]LogInit: User: Aurora
[2015.11.04-16.58.59:687][  0]LogInit: CPU Page size=4096, Cores=2
[2015.11.04-16.58.59:687][  0]LogInit: High frequency timer resolution =2.728068 MHz
[2015.11.04-16.58.59:687][  0]LogMemory: Memory total: Physical=7.9GB (8GB approx)
[2015.11.04-16.58.59:688][  0]LogMemory: Platform Memory Stats for Windows
[2015.11.04-16.58.59:688][  0]LogMemory: Process Physical Memory: 53.72 MB used, 53.72 MB peak
[2015.11.04-16.58.59:688][  0]LogMemory: Process Virtual Memory: 57.25 MB used, 57.25 MB peak
[2015.11.04-16.58.59:688][  0]LogMemory: Physical Memory: 4959.83 MB used, 8080.91 MB total
[2015.11.04-16.58.59:688][  0]LogMemory: Virtual Memory: 365.63 MB used, 134217728.00 MB total
[2015.11.04-16.58.59:899][  0]LogTextLocalizationManager: No specific translations for ('en-GB') exist, so ('en') translations will be used.
[2015.11.04-16.59.03:355][  0]LogD3D11RHI: Found D3D11 adapter 0: NVIDIA GeForce GTX 950M       (Feature Level 11_0)
[2015.11.04-16.59.03:355][  0]LogD3D11RHI: Adapter has 1995MB of dedicated video memory, 0MB of dedicated system memory, and 4040MB of shared system memory, 1 output[s]
[2015.11.04-16.59.03:372][  0]LogD3D11RHI: Found D3D11 adapter 1: Intel(R) HD Graphics 4600 (Feature Level 11_0)
[2015.11.04-16.59.03:372][  0]LogD3D11RHI: Adapter has 112MB of dedicated video memory, 0MB of dedicated system memory, and 4040MB of shared system memory, 0 output[s]
[2015.11.04-16.59.03:376][  0]LogD3D11RHI: Found D3D11 adapter 2: Microsoft Basic Render Driver (Feature Level 11_0)
[2015.11.04-16.59.03:376][  0]LogD3D11RHI: Adapter has 0MB of dedicated video memory, 0MB of dedicated system memory, and 4040MB of shared system memory, 0 output[s]
[2015.11.04-16.59.03:376][  0]LogD3D11RHI: Chosen D3D11 Adapter Id = 0
[2015.11.04-16.59.03:388][  0]LogD3D11RHI: !Direct3DDevice
[2015.11.04-16.59.03:388][  0]LogRHI: Texture pool is 1361 MB (70% of 1945 MB)
[2015.11.04-16.59.03:425][  0]LogD3D11RHI: Async texture creation enabled
[2015.11.04-16.59.03:451][  0]LogShaderCompilers: Guid format shader working directory is 15 characters bigger than the processId version (../../../../../../Users/Aurora/Desktop/EpidemicGameProject/Epidemic_Source/Intermediate/Shaders/WorkingDirectory/9144/).
[2015.11.04-16.59.03:451][  0]LogShaderCompilers: Cleaned the shader compiler working directory '../../../../../../Users/Aurora/Desktop/EpidemicGameProject/Epidemic_Source/Intermediate/Shaders/tmp/7A3D5ACC4121BF9BEADBE2A5B7806F8F/'.
[2015.11.04-16.59.03:451][  0]LogShaderCompilers:Display: Using Local Shader Compiler.
[2015.11.04-16.59.09:826][  0]LogTemp:Display: Loaded TP AllDesktopTargetPlatform
[2015.11.04-16.59.09:860][  0]LogTemp:Display: Loaded TP WindowsClientTargetPlatform
[2015.11.04-16.59.09:883][  0]LogTemp:Display: Loaded TP WindowsNoEditorTargetPlatform
[2015.11.04-16.59.09:908][  0]LogTemp:Display: Loaded TP WindowsServerTargetPlatform
[2015.11.04-16.59.09:934][  0]LogTemp:Display: Loaded TP WindowsTargetPlatform
[2015.11.04-16.59.09:950][  0]LogTemp:Display: Loaded TP AndroidTargetPlatform
[2015.11.04-16.59.09:966][  0]LogTemp:Display: Loaded TP Android_ASTCTargetPlatform
[2015.11.04-16.59.09:979][  0]LogTemp:Display: Loaded TP Android_ATCTargetPlatform
[2015.11.04-16.59.09:992][  0]LogTemp:Display: Loaded TP Android_DXTTargetPlatform
[2015.11.04-16.59.10:004][  0]LogTemp:Display: Loaded TP Android_ETC1TargetPlatform
[2015.11.04-16.59.10:022][  0]LogTemp:Display: Loaded TP Android_ETC2TargetPlatform
[2015.11.04-16.59.10:046][  0]LogTemp:Display: Loaded TP Android_PVRTCTargetPlatform
[2015.11.04-16.59.10:049][  0]LogTemp:Display: Loaded TP HTML5TargetPlatform
[2015.11.04-16.59.10:085][  0]LogTemp:Display: Loaded TP IOSTargetPlatform
[2015.11.04-16.59.10:100][  0]LogTemp:Display: Loaded TP LinuxNoEditorTargetPlatform
[2015.11.04-16.59.10:122][  0]LogTemp:Display: Loaded TP LinuxServerTargetPlatform
[2015.11.04-16.59.10:150][  0]LogTemp:Display: Loaded TP LinuxTargetPlatform
[2015.11.04-16.59.10:150][  0]LogTargetPlatformManager:Display: Building Assets For Windows
[2015.11.04-16.59.10:695][  0]LogDerivedDataCache:Display: Max Cache Size: 512 MB
[2015.11.04-16.59.11:985][  0]LogDerivedDataCache: Loaded boot cache 1.29s 43MB C:/Users/Aurora/AppData/Local/UnrealEngine/4.9/DerivedDataCache/Boot.ddc.
[2015.11.04-16.59.11:985][  0]LogDerivedDataCache:Display: Loaded Boot cache: C:/Users/Aurora/AppData/Local/UnrealEngine/4.9/DerivedDataCache/Boot.ddc
[2015.11.04-16.59.11:985][  0]LogDerivedDataCache: FDerivedDataBackendGraph:  Pak pak cache file ../../../../../../Users/Aurora/Desktop/EpidemicGameProject/Epidemic_Source/DerivedDataCache/DDC.ddp not found, will not use a pak cache.
[2015.11.04-16.59.11:985][  0]LogDerivedDataCache: Unable to find inner node Pak for hierarchical cache Hierarchy.
[2015.11.04-16.59.11:986][  0]LogDerivedDataCache: FDerivedDataBackendGraph:  CompressedPak pak cache file ../../../../../../Users/Aurora/Desktop/EpidemicGameProject/Epidemic_Source/DerivedDataCache/Compressed.ddp not found, will not use a pak cache.
[2015.11.04-16.59.11:986][  0]LogDerivedDataCache: Unable to find inner node CompressedPak for hierarchical cache Hierarchy.
[2015.11.04-16.59.12:770][  0]LogDerivedDataCache:Display: Pak cache opened for reading ../../../Engine/DerivedDataCache/Compressed.ddp.
[2015.11.04-16.59.12:786][  0]LogDerivedDataCache: Using Local data cache path C:/Users/Aurora/AppData/Local/UnrealEngine/Common/DerivedDataCache: Writable
[2015.11.04-16.59.13:877][  0]LogInit: Selected Device Profile: [Windows]
[2015.11.04-16.59.13:896][  0]LogContentStreaming: Texture pool size is 0.000000MB
[2015.11.04-16.59.14:951][  0]LogMeshUtilities: No automatic mesh reduction module available
[2015.11.04-16.59.14:951][  0]LogMeshUtilities: No automatic mesh merging module available
[2015.11.04-16.59.16:504][  0]LogInit: WinSock: version 1.1 (2.2), MaxSocks=32767, MaxUdp=65467
[2015.11.04-16.59.20:774][  0]UdpMessaging: Initializing bridge on interface 0.0.0.0:0 to multicast group 230.0.0.1:6666.
[2015.11.04-16.59.20:969][  0]LogAssetRegistry: FAssetRegistry took 0.0119 seconds to start up
[2015.11.04-16.59.21:563][  0]SourceControl: Info Source control is disabled
[2015.11.04-16.59.21:588][  0]SourceControl: Info Source control is disabled
[2015.11.04-16.59.21:634][  0]SourceControl: Info Source control is disabled
[2015.11.04-16.59.21:673][  0]SourceControl: Info Source control is disabled
[2015.11.04-16.59.22:576][  0]LogLinker:Warning: Asset '../../../Engine/Plugins/Runtime/LeapMotionController/Content/LM_PassthroughMaterial.uasset' has been saved with empty engine version. The asset will be loaded but may be incompatible.
[2015.11.04-16.59.22:894][  0]LogObj: 28361 objects as part of root set at end of initial load.
[2015.11.04-16.59.22:894][  0]LogUObjectAllocator: 6038872 out of 0 bytes used by permanent object pool.
[2015.11.04-16.59.23:068][  0]LogEngine: Initializing Engine...
[2015.11.04-16.59.23:079][  0]LogHMD: Can't find Oculus library dev build: is proper Runtime installed? Version: 0.7.0.0
[2015.11.04-16.59.23:080][  0]LogHMD: SteamVR failed to initialize.  Err: 110
[2015.11.04-16.59.23:419][  0]LogAIModule: Creating AISystem for world NewWorld
[2015.11.04-16.59.23:558][  0]LogInit: XAudio2 using 'Hoparlör (Conexant SmartAudio HD)' : 2 channels at 48 kHz using 32 bits per sample (channel mask 0x3)
[2015.11.04-16.59.23:724][  0]LogInit: FAudioDevice initialized.
[2015.11.04-16.59.23:767][  0]LogDerivedDataCache: Saved boot cache 0.04s 43MB C:/Users/Aurora/AppData/Local/UnrealEngine/4.9/DerivedDataCache/Boot.ddc.
[2015.11.04-16.59.23:771][  0]LogInit: Texture streaming: Enabled
[2015.11.04-16.59.23:791][  0]LogAnalytics: Creating configured Analytics provider AnalyticsET
[2015.11.04-16.59.23:791][  0]LogAnalytics: [UEEditor.Rocket.Release] APIServer = http://et2.epicgames.com/ET2/. AppVersion = 4.9.2-2707645+++depot+UE4-Releases+4.9
[2015.11.04-16.59.23:791][  0]LogAnalytics: [UEEditor.Rocket.Release] SetUserId 47c2a0864facb179fd28fbbd9dfcbacc|8e6e94bf73614037b9dcd8eab5c5aaf0|cf60bf3e-9968-48d2-a09d-0309a61d01c0
[2015.11.04-16.59.23:791][  0]LogAnalytics: [UEEditor.Rocket.Release] AnalyticsET::StartSession
[2015.11.04-16.59.23:875][  0]LogInit: Transaction tracking system initialized
[2015.11.04-16.59.23:980][  0]BlueprintLog: New page: Editor Load
[2015.11.04-16.59.25:078][  0]LocalizationService: Info Localization service is disabled
[2015.11.04-16.59.25:271][  0]LogLinker:Warning: Can't find file '/Game/FirstPersonBP/FirstPersonOverview'
[2015.11.04-16.59.25:271][  0]LogLinker:Warning: Can't find file '/Game/FirstPersonBP/FirstPersonOverview'
[2015.11.04-16.59.25:272][  0]LogUObjectGlobals:Warning: Failed to find object 'Class /Game/FirstPersonBP/FirstPersonOverview.FirstPersonOverview_C'
[2015.11.04-16.59.25:405][  0]LogConsoleResponse:Display: 
[2015.11.04-16.59.26:599][  0]LogFileCache: Scanning file cache for directory 'C:/Users/Aurora/Desktop/EpidemicGameProject/Epidemic_Source/Content/' took 0.07s
[2015.11.04-16.59.26:599][  0]LogCook:Display: Done creating registry. It took  0.00s.
[2015.11.04-16.59.27:319][  0]SourceControl: Info Source control is disabled
[2015.11.04-16.59.27:320][  0]Cmd: MAP LOAD FILE="../../../Engine/Content/Maps/Templates/Template_Default.umap" TEMPLATE=1 SHOWPROGRESS=1 FEATURELEVEL=3
[2015.11.04-16.59.27:322][  0]LightingResults: New page: Lighting Build
[2015.11.04-16.59.27:333][  0]MapCheck: New page: Map Check
[2015.11.04-16.59.27:333][  0]LightingResults: New page: Lighting Build
[2015.11.04-16.59.27:364][  0]LogParticles: Destroying 0 GPU particle simulations for FXSystem 0x000000FD67E22160
[2015.11.04-16.59.27:872][  0]LogAIModule: Creating AISystem for world Untitled_1
[2015.11.04-16.59.27:881][  0]LogEditorServer: Finished looking for orphan Actors (0.000 secs)
[2015.11.04-16.59.27:887][  0]Cmd: MAP CHECKDEP NOCLEARLOG
[2015.11.04-16.59.27:990][  0]MapCheck: Info Map check complete: 0 Error(s), 0 Warning(s), took 101.728ms to complete.
[2015.11.04-16.59.27:990][  0]LogFileHelpers: Loading map 'Template_Default' took 0.670
[2015.11.04-16.59.32:402][  0]LogCollectionManager: Loaded 0 collections in 0.019896 seconds
[2015.11.04-16.59.34:241][  0]LogFileCache: Scanning file cache for directory 'C:/Users/Aurora/Desktop/EpidemicGameProject/Epidemic_Source/Saved/Collections/' took 0.02s
[2015.11.04-16.59.34:241][  0]LogFileCache: Scanning file cache for directory 'C:/Users/Aurora/Desktop/EpidemicGameProject/Epidemic_Source/Content/Developers/Aurora/Collections/' took 0.01s
[2015.11.04-16.59.34:241][  0]LogFileCache: Scanning file cache for directory 'C:/Users/Aurora/Desktop/EpidemicGameProject/Epidemic_Source/Content/Collections/' took 0.01s
[2015.11.04-16.59.34:241][  0]LogContentBrowser: Native class hierarchy populated in 0.3622 seconds. Added 1867 classes and 333 folders.
[2015.11.04-16.59.35:372][  0]LogCollectionManager: Rebuilt the GUID cache for 0 collections in 0.000008 seconds
[2015.11.04-16.59.35:896][  0]LogContentBrowser: Native class hierarchy updated for 'WidgetCarousel' in 0.0014 seconds. Added 0 classes and 0 folders.
[2015.11.04-16.59.40:617][  0]LogContentBrowser: Native class hierarchy updated for 'AddContentDialog' in 0.0024 seconds. Added 0 classes and 0 folders.
[2015.11.04-16.59.42:561][  0]LogContentBrowser: Native class hierarchy updated for 'SceneOutliner' in 0.0026 seconds. Added 1 classes and 2 folders.
[2015.11.04-16.59.45:284][  0]LogCrashTracker: Crashtracker disabled due to settings.
[2015.11.04-16.59.46:573][  0]LogUObjectGlobals:Warning: Failed to find object 'Class None.'
[2015.11.04-16.59.46:965][  0]LogLoad: Full Startup: 50.31 seconds (BP compile: 0.09 seconds)
[2015.11.04-16.59.50:461][  0]LogContentStreaming: Texture pool size now 1000 MB
[2015.11.04-16.59.52:794][  0]LogRenderer: Reallocating scene render targets to support 876x572 (Frame:2).
[2015.11.04-16.59.57:405][ 14]LogAssetRegistry: Asset discovery search completed in 36.4472 seconds
[2015.11.04-16.59.57:405][ 14]LogCollectionManager: Rebuilt the object cache for 0 collections in 0.000001 seconds (found 0 objects)
[2015.11.04-16.59.57:405][ 14]LogCollectionManager: Fixed up redirectors for 0 collections in 0.000091 seconds (updated 0 objects)
[2015.11.04-17.00.06:274][565]LogAIModule: Creating AISystem for world test
[2015.11.04-17.00.06:533][565]Cmd: MAP LOAD FILE="../../../../../../Users/Aurora/Desktop/EpidemicGameProject/Epidemic_Source/Content/test.umap" TEMPLATE=0 SHOWPROGRESS=1 FEATURELEVEL=3
[2015.11.04-17.00.06:543][565]LightingResults: New page: Lighting Build
[2015.11.04-17.00.06:644][565]LoadErrors: New page: Loading map: test.umap
[2015.11.04-17.00.06:657][565]MapCheck: New page: Map Check
[2015.11.04-17.00.06:658][565]LightingResults: New page: Lighting Build
[2015.11.04-17.00.06:729][565]LogParticles: Destroying 0 GPU particle simulations for FXSystem 0x000000FD54DBADE0
[2015.11.04-17.00.06:780][565]LogEditorServer: Finished looking for orphan Actors (0.000 secs)
[2015.11.04-17.00.06:910][565]Cmd: MAP CHECKDEP NOCLEARLOG
[2015.11.04-17.00.07:237][565]MapCheck: Info Map check complete: 0 Error(s), 0 Warning(s), took 326.497ms to complete.
[2015.11.04-17.00.07:243][565]LogFileHelpers: Loading map 'test' took 0.713
[2015.11.04-17.00.10:874][654]LogActorComponent: UnregisterComponent: (/Engine/Transient.SphereBrushComponent) Not registered. Aborting.
[2015.11.04-17.00.13:008][733]LogTexture:Display: Building textures: Texture2D_2 (G8)
[2015.11.04-17.00.15:989][790]LogEditorViewport: Clicking on Actor (LMB): StaticMeshActor (Cube3)
[2015.11.04-17.00.31:541][442]LogActorFactory: Actor Factory created Cube
[2015.11.04-17.00.32:133][462]LogActorFactory: Actor Factory created Cube
[2015.11.04-17.00.45:504][969]LogEditorViewport: Clicking on Actor (context menu): StaticMeshActor (Cube3)
[2015.11.04-17.00.47:638][ 15]LogEditorViewport: Clicking Background
[2015.11.04-17.09.21:139][804]LogEditorViewport: Clicking Background
[2015.11.04-17.09.43:485][932]LogEditorViewport: Clicking on Actor (LMB): StaticMeshActor (Cube)
[2015.11.04-17.09.43:925][936]LogEditorViewport: Clicking on Component (LMB): StaticMeshComponent (StaticMeshComponent0)
[2015.11.04-17.09.55:221][639]LogEditorViewport: Clicking Background
[2015.11.04-17.09.59:802][845]LogEditorViewport: Clicking on Actor (LMB): StaticMeshActor (Cube3)
[2015.11.04-17.10.02:838][962]LogEditorViewport: Clicking on Actor (LMB): StaticMeshActor (Cube4)
[2015.11.04-17.10.06:307][106]LogEditorViewport: Clicking on Actor (LMB): StaticMeshActor (Cube2)
[2015.11.04-17.10.10:943][307]LogEditorViewport: Clicking Background
[2015.11.04-17.10.33:303][467]LogEditorViewport: Clicking on Actor (LMB): StaticMeshActor (Cube2)
[2015.11.04-17.10.33:891][472]LogEditorViewport: Clicking on Actor (LMB): StaticMeshActor (Cube2)
[2015.11.04-17.10.34:533][494]LogEditorViewport: Clicking on Actor (context menu): StaticMeshActor (Cube2)
[2015.11.04-17.10.55:337][266]LogEditorViewport: Clicking on Actor (LMB): StaticMeshActor (Cube4)
[2015.11.04-17.10.57:501][363]LogEditorViewport: Clicking on Actor (LMB): StaticMeshActor (Cube2)
[2015.11.04-17.11.00:340][415]LogVSAccessor:Warning: Couldn't set focus on Visual Studio.
[2015.11.04-17.11.00:340][415]LogVSAccessor:Warning: Couldn't access Visual Studio
[2015.11.04-17.11.00:549][415]LogVSAccessor:Warning: Couldn't access module table
[2015.11.04-17.11.00:549][415]LogVSAccessor:Warning: Couldn't access module table
[2015.11.04-17.11.00:549][415]LogVSAccessor:Warning: Couldn't access module table
[2015.11.04-17.11.00:550][415]LogVSAccessor:Warning: Couldn't access module table
[2015.11.04-17.11.00:550][415]LogVSAccessor:Warning: Couldn't access module table
[2015.11.04-17.11.00:550][415]LogVSAccessor:Warning: Couldn't access module table
[2015.11.04-17.11.00:553][415]LogVSAccessor:Warning: Couldn't access module table
[2015.11.04-17.11.00:554][415]LogVSAccessor:Warning: Couldn't access module table
[2015.11.04-17.11.00:554][415]LogVSAccessor:Warning: Couldn't access module table
[2015.11.04-17.11.00:554][415]LogVSAccessor:Warning: Couldn't access module table
[2015.11.04-17.11.00:555][415]LogVSAccessor:Warning: Couldn't access module table
[2015.11.04-17.11.00:555][415]LogVSAccessor:Warning: Couldn't access module table
[2015.11.04-17.11.00:555][415]LogVSAccessor:Warning: Couldn't access module table
[2015.11.04-17.11.00:556][415]LogVSAccessor:Warning: Couldn't access module table
[2015.11.04-17.11.00:556][415]LogVSAccessor:Warning: Couldn't access module table
[2015.11.04-17.11.00:557][415]LogVSAccessor:Warning: Couldn't access module table
[2015.11.04-17.11.00:558][415]LogVSAccessor:Warning: Couldn't access module table
[2015.11.04-17.11.00:558][415]LogVSAccessor:Warning: Couldn't access module table
[2015.11.04-17.11.00:558][415]LogVSAccessor:Warning: Couldn't access module table
[2015.11.04-17.11.00:558][415]LogVSAccessor:Warning: Couldn't access module table
[2015.11.04-17.11.00:559][415]LogVSAccessor:Warning: Couldn't access module table
[2015.11.04-17.11.00:559][415]LogVSAccessor:Warning: Couldn't access module table
[2015.11.04-17.11.00:559][415]LogVSAccessor:Warning: Couldn't access module table
[2015.11.04-17.11.00:560][415]LogVSAccessor:Warning: Couldn't access module table
[2015.11.04-17.11.00:560][415]LogVSAccessor:Warning: Couldn't access module table
[2015.11.04-17.11.00:562][415]LogVSAccessor:Warning: Couldn't access module table
[2015.11.04-17.11.00:562][415]LogVSAccessor:Warning: Couldn't access module table
[2015.11.04-17.11.00:563][415]LogVSAccessor:Warning: Couldn't access module table
[2015.11.04-17.11.00:563][415]LogVSAccessor:Warning: Couldn't access module table
[2015.11.04-17.11.00:564][415]LogVSAccessor:Warning: Couldn't access module table
[2015.11.04-17.11.00:564][415]LogVSAccessor:Warning: Couldn't access module table
[2015.11.04-17.11.00:564][415]LogVSAccessor:Warning: Couldn't access module table
[2015.11.04-17.11.00:565][415]LogVSAccessor:Warning: Couldn't access module table
[2015.11.04-17.11.00:565][415]LogVSAccessor:Warning: Couldn't access module table
[2015.11.04-17.11.00:565][415]LogVSAccessor:Warning: Couldn't access module table
[2015.11.04-17.11.00:566][415]LogVSAccessor:Warning: Couldn't access module table
[2015.11.04-17.11.00:566][415]LogVSAccessor:Warning: Couldn't access module table
[2015.11.04-17.11.00:566][415]LogVSAccessor:Warning: Couldn't access module table
[2015.11.04-17.11.00:567][415]LogVSAccessor:Warning: Couldn't access module table
[2015.11.04-17.11.00:567][415]LogVSAccessor:Warning: Couldn't access module table
[2015.11.04-17.11.00:567][415]LogVSAccessor:Warning: Couldn't access module table
[2015.11.04-17.11.00:567][415]LogVSAccessor:Warning: Couldn't access module table
[2015.11.04-17.11.00:568][415]LogVSAccessor:Warning: Couldn't access module table
[2015.11.04-17.11.00:568][415]LogVSAccessor:Warning: Couldn't access module table
[2015.11.04-17.11.00:582][415]LogVSAccessor:Warning: Couldn't access module table
[2015.11.04-17.11.00:583][415]LogVSAccessor:Warning: Couldn't access module table
[2015.11.04-17.11.00:583][415]LogVSAccessor:Warning: Couldn't access module table
[2015.11.04-17.11.00:584][415]LogVSAccessor:Warning: Couldn't access module table
[2015.11.04-17.11.00:595][415]LogVSAccessor:Warning: Couldn't access module table
[2015.11.04-17.11.00:605][415]LogVSAccessor:Warning: Couldn't access module table
[2015.11.04-17.11.00:625][415]LogVSAccessor:Warning: Couldn't access module table
[2015.11.04-17.11.00:723][415]LogVSAccessor:Warning: Couldn't access module table
[2015.11.04-17.11.00:730][415]LogVSAccessor:Warning: Couldn't access module table
[2015.11.04-17.11.00:731][415]LogVSAccessor:Warning: Couldn't access module table
[2015.11.04-17.11.00:731][415]LogVSAccessor:Warning: Couldn't access module table
[2015.11.04-17.11.00:731][415]LogVSAccessor:Warning: Couldn't access module table
[2015.11.04-17.11.00:732][415]LogVSAccessor:Warning: Couldn't access module table
[2015.11.04-17.11.00:783][415]LogVSAccessor:Warning: Couldn't access module table
[2015.11.04-17.11.00:839][415]LogVSAccessor:Warning: Couldn't access module table
[2015.11.04-17.11.00:844][415]LogVSAccessor:Warning: Couldn't access module table
[2015.11.04-17.11.00:845][415]LogVSAccessor:Warning: Couldn't access module table
[2015.11.04-17.11.00:845][415]LogVSAccessor:Warning: Couldn't access module table
[2015.11.04-17.11.00:845][415]LogVSAccessor:Warning: Couldn't access module table
[2015.11.04-17.11.00:855][415]LogVSAccessor:Warning: Couldn't access module table
[2015.11.04-17.11.00:962][415]LogVSAccessor:Warning: Couldn't access module table
[2015.11.04-17.11.00:962][415]LogVSAccessor:Warning: Couldn't access module table
[2015.11.04-17.11.00:963][415]LogVSAccessor:Warning: Couldn't access module table
[2015.11.04-17.11.48:104][248]LogEditorViewport: Clicking on Actor (LMB): StaticMeshActor (Floor)
[2015.11.04-17.11.53:124][359]LogEditorViewport: Clicking on Actor (LMB): StaticMeshActor (Cube2)
[2015.11.04-17.12.00:565][463]LogEditorViewport: Clicking on Actor (LMB): BP_Sky_Sphere_C (Sky Sphere)
[2015.11.04-17.12.02:620][517]LogEditorViewport: Clicking on Actor (LMB): StaticMeshActor (Cube4)
[2015.11.04-17.12.05:974][614]LogEditorViewport: Clicking on Actor (LMB): StaticMeshActor (Cube2)
[2015.11.04-17.12.19:720][ 28]LogEditorViewport: Clicking on Actor (LMB): StaticMeshActor (Cube4)
[2015.11.04-17.12.23:202][134]LogEditorViewport: Clicking on Actor (context menu): BP_Sky_Sphere_C (Sky Sphere)
[2015.11.04-17.12.24:898][180]LogEditorViewport: Clicking on Actor (LMB): StaticMeshActor (Cube2)
[2015.11.04-17.13.16:524][ 80]LogEditorViewport: Clicking on Actor (LMB): StaticMeshActor (Floor)
[2015.11.04-17.13.21:565][233]Cmd: OBJ SAVEPACKAGE PACKAGE="/Game/test" FILE="../../../../../../Users/Aurora/Desktop/EpidemicGameProject/Epidemic_Source/Content/test.umap" SILENT=true AUTOSAVING=false KEEPDIRTY=false
[2015.11.04-17.13.21:976][233]LogSavePackage: Save=221.510239ms
[2015.11.04-17.13.21:976][233]LogSavePackage: Moving '../../../../../../Users/Aurora/Desktop/EpidemicGameProject/Epidemic_Source/Saved/test8C2994814A515C99299CE889F77D9971.tmp' to '../../../../../../Users/Aurora/Desktop/EpidemicGameProject/Epidemic_Source/Content/test.umap'
[2015.11.04-17.13.22:014][233]LogSavePackage: Total save time: 271.035764ms
[2015.11.04-17.13.22:014][233]LogSavePackage:Warning: Finished SavePackage ../../../../../../Users/Aurora/Desktop/EpidemicGameProject/Epidemic_Source/Content/test.umap
[2015.11.04-17.15.11:622][942]LogWindowsTextInputMethodSystem:Display: IME system now deactivated.
[2015.11.04-17.15.12:976][943]Cmd: QUIT_EDITOR
[2015.11.04-17.15.14:409][943]LogExit: Preparing to exit.
[2015.11.04-17.15.15:688][943]LogExit: Editor shut down
[2015.11.04-17.15.15:689][943]LogExit: Transaction tracking system shut down
[2015.11.04-17.15.15:692][943]LogParticles: Destroying 0 GPU particle simulations for FXSystem 0x000000FD0E452B60
[2015.11.04-17.15.15:693][943]LogParticles: Destroying 0 GPU particle simulations for FXSystem 0x000000FD5734EAC0
[2015.11.04-17.15.15:693][943]LogParticles: Destroying 0 GPU particle simulations for FXSystem 0x000000FD772F6C00
[2015.11.04-17.15.15:696][943]LogParticles: Destroying 0 GPU particle simulations for FXSystem 0x000000FD572807C0
[2015.11.04-17.15.16:466][943]LogExit: Object subsystem successfully closed.
[2015.11.04-17.15.16:498][943]LogD3D11RHI: Shutdown
[2015.11.04-17.15.16:498][943]LogD3D11RHI: CleanupD3DDevice
[2015.11.04-17.15.16:810][943]LogD3D11RHI: ~FD3D11DynamicRHI
[2015.11.04-17.15.16:949][943]LogModuleManager: Shutting down and abandoning module CrashTracker (197)
[2015.11.04-17.15.16:949][943]LogModuleManager: Shutting down and abandoning module SceneOutliner (196)
[2015.11.04-17.15.16:949][943]LogModuleManager: Shutting down and abandoning module SuperSearch (195)
[2015.11.04-17.15.16:949][943]LogModuleManager: Shutting down and abandoning module WidgetCarousel (194)
[2015.11.04-17.15.16:949][943]LogModuleManager: Shutting down and abandoning module AddContentDialog (193)
[2015.11.04-17.15.16:973][943]LogModuleManager: Shutting down and abandoning module EditorWidgets (192)
[2015.11.04-17.15.16:973][943]LogModuleManager: Shutting down and abandoning module CollectionManager (191)
[2015.11.04-17.15.16:974][943]LogModuleManager: Shutting down and abandoning module StatsViewer (190)
[2015.11.04-17.15.16:974][943]LogModuleManager: Shutting down and abandoning module FoliageEdit (189)
[2015.11.04-17.15.16:974][943]LogModuleManager: Shutting down and abandoning module LandscapeEditor (188)
[2015.11.04-17.15.16:975][943]LogModuleManager: Shutting down and abandoning module ActorPickerMode (187)
[2015.11.04-17.15.16:975][943]LogModuleManager: Shutting down and abandoning module GeometryMode (186)
[2015.11.04-17.15.16:975][943]LogModuleManager: Shutting down and abandoning module TextureAlignMode (185)
[2015.11.04-17.15.16:975][943]LogModuleManager: Shutting down and abandoning module BspMode (184)
[2015.11.04-17.15.16:975][943]LogModuleManager: Shutting down and abandoning module PlacementMode (183)
[2015.11.04-17.15.16:975][943]LogModuleManager: Shutting down and abandoning module AutomationWorker (182)
[2015.11.04-17.15.16:975][943]LogModuleManager: Shutting down and abandoning module CharacterAI (181)
[2015.11.04-17.15.16:975][943]LogModuleManager: Shutting down and abandoning module SmartSnapping (180)
[2015.11.04-17.15.16:976][943]LogModuleManager: Shutting down and abandoning module ViewportSnapping (179)
[2015.11.04-17.15.16:976][943]LogModuleManager: Shutting down and abandoning module LogVisualizer (178)
[2015.11.04-17.15.16:976][943]LogModuleManager: Shutting down and abandoning module GameProjectGeneration (177)
[2015.11.04-17.15.16:976][943]LogModuleManager: Shutting down and abandoning module IntroTutorials (176)
[2015.11.04-17.15.16:995][943]LogModuleManager: Shutting down and abandoning module EditorLiveStreaming (175)
[2015.11.04-17.15.16:995][943]LogModuleManager: Shutting down and abandoning module IOSPlatformEditor (174)
[2015.11.04-17.15.16:995][943]LogModuleManager: Shutting down and abandoning module HTML5PlatformEditor (173)
[2015.11.04-17.15.16:995][943]LogModuleManager: Shutting down and abandoning module AndroidDeviceDetection (172)
[2015.11.04-17.15.17:756][943]LogModuleManager: Shutting down and abandoning module AndroidPlatformEditor (171)
[2015.11.04-17.15.17:756][943]LogModuleManager: Shutting down and abandoning module IOSRuntimeSettings (170)
[2015.11.04-17.15.17:756][943]LogModuleManager: Shutting down and abandoning module AndroidRuntimeSettings (169)
[2015.11.04-17.15.17:756][943]LogModuleManager: Shutting down and abandoning module MergeActors (168)
[2015.11.04-17.15.17:756][943]LogModuleManager: Shutting down and abandoning module SizeMap (167)
[2015.11.04-17.15.17:756][943]LogModuleManager: Shutting down and abandoning module TreeMap (166)
[2015.11.04-17.15.17:757][943]LogModuleManager: Shutting down and abandoning module ReferenceViewer (165)
[2015.11.04-17.15.17:757][943]LogModuleManager: Shutting down and abandoning module LocalizationService (164)
[2015.11.04-17.15.17:757][943]LogModuleManager: Shutting down and abandoning module LocalizationDashboard (163)
[2015.11.04-17.15.17:757][943]LogModuleManager: Shutting down and abandoning module HardwareTargeting (162)
[2015.11.04-17.15.17:757][943]LogModuleManager: Shutting down and abandoning module DeviceProfileEditor (161)
[2015.11.04-17.15.17:757][943]LogModuleManager: Shutting down and abandoning module UndoHistory (160)
[2015.11.04-17.15.17:757][943]LogModuleManager: Shutting down and abandoning module GameplayTagsEditor (159)
[2015.11.04-17.15.17:757][943]LogModuleManager: Shutting down and abandoning module UserFeedback (158)
[2015.11.04-17.15.17:757][943]LogModuleManager: Shutting down and abandoning module XmlParser (157)
[2015.11.04-17.15.17:757][943]LogModuleManager: Shutting down and abandoning module Blutility (156)
[2015.11.04-17.15.17:757][943]LogModuleManager: Shutting down and abandoning module ProjectTargetPlatformEditor (155)
[2015.11.04-17.15.17:758][943]LogModuleManager: Shutting down and abandoning module ProjectSettingsViewer (154)
[2015.11.04-17.15.17:758][943]LogModuleManager: Shutting down and abandoning module InputBindingEditor (153)
[2015.11.04-17.15.17:758][943]LogModuleManager: Shutting down and abandoning module EditorSettingsViewer (152)
[2015.11.04-17.15.17:758][943]LogModuleManager: Shutting down and abandoning module SettingsEditor (151)
[2015.11.04-17.15.17:759][943]LogModuleManager: Shutting down and abandoning module ProjectLauncher (150)
[2015.11.04-17.15.17:759][943]LogModuleManager: Shutting down and abandoning module SessionFrontend (149)
[2015.11.04-17.15.17:759][943]LogModuleManager: Shutting down and abandoning module ProfilerClient (148)
[2015.11.04-17.15.17:759][943]LogModuleManager: Shutting down and abandoning module TargetDeviceServices (147)
[2015.11.04-17.15.17:759][943]LogModuleManager: Shutting down and abandoning module DeviceManager (146)
[2015.11.04-17.15.17:759][943]LogModuleManager: Shutting down and abandoning module AutomationController (145)
[2015.11.04-17.15.17:759][943]LogModuleManager: Shutting down and abandoning module AutomationWindow (144)
[2015.11.04-17.15.17:760][943]LogModuleManager: Shutting down and abandoning module Layers (143)
[2015.11.04-17.15.17:760][943]LogModuleManager: Shutting down and abandoning module ComponentVisualizers (142)
[2015.11.04-17.15.17:760][943]LogModuleManager: Shutting down and abandoning module DetailCustomizations (141)
[2015.11.04-17.15.17:760][943]LogModuleManager: Shutting down and abandoning module PackagesDialog (140)
[2015.11.04-17.15.17:792][943]LogModuleManager: Shutting down and abandoning module Persona (139)
[2015.11.04-17.15.17:793][943]LogModuleManager: Shutting down and abandoning module Kismet (138)
[2015.11.04-17.15.17:793][943]LogModuleManager: Shutting down and abandoning module GraphEditor (137)
[2015.11.04-17.15.17:793][943]LogModuleManager: Shutting down and abandoning module ClassViewer (136)
[2015.11.04-17.15.17:793][943]LogModuleManager: Shutting down and abandoning module Toolbox (135)
[2015.11.04-17.15.17:793][943]LogModuleManager: Shutting down and abandoning module ModuleUI (134)
[2015.11.04-17.15.17:793][943]LogModuleManager: Shutting down and abandoning module MovieSceneTools (133)
[2015.11.04-17.15.17:793][943]LogModuleManager: Shutting down and abandoning module OutputLog (132)
[2015.11.04-17.15.17:793][943]LogModuleManager: Shutting down and abandoning module GammaUI (131)
[2015.11.04-17.15.17:793][943]LogModuleManager: Shutting down and abandoning module Documentation (130)
[2015.11.04-17.15.17:793][943]LogModuleManager: Shutting down and abandoning module GameLiveStreaming (129)
[2015.11.04-17.15.17:794][943]LogModuleManager: Shutting down and abandoning module StreamingPauseRendering (128)
[2015.11.04-17.15.17:794][943]LogModuleManager: Shutting down and abandoning module AnalyticsET (127)
[2015.11.04-17.15.17:794][943]LogModuleManager: Shutting down and abandoning module Analytics (126)
[2015.11.04-17.15.17:794][943]LogModuleManager: Shutting down and abandoning module AITestSuite (125)
[2015.11.04-17.15.17:794][943]LogModuleManager: Shutting down and abandoning module GameplayDebugger (124)
[2015.11.04-17.15.17:794][943]LogModuleManager: Shutting down and abandoning module AIModule (123)
[2015.11.04-17.15.17:794][943]LogModuleManager: Shutting down and abandoning module ProfilerService (122)
[2015.11.04-17.15.17:820][943]LogModuleManager: Shutting down and abandoning module TaskGraph (121)
[2015.11.04-17.15.17:820][943]LogModuleManager: Shutting down and abandoning module SlateRemote (120)
[2015.11.04-17.15.17:821][943]LogModuleManager: Shutting down and abandoning module SteamVRController (119)
[2015.11.04-17.15.17:821][943]LogModuleManager: Shutting down and abandoning module SteamVR (118)
[2015.11.04-17.15.17:821][943]LogModuleManager: Shutting down and abandoning module ProceduralMeshComponent (117)
[2015.11.04-17.15.17:821][943]LogModuleManager: Shutting down and abandoning module OculusRift (116)
[2015.11.04-17.15.17:821][943]LogModuleManager: Shutting down and abandoning module OculusLibrary (115)
[2015.11.04-17.15.17:821][943]LogModuleManager: Shutting down and abandoning module LeapMotionController (114)
[2015.11.04-17.15.17:914][943]LogModuleManager: Shutting down and abandoning module CustomMeshComponent (113)
[2015.11.04-17.15.17:914][943]LogModuleManager: Shutting down and abandoning module CableComponent (112)
[2015.11.04-17.15.17:914][943]LogModuleManager: Shutting down and abandoning module ArchVisCharacter (111)
[2015.11.04-17.15.17:914][943]LogModuleManager: Shutting down and abandoning module MessagingDebugger (110)
[2015.11.04-17.15.17:914][943]LogModuleManager: Shutting down and abandoning module MediaPlayerEditor (109)
[2015.11.04-17.15.17:914][943]LogModuleManager: Shutting down and abandoning module HTML5Networking (108)
[2015.11.04-17.15.17:914][943]LogModuleManager: Shutting down and abandoning module SpeedTreeImporter (107)
[2015.11.04-17.15.17:914][943]LogModuleManager: Shutting down and abandoning module PluginBrowser (106)
[2015.11.04-17.15.17:914][943]LogModuleManager: Shutting down and abandoning module EpicSurvey (105)
[2015.11.04-17.15.17:914][943]LogModuleManager: Shutting down and abandoning module DesktopPlatform (104)
[2015.11.04-17.15.17:915][943]LogModuleManager: Shutting down and abandoning module VisualStudioSourceCodeAccess (103)
[2015.11.04-17.15.17:915][943]LogModuleManager: Shutting down and abandoning module UObjectPlugin (102)
[2015.11.04-17.15.17:915][943]LogModuleManager: Shutting down and abandoning module SubversionSourceControl (101)
[2015.11.04-17.15.17:915][943]LogModuleManager: Shutting down and abandoning module PerforceSourceControl (100)
[2015.11.04-17.15.17:915][943]LogModuleManager: Shutting down and abandoning module SourceControl (99)
[2015.11.04-17.15.17:915][943]LogModuleManager: Shutting down and abandoning module GitSourceControl (98)
[2015.11.04-17.15.17:915][943]LogModuleManager: Shutting down and abandoning module LightPropagationVolumeEditor (97)
[2015.11.04-17.15.17:915][943]LogModuleManager: Shutting down and abandoning module PaperTiledImporter (96)
[2015.11.04-17.15.17:915][943]LogModuleManager: Shutting down and abandoning module PaperSpriteSheetImporter (95)
[2015.11.04-17.15.17:915][943]LogModuleManager: Shutting down and abandoning module MeshPaint (94)
[2015.11.04-17.15.17:915][943]LogModuleManager: Shutting down and abandoning module SlateReflector (93)
[2015.11.04-17.15.17:915][943]LogModuleManager: Shutting down and abandoning module HotReload (92)
[2015.11.04-17.15.17:916][943]LogModuleManager: Shutting down and abandoning module MainFrame (91)
[2015.11.04-17.15.17:916][943]LogModuleManager: Shutting down and abandoning module LevelEditor (90)
[2015.11.04-17.15.17:918][943]LogModuleManager: Shutting down and abandoning module DirectoryWatcher (89)
[2015.11.04-17.15.17:921][943]LogModuleManager: Shutting down and abandoning module AssetRegistry (88)
[2015.11.04-17.15.18:109][943]LogModuleManager: Shutting down and abandoning module ContentBrowser (87)
[2015.11.04-17.15.18:112][943]LogModuleManager: Shutting down and abandoning module Paper2DEditor (86)
[2015.11.04-17.15.18:112][943]LogModuleManager: Shutting down and abandoning module UdpMessaging (85)
[2015.11.04-17.15.18:213][943]LogModuleManager: Shutting down and abandoning module LightPropagationVolumeRuntime (84)
[2015.11.04-17.15.18:213][943]LogModuleManager: Shutting down and abandoning module Paper2D (83)
[2015.11.04-17.15.18:213][943]LogModuleManager: Shutting down and abandoning module WindowsMoviePlayer (82)
[2015.11.04-17.15.18:226][943]LogModuleManager: Shutting down and abandoning module Media (81)
[2015.11.04-17.15.18:226][943]LogModuleManager: Shutting down and abandoning module WmfMedia (80)
[2015.11.04-17.15.18:228][943]LogModuleManager: Shutting down and abandoning module OnlineBlueprintSupport (79)
[2015.11.04-17.15.18:228][943]LogModuleManager: Shutting down and abandoning module GameplayTasksEditor (78)
[2015.11.04-17.15.18:228][943]LogModuleManager: Shutting down and abandoning module PropertyEditor (77)
[2015.11.04-17.15.18:228][943]LogModuleManager: Shutting down and abandoning module BehaviorTreeEditor (76)
[2015.11.04-17.15.18:228][943]LogModuleManager: Shutting down and abandoning module FunctionalTesting (75)
[2015.11.04-17.15.18:228][943]LogModuleManager: Shutting down and abandoning module CollisionAnalyzer (74)
[2015.11.04-17.15.18:228][943]LogModuleManager: Shutting down and abandoning module WorkspaceMenuStructure (73)
[2015.11.04-17.15.18:228][943]LogModuleManager: Shutting down and abandoning module MessageLog (72)
[2015.11.04-17.15.18:228][943]LogModuleManager: Shutting down and abandoning module Sequencer (71)
[2015.11.04-17.15.18:228][943]LogModuleManager: Shutting down and abandoning module AssetTools (70)
[2015.11.04-17.15.18:228][943]LogModuleManager: Shutting down and abandoning module UMGEditor (69)
[2015.11.04-17.15.18:228][943]LogModuleManager: Shutting down and abandoning module UMG (68)
[2015.11.04-17.15.18:228][943]LogModuleManager: Shutting down and abandoning module Slate (67)
[2015.11.04-17.15.18:228][943]LogModuleManager: Shutting down and abandoning module EditorStyle (66)
[2015.11.04-17.15.18:241][943]LogModuleManager: Shutting down and abandoning module SessionServices (65)
[2015.11.04-17.15.18:241][943]LogModuleManager: Shutting down and abandoning module SourceCodeAccess (64)
[2015.11.04-17.15.18:241][943]LogModuleManager: Shutting down and abandoning module HeadMountedDisplay (63)
[2015.11.04-17.15.18:241][943]LogModuleManager: Shutting down and abandoning module XAudio2 (62)
[2015.11.04-17.15.18:241][943]LogModuleManager: Shutting down and abandoning module Networking (60)
[2015.11.04-17.15.18:241][943]LogModuleManager: Shutting down and abandoning module Core (59)
[2015.11.04-17.15.18:241][943]LogModuleManager: Shutting down and abandoning module KismetCompiler (58)
[2015.11.04-17.15.18:241][943]LogModuleManager: Shutting down and abandoning module PhysXFormats (57)
[2015.11.04-17.15.18:241][943]LogModuleManager: Shutting down and abandoning module MeshUtilities (56)
[2015.11.04-17.15.18:241][943]LogModuleManager: Shutting down and abandoning module CookingStats (55)
[2015.11.04-17.15.18:243][943]LogModuleManager: Shutting down and abandoning module DerivedDataCache (54)
[2015.11.04-17.15.18:322][943]LogDerivedDataCache: Shutdown
[2015.11.04-17.15.18:322][943]LogModuleManager: Shutting down and abandoning module ShaderFormatOpenGL (53)
[2015.11.04-17.15.18:322][943]LogModuleManager: Shutting down and abandoning module ShaderFormatD3D (52)
[2015.11.04-17.15.18:322][943]LogModuleManager: Shutting down and abandoning module MetalShaderFormat (51)
[2015.11.04-17.15.18:322][943]LogModuleManager: Shutting down and abandoning module TextureFormatUncompressed (50)
[2015.11.04-17.15.18:322][943]LogModuleManager: Shutting down and abandoning module TextureFormatPVR (49)
[2015.11.04-17.15.18:322][943]LogModuleManager: Shutting down and abandoning module TextureFormatIntelISPCTexComp (48)
[2015.11.04-17.15.18:322][943]LogModuleManager: Shutting down and abandoning module TextureFormatDXT (47)
[2015.11.04-17.15.18:322][943]LogModuleManager: Shutting down and abandoning module ImageWrapper (46)
[2015.11.04-17.15.18:322][943]LogModuleManager: Shutting down and abandoning module TextureFormatASTC (45)
[2015.11.04-17.15.18:322][943]LogModuleManager: Shutting down and abandoning module TextureFormatAndroid (44)
[2015.11.04-17.15.18:322][943]LogModuleManager: Shutting down and abandoning module AudioFormatOpus (43)
[2015.11.04-17.15.18:323][943]LogModuleManager: Shutting down and abandoning module AudioFormatOgg (42)
[2015.11.04-17.15.18:323][943]LogModuleManager: Shutting down and abandoning module AudioFormatADPCM (41)
[2015.11.04-17.15.18:323][943]LogModuleManager: Shutting down and abandoning module LinuxTargetPlatform (40)
[2015.11.04-17.15.18:323][943]LogModuleManager: Shutting down and abandoning module LinuxServerTargetPlatform (39)
[2015.11.04-17.15.18:323][943]LogModuleManager: Shutting down and abandoning module LinuxNoEditorTargetPlatform (38)
[2015.11.04-17.15.18:323][943]LogModuleManager: Shutting down and abandoning module Messaging (37)
[2015.11.04-17.15.18:323][943]LogModuleManager: Shutting down and abandoning module IOSTargetPlatform (36)
[2015.11.04-17.15.18:323][943]LogModuleManager: Shutting down and abandoning module HTML5TargetPlatform (35)
[2015.11.04-17.15.18:323][943]LogModuleManager: Shutting down and abandoning module Android_PVRTCTargetPlatform (34)
[2015.11.04-17.15.18:323][943]LogModuleManager: Shutting down and abandoning module Android_ETC2TargetPlatform (33)
[2015.11.04-17.15.18:323][943]LogModuleManager: Shutting down and abandoning module Android_ETC1TargetPlatform (32)
[2015.11.04-17.15.18:323][943]LogModuleManager: Shutting down and abandoning module Android_DXTTargetPlatform (31)
[2015.11.04-17.15.18:323][943]LogModuleManager: Shutting down and abandoning module Android_ATCTargetPlatform (30)
[2015.11.04-17.15.18:323][943]LogModuleManager: Shutting down and abandoning module Android_ASTCTargetPlatform (29)
[2015.11.04-17.15.18:323][943]LogModuleManager: Shutting down and abandoning module AndroidTargetPlatform (28)
[2015.11.04-17.15.18:323][943]LogModuleManager: Shutting down and abandoning module WindowsTargetPlatform (27)
[2015.11.04-17.15.18:323][943]LogModuleManager: Shutting down and abandoning module WindowsServerTargetPlatform (26)
[2015.11.04-17.15.18:323][943]LogModuleManager: Shutting down and abandoning module WindowsNoEditorTargetPlatform (25)
[2015.11.04-17.15.18:323][943]LogModuleManager: Shutting down and abandoning module WindowsClientTargetPlatform (24)
[2015.11.04-17.15.18:323][943]LogModuleManager: Shutting down and abandoning module AllDesktopTargetPlatform (23)
[2015.11.04-17.15.18:323][943]LogModuleManager: Shutting down and abandoning module TargetPlatform (22)
[2015.11.04-17.15.18:323][943]LogModuleManager: Shutting down and abandoning module InputCore (21)
[2015.11.04-17.15.18:323][943]LogModuleManager: Shutting down and abandoning module Settings (20)
[2015.11.04-17.15.18:324][943]LogModuleManager: Shutting down and abandoning module OnlineSubsystem (18)
[2015.11.04-17.15.18:324][943]LogModuleManager: Shutting down and abandoning module HTTP (17)
[2015.11.04-17.15.19:326][943]LogModuleManager: Shutting down and abandoning module XMPP (16)
[2015.11.04-17.15.19:326][943]LogModuleManager: Shutting down and abandoning module ExampleDeviceProfileSelector (15)
[2015.11.04-17.15.19:327][943]LogModuleManager: Shutting down and abandoning module TextureCompressor (14)
[2015.11.04-17.15.19:327][943]LogModuleManager: Shutting down and abandoning module ShaderCore (13)
[2015.11.04-17.15.19:327][943]LogModuleManager: Shutting down and abandoning module Landscape (12)
[2015.11.04-17.15.19:327][943]LogModuleManager: Shutting down and abandoning module SlateRHIRenderer (11)
[2015.11.04-17.15.19:330][943]LogModuleManager: Shutting down and abandoning module OpenGLDrv (10)
[2015.11.04-17.15.19:331][943]LogModuleManager: Shutting down and abandoning module D3D11RHI (9)
[2015.11.04-17.15.19:331][943]LogModuleManager: Shutting down and abandoning module AnimGraphRuntime (8)
[2015.11.04-17.15.19:331][943]LogModuleManager: Shutting down and abandoning module Renderer (7)
[2015.11.04-17.15.19:331][943]LogModuleManager: Shutting down and abandoning module Engine (6)
[2015.11.04-17.15.19:331][943]LogModuleManager: Shutting down and abandoning module CoreUObject (5)
[2015.11.04-17.15.19:331][943]LogModuleManager: Shutting down and abandoning module NetworkFile (4)
[2015.11.04-17.15.19:331][943]LogModuleManager: Shutting down and abandoning module StreamingFile (3)
[2015.11.04-17.15.19:331][943]LogModuleManager: Shutting down and abandoning module SandboxFile (2)
[2015.11.04-17.15.19:332][943]LogModuleManager: Shutting down and abandoning module PakFile (1)
[2015.11.04-17.15.19:334][943]LogExit: Exiting.
[2015.11.04-17.15.19:388][943]Log file closed, 11/04/15 20:15:19
