[2015.11.07-10.01.54:924][  0]Log file open, 11/07/15 12:01:54
[2015.11.07-10.01.54:924][  0]LogInit:Display: Running engine for game: Epidemic_Source
[2015.11.07-10.01.54:924][  0]LogInit:Display: RandInit(-373559393) SRandInit(-373559392).
[2015.11.07-10.01.54:924][  0]LogTaskGraph: Started task graph with 4 named threads and 7 total threads.
[2015.11.07-10.01.54:924][  0]LogStats: Stats thread started at 0.076385
[2015.11.07-10.01.54:924][  0]LogInit: Version: 4.9.2-2707645+++depot+UE4-Releases+4.9
[2015.11.07-10.01.54:924][  0]LogInit: API Version: 2672455
[2015.11.07-10.01.54:924][  0]LogInit: Compiled (64-bit): Sep 28 2015 10:25:44
[2015.11.07-10.01.54:924][  0]LogInit: Compiled with Visual C++: 18.00.21005.01
[2015.11.07-10.01.54:924][  0]LogInit: Build Configuration: Development
[2015.11.07-10.01.54:924][  0]LogInit: Branch Name: ++depot+UE4-Releases+4.9
[2015.11.07-10.01.54:924][  0]LogInit: Command line:  
[2015.11.07-10.01.54:924][  0]LogInit: Base directory: E:/Programs/EpicGames/Epic Games/4.9/Engine/Binaries/Win64/
[2015.11.07-10.01.54:924][  0]LogInit: Rocket: 1
[2015.11.07-10.01.54:932][  0]LogInit: Using libcurl 7.41.0
[2015.11.07-10.01.54:932][  0]LogInit:  - built for x86_64-pc-win32
[2015.11.07-10.01.54:932][  0]LogInit:  - supports SSL with WinSSL
[2015.11.07-10.01.54:932][  0]LogInit:  - other features:
[2015.11.07-10.01.54:932][  0]LogInit:      CURL_VERSION_SSL
[2015.11.07-10.01.54:932][  0]LogInit:      CURL_VERSION_IPV6
[2015.11.07-10.01.54:932][  0]LogInit:      CURL_VERSION_ASYNCHDNS
[2015.11.07-10.01.54:932][  0]LogInit:      CURL_VERSION_LARGEFILE
[2015.11.07-10.01.54:932][  0]LogInit:      CURL_VERSION_IDN
[2015.11.07-10.01.54:932][  0]LogInit:  CurlRequestOptions (configurable via config and command line):
[2015.11.07-10.01.54:932][  0]LogInit:  - bVerifyPeer = true  - Libcurl will verify peer certificate
[2015.11.07-10.01.54:932][  0]LogInit:  - bUseHttpProxy = false  - Libcurl will NOT use HTTP proxy
[2015.11.07-10.01.54:932][  0]LogInit:  - bDontReuseConnections = false  - Libcurl will reuse connections
[2015.11.07-10.01.54:932][  0]LogInit:  - CertBundlePath = nullptr  - Libcurl will use whatever was configured at build time.
[2015.11.07-10.01.54:939][  0]LogInit: Presizing for 0 objects not considered by GC, pre-allocating 0 bytes.
[2015.11.07-10.01.54:949][  0]LogInit: Object subsystem initialized
[2015.11.07-10.01.54:951][  0]LogInit: Selected Device Profile: [Windows]
[2015.11.07-10.01.54:951][  0]LogInit: Applying CVar settings loaded from the selected device profile: [Windows]
[2015.11.07-10.01.54:966][  0]LogInit: Computer: GRONIA-FERDI
[2015.11.07-10.01.54:966][  0]LogInit: User: Ferdi
[2015.11.07-10.01.54:966][  0]LogInit: CPU Page size=4096, Cores=4
[2015.11.07-10.01.54:966][  0]LogInit: High frequency timer resolution =3.312785 MHz
[2015.11.07-10.01.54:966][  0]LogMemory: Memory total: Physical=8.0GB (8GB approx)
[2015.11.07-10.01.54:967][  0]LogMemory: Platform Memory Stats for Windows
[2015.11.07-10.01.54:967][  0]LogMemory: Process Physical Memory: 54.77 MB used, 54.77 MB peak
[2015.11.07-10.01.54:967][  0]LogMemory: Process Virtual Memory: 57.30 MB used, 57.30 MB peak
[2015.11.07-10.01.54:967][  0]LogMemory: Physical Memory: 4798.37 MB used, 8174.70 MB total
[2015.11.07-10.01.54:967][  0]LogMemory: Virtual Memory: 366.86 MB used, 134217728.00 MB total
[2015.11.07-10.01.54:997][  0]LogTextLocalizationManager: No specific translations for ('en-US') exist, so ('en') translations will be used.
[2015.11.07-10.01.55:783][  0]LogD3D11RHI: Found D3D11 adapter 0: AMD Radeon R9 200 Series (Feature Level 11_0)
[2015.11.07-10.01.55:783][  0]LogD3D11RHI: Adapter has 3050MB of dedicated video memory, 0MB of dedicated system memory, and 4087MB of shared system memory, 2 output[s]
[2015.11.07-10.01.55:785][  0]LogD3D11RHI: Found D3D11 adapter 1: Microsoft Basic Render Driver (Feature Level 11_0)
[2015.11.07-10.01.55:785][  0]LogD3D11RHI: Adapter has 0MB of dedicated video memory, 0MB of dedicated system memory, and 4087MB of shared system memory, 0 output[s]
[2015.11.07-10.01.55:785][  0]LogD3D11RHI: Chosen D3D11 Adapter Id = 0
[2015.11.07-10.01.55:788][  0]LogD3D11RHI: !Direct3DDevice
[2015.11.07-10.01.55:788][  0]LogRHI: Texture pool is 1361 MB (70% of 1945 MB)
[2015.11.07-10.01.55:795][  0]LogD3D11RHI: Async texture creation disabled: no driver support
[2015.11.07-10.01.55:808][  0]LogShaderCompilers: Guid format shader working directory is 15 characters bigger than the processId version (D:/EpidemicGameProject/Epidemic_Source/Intermediate/Shaders/WorkingDirectory/4700/).
[2015.11.07-10.01.55:808][  0]LogShaderCompilers: Cleaned the shader compiler working directory 'D:/EpidemicGameProject/Epidemic_Source/Intermediate/Shaders/tmp/648C98C64461AF73C3D2D09E474E0835/'.
[2015.11.07-10.01.55:808][  0]LogShaderCompilers:Display: Using Local Shader Compiler.
[2015.11.07-10.01.57:036][  0]LogTemp:Display: Loaded TP AllDesktopTargetPlatform
[2015.11.07-10.01.57:041][  0]LogTemp:Display: Loaded TP WindowsClientTargetPlatform
[2015.11.07-10.01.57:047][  0]LogTemp:Display: Loaded TP WindowsNoEditorTargetPlatform
[2015.11.07-10.01.57:051][  0]LogTemp:Display: Loaded TP WindowsServerTargetPlatform
[2015.11.07-10.01.57:056][  0]LogTemp:Display: Loaded TP WindowsTargetPlatform
[2015.11.07-10.01.57:062][  0]LogTemp:Display: Loaded TP AndroidTargetPlatform
[2015.11.07-10.01.57:066][  0]LogTemp:Display: Loaded TP Android_ASTCTargetPlatform
[2015.11.07-10.01.57:069][  0]LogTemp:Display: Loaded TP Android_ATCTargetPlatform
[2015.11.07-10.01.57:072][  0]LogTemp:Display: Loaded TP Android_DXTTargetPlatform
[2015.11.07-10.01.57:075][  0]LogTemp:Display: Loaded TP Android_ETC1TargetPlatform
[2015.11.07-10.01.57:079][  0]LogTemp:Display: Loaded TP Android_ETC2TargetPlatform
[2015.11.07-10.01.57:083][  0]LogTemp:Display: Loaded TP Android_PVRTCTargetPlatform
[2015.11.07-10.01.57:083][  0]LogTemp:Display: Loaded TP HTML5TargetPlatform
[2015.11.07-10.01.57:102][  0]LogTemp:Display: Loaded TP IOSTargetPlatform
[2015.11.07-10.01.57:105][  0]LogTemp:Display: Loaded TP LinuxNoEditorTargetPlatform
[2015.11.07-10.01.57:108][  0]LogTemp:Display: Loaded TP LinuxServerTargetPlatform
[2015.11.07-10.01.57:114][  0]LogTemp:Display: Loaded TP LinuxTargetPlatform
[2015.11.07-10.01.57:114][  0]LogTargetPlatformManager:Display: Building Assets For Windows
[2015.11.07-10.01.57:187][  0]LogDerivedDataCache:Display: Max Cache Size: 512 MB
[2015.11.07-10.01.57:510][  0]LogDerivedDataCache: Loaded boot cache 0.32s 41MB C:/Users/Ferdi/AppData/Local/UnrealEngine/4.9/DerivedDataCache/Boot.ddc.
[2015.11.07-10.01.57:510][  0]LogDerivedDataCache:Display: Loaded Boot cache: C:/Users/Ferdi/AppData/Local/UnrealEngine/4.9/DerivedDataCache/Boot.ddc
[2015.11.07-10.01.57:510][  0]LogDerivedDataCache: FDerivedDataBackendGraph:  Pak pak cache file D:/EpidemicGameProject/Epidemic_Source/DerivedDataCache/DDC.ddp not found, will not use a pak cache.
[2015.11.07-10.01.57:510][  0]LogDerivedDataCache: Unable to find inner node Pak for hierarchical cache Hierarchy.
[2015.11.07-10.01.57:510][  0]LogDerivedDataCache: FDerivedDataBackendGraph:  CompressedPak pak cache file D:/EpidemicGameProject/Epidemic_Source/DerivedDataCache/Compressed.ddp not found, will not use a pak cache.
[2015.11.07-10.01.57:510][  0]LogDerivedDataCache: Unable to find inner node CompressedPak for hierarchical cache Hierarchy.
[2015.11.07-10.01.57:665][  0]LogDerivedDataCache:Display: Pak cache opened for reading ../../../Engine/DerivedDataCache/Compressed.ddp.
[2015.11.07-10.01.57:677][  0]LogDerivedDataCache: Using Local data cache path C:/Users/Ferdi/AppData/Local/UnrealEngine/Common/DerivedDataCache: Writable
[2015.11.07-10.01.57:876][  0]LogInit: Selected Device Profile: [Windows]
[2015.11.07-10.01.57:880][  0]LogContentStreaming: Texture pool size is 0.000000MB
[2015.11.07-10.01.58:003][  0]LogMeshUtilities: No automatic mesh reduction module available
[2015.11.07-10.01.58:003][  0]LogMeshUtilities: No automatic mesh merging module available
[2015.11.07-10.01.58:262][  0]LogInit: WinSock: version 1.1 (2.2), MaxSocks=32767, MaxUdp=65467
[2015.11.07-10.02.00:171][  0]UdpMessaging: Initializing bridge on interface 0.0.0.0:0 to multicast group 230.0.0.1:6666.
[2015.11.07-10.02.00:297][  0]LogAssetRegistry: FAssetRegistry took 0.0110 seconds to start up
[2015.11.07-10.02.00:485][  0]SourceControl: Info Source control is disabled
[2015.11.07-10.02.00:501][  0]SourceControl: Info Source control is disabled
[2015.11.07-10.02.00:511][  0]SourceControl: Info Source control is disabled
[2015.11.07-10.02.00:522][  0]SourceControl: Info Source control is disabled
[2015.11.07-10.02.00:681][  0]LogLinker:Warning: Asset '../../../Engine/Plugins/Runtime/LeapMotionController/Content/LM_PassthroughMaterial.uasset' has been saved with empty engine version. The asset will be loaded but may be incompatible.
[2015.11.07-10.02.00:754][  0]LogObj: 28361 objects as part of root set at end of initial load.
[2015.11.07-10.02.00:754][  0]LogUObjectAllocator: 6038872 out of 0 bytes used by permanent object pool.
[2015.11.07-10.02.00:821][  0]LogEngine: Initializing Engine...
[2015.11.07-10.02.00:823][  0]LogHMD: Can't find Oculus library dev build: is proper Runtime installed? Version: 0.7.0.0
[2015.11.07-10.02.00:824][  0]LogHMD: SteamVR failed to initialize.  Err: 110
[2015.11.07-10.02.00:975][  0]LogAIModule: Creating AISystem for world NewWorld
[2015.11.07-10.02.00:982][  0]LogInit: XAudio2 using 'Speakers (2- G510 Gaming Keyboard)' : 2 channels at 48 kHz using 16 bits per sample (channel mask 0x3)
[2015.11.07-10.02.00:990][  0]LogInit: FAudioDevice initialized.
[2015.11.07-10.02.01:014][  0]LogDerivedDataCache: Saved boot cache 0.02s 41MB C:/Users/Ferdi/AppData/Local/UnrealEngine/4.9/DerivedDataCache/Boot.ddc.
[2015.11.07-10.02.01:022][  0]LogInit: Texture streaming: Enabled
[2015.11.07-10.02.01:027][  0]LogAnalytics: Creating configured Analytics provider AnalyticsET
[2015.11.07-10.02.01:027][  0]LogAnalytics: [UEEditor.Rocket.Release] APIServer = http://et2.epicgames.com/ET2/. AppVersion = 4.9.2-2707645+++depot+UE4-Releases+4.9
[2015.11.07-10.02.01:027][  0]LogAnalytics: [UEEditor.Rocket.Release] SetUserId 4d6edf494aaa6366e0fc9cbfe9311ea0|29085979fd9e49d891c67b2b1d3c3f13|3c529454-2f3a-4a5c-9d67-9588c1286bf3
[2015.11.07-10.02.01:027][  0]LogAnalytics: [UEEditor.Rocket.Release] AnalyticsET::StartSession
[2015.11.07-10.02.01:062][  0]LogInit: Transaction tracking system initialized
[2015.11.07-10.02.01:096][  0]BlueprintLog: New page: Editor Load
[2015.11.07-10.02.01:206][  0]LocalizationService: Info Localization service is disabled
[2015.11.07-10.02.01:287][  0]LogConsoleResponse:Display: 
[2015.11.07-10.02.01:440][  0]LogCook:Display: Done creating registry. It took  0.00s.
[2015.11.07-10.02.01:509][  0]LogFileCache: Scanning file cache for directory 'D:/EpidemicGameProject/Epidemic_Source/Content/' took 0.02s
[2015.11.07-10.02.01:509][  0]SourceControl: Info Source control is disabled
[2015.11.07-10.02.01:509][  0]Cmd: MAP LOAD FILE="D:/EpidemicGameProject/Epidemic_Source/Content/Scenes/test.umap" TEMPLATE=0 SHOWPROGRESS=1 FEATURELEVEL=3
[2015.11.07-10.02.01:510][  0]LightingResults: New page: Lighting Build
[2015.11.07-10.02.01:512][  0]MapCheck: New page: Map Check
[2015.11.07-10.02.01:512][  0]LightingResults: New page: Lighting Build
[2015.11.07-10.02.01:526][  0]LogParticles: Destroying 0 GPU particle simulations for FXSystem 0x000000F8D9A66160
[2015.11.07-10.02.02:071][  0]LogAIModule: Creating AISystem for world test
[2015.11.07-10.02.02:079][  0]LogEditorServer: Finished looking for orphan Actors (0.000 secs)
[2015.11.07-10.02.02:079][  0]Cmd: MAP CHECKDEP NOCLEARLOG
[2015.11.07-10.02.02:136][  0]MapCheck: Info Map check complete: 0 Error(s), 0 Warning(s), took 55.933ms to complete.
[2015.11.07-10.02.02:136][  0]LogFileHelpers: Loading map 'test' took 0.626
[2015.11.07-10.02.02:287][  0]LogCollectionManager: Loaded 0 collections in 0.002293 seconds
[2015.11.07-10.02.02:331][  0]LogFileCache: Scanning file cache for directory 'D:/EpidemicGameProject/Epidemic_Source/Saved/Collections/' took 0.01s
[2015.11.07-10.02.02:331][  0]LogFileCache: Scanning file cache for directory 'D:/EpidemicGameProject/Epidemic_Source/Content/Developers/Ferdi/Collections/' took 0.01s
[2015.11.07-10.02.02:331][  0]LogFileCache: Scanning file cache for directory 'D:/EpidemicGameProject/Epidemic_Source/Content/Collections/' took 0.01s
[2015.11.07-10.02.02:331][  0]LogContentBrowser: Native class hierarchy populated in 0.0093 seconds. Added 1867 classes and 333 folders.
[2015.11.07-10.02.02:341][  0]LogCollectionManager: Rebuilt the GUID cache for 0 collections in 0.000003 seconds
[2015.11.07-10.02.02:347][  0]LogContentBrowser: Native class hierarchy updated for 'WidgetCarousel' in 0.0005 seconds. Added 0 classes and 0 folders.
[2015.11.07-10.02.02:482][  0]LogContentBrowser: Native class hierarchy updated for 'AddContentDialog' in 0.0005 seconds. Added 0 classes and 0 folders.
[2015.11.07-10.02.02:486][  0]LogContentBrowser: Native class hierarchy updated for 'SceneOutliner' in 0.0003 seconds. Added 1 classes and 2 folders.
[2015.11.07-10.02.02:556][  0]LogCrashTracker: Crashtracker disabled due to settings.
[2015.11.07-10.02.02:560][  0]LogUObjectGlobals:Warning: Failed to find object 'Class None.'
[2015.11.07-10.02.02:582][  0]LogLoad: Full Startup: 8.36 seconds (BP compile: 0.13 seconds)
[2015.11.07-10.02.02:688][  0]LogContentStreaming: Texture pool size now 1000 MB
[2015.11.07-10.02.02:847][  0]LogRenderer: Reallocating scene render targets to support 1176x576 (Frame:2).
[2015.11.07-10.02.03:516][  6]LogAssetRegistry: Asset discovery search completed in 3.2294 seconds
[2015.11.07-10.02.03:516][  6]LogCollectionManager: Rebuilt the object cache for 0 collections in 0.000001 seconds (found 0 objects)
[2015.11.07-10.02.03:516][  6]LogCollectionManager: Fixed up redirectors for 0 collections in 0.000037 seconds (updated 0 objects)
[2015.11.07-10.02.05:906][252]LogLinker:Warning: Asset '../../../Engine/Content/ArtTools/RenderToTexture/Macros/RenderToTextureMacros.uasset' has been saved with empty engine version. The asset will be loaded but may be incompatible.
[2015.11.07-10.02.06:524][252]LogContentBrowser: Native class hierarchy updated for 'BlueprintGraph' in 0.0008 seconds. Added 107 classes and 0 folders.
[2015.11.07-10.02.15:550][688]LogBlueprintUserMessages: Early PlayInEditor Detection: Level '/Game/Scenes/test.test:PersistentLevel' has LevelScriptBlueprint '/Game/Scenes/test.test:PersistentLevel.test' with GeneratedClass '/Game/Scenes/test.test_C' with ClassGeneratedBy '/Game/Scenes/test.test:PersistentLevel.test'
[2015.11.07-10.02.15:550][688]LogPlayLevel: PlayLevel: No blueprints needed recompiling
[2015.11.07-10.02.15:550][688]PIE: New page: PIE session: test (Nov 7, 2015, 2:02:15 PM)
[2015.11.07-10.02.15:550][688]LogPlayLevel: Creating play world package: /Game/Scenes/UEDPIE_0_test
[2015.11.07-10.02.15:557][688]LogPlayLevel: PIE: StaticDuplicateObject took: (0.006538s)
[2015.11.07-10.02.15:558][688]LogAIModule: Creating AISystem for world test
[2015.11.07-10.02.15:558][688]LogPlayLevel: PIE: World Init took: (0.000999s)
[2015.11.07-10.02.15:558][688]LogPlayLevel: PIE: Created PIE world by copying editor world from /Game/Scenes/test.test to /Game/Scenes/UEDPIE_0_test.test (0.007827s)
[2015.11.07-10.02.15:558][688]LogActorComponent: UnregisterComponent: (/Engine/Transient.ProjectileMovement_GEN_VARIABLE) Not registered. Aborting.
[2015.11.07-10.02.15:603][688]LogInit: XAudio2 using 'Speakers (2- G510 Gaming Keyboard)' : 2 channels at 48 kHz using 16 bits per sample (channel mask 0x3)
[2015.11.07-10.02.15:609][688]LogInit: FAudioDevice initialized.
[2015.11.07-10.02.15:657][688]LogWorld: Game class is 'EpidemicGameMode_C'
[2015.11.07-10.02.15:660][688]LogWorld: Bringing World /Game/Scenes/UEDPIE_0_test.test up for play (max tick rate 0) at 2015.11.07-12.02.15
[2015.11.07-10.02.15:660][688]LogActor:Warning: GameSession /Game/Scenes/UEDPIE_0_test.test:PersistentLevel.GameSession_0 has natively added scene component(s), but none of them were set as the actor's RootComponent - picking one arbitrarily
[2015.11.07-10.02.15:661][688]LogActor:Warning: GameNetworkManager /Game/Scenes/UEDPIE_0_test.test:PersistentLevel.GameNetworkManager_0 has natively added scene component(s), but none of them were set as the actor's RootComponent - picking one arbitrarily
[2015.11.07-10.02.15:661][688]LogWorld: Bringing up level for play took: 0.002860
[2015.11.07-10.02.15:666][688]PIE: Info Play in editor start time for /Game/Scenes/UEDPIE_0_test 0.54
[2015.11.07-10.02.15:666][688]LogBlueprintUserMessages: Late PlayInEditor Detection: Level '/Game/Scenes/test.test:PersistentLevel' has LevelScriptBlueprint '/Game/Scenes/test.test:PersistentLevel.test' with GeneratedClass '/Game/Scenes/test.test_C' with ClassGeneratedBy '/Game/Scenes/test.test:PersistentLevel.test'
[2015.11.07-10.03.04:782][706]LogProjectileMovement:Warning: TestBullet_C_2 is outside the world bounds!
[2015.11.07-10.03.10:172][144]LogSpawn:Warning: SpawnActor failed because of collision at the spawn location [X=115.344 Y=198.669 Z=163.057] for [TestBullet_C]
[2015.11.07-10.03.10:628][181]LogSpawn:Warning: SpawnActor failed because of collision at the spawn location [X=115.344 Y=198.669 Z=163.057] for [TestBullet_C]
[2015.11.07-10.03.10:796][195]LogSpawn:Warning: SpawnActor failed because of collision at the spawn location [X=115.344 Y=198.669 Z=163.057] for [TestBullet_C]
[2015.11.07-10.03.11:292][237]LogSpawn:Warning: SpawnActor failed because of collision at the spawn location [X=115.344 Y=198.669 Z=163.057] for [TestBullet_C]
[2015.11.07-10.03.12:415][331]LogSpawn:Warning: SpawnActor failed because of collision at the spawn location [X=115.344 Y=198.669 Z=163.057] for [TestBullet_C]
[2015.11.07-10.03.12:623][349]LogSpawn:Warning: SpawnActor failed because of collision at the spawn location [X=120.635 Y=198.692 Z=188.811] for [TestBullet_C]
[2015.11.07-10.03.13:470][416]LogSpawn:Warning: SpawnActor failed because of collision at the spawn location [X=115.344 Y=198.669 Z=163.057] for [TestBullet_C]
[2015.11.07-10.03.13:651][431]LogSpawn:Warning: SpawnActor failed because of collision at the spawn location [X=117.388 Y=198.677 Z=220.173] for [TestBullet_C]
[2015.11.07-10.03.14:402][491]LogSpawn:Warning: SpawnActor failed because of collision at the spawn location [X=115.344 Y=198.669 Z=163.057] for [TestBullet_C]
[2015.11.07-10.03.14:575][505]LogSpawn:Warning: SpawnActor failed because of collision at the spawn location [X=115.344 Y=198.669 Z=163.057] for [TestBullet_C]
[2015.11.07-10.03.14:743][518]LogSpawn:Warning: SpawnActor failed because of collision at the spawn location [X=115.344 Y=198.669 Z=163.057] for [TestBullet_C]
[2015.11.07-10.03.14:917][531]LogSpawn:Warning: SpawnActor failed because of collision at the spawn location [X=117.388 Y=198.677 Z=220.455] for [TestBullet_C]
[2015.11.07-10.03.15:274][560]LogSpawn:Warning: SpawnActor failed because of collision at the spawn location [X=117.388 Y=198.677 Z=272.890] for [TestBullet_C]
[2015.11.07-10.03.15:451][575]LogSpawn:Warning: SpawnActor failed because of collision at the spawn location [X=117.388 Y=198.677 Z=226.187] for [TestBullet_C]
[2015.11.07-10.03.15:639][588]LogSpawn:Warning: SpawnActor failed because of collision at the spawn location [X=115.344 Y=198.669 Z=163.057] for [TestBullet_C]
[2015.11.07-10.03.15:822][603]LogSpawn:Warning: SpawnActor failed because of collision at the spawn location [X=117.388 Y=198.677 Z=223.844] for [TestBullet_C]
[2015.11.07-10.03.16:029][620]LogSpawn:Warning: SpawnActor failed because of collision at the spawn location [X=117.388 Y=198.677 Z=270.098] for [TestBullet_C]
[2015.11.07-10.03.16:189][633]LogSpawn:Warning: SpawnActor failed because of collision at the spawn location [X=117.388 Y=198.677 Z=271.968] for [TestBullet_C]
[2015.11.07-10.03.22:637][161]LogBlueprintUserMessages: Early EndPlayMap Detection: Level '/Game/Scenes/test.test:PersistentLevel' has LevelScriptBlueprint '/Game/Scenes/test.test:PersistentLevel.test' with GeneratedClass '/Game/Scenes/test.test_C' with ClassGeneratedBy '/Game/Scenes/test.test:PersistentLevel.test'
[2015.11.07-10.03.22:671][161]LogBlueprintUserMessages: Late EndPlayMap Detection: Level '/Game/Scenes/test.test:PersistentLevel' has LevelScriptBlueprint '/Game/Scenes/test.test:PersistentLevel.test' with GeneratedClass '/Game/Scenes/test.test_C' with ClassGeneratedBy '/Game/Scenes/test.test:PersistentLevel.test'
[2015.11.07-10.03.22:701][161]LogParticles: Destroying 0 GPU particle simulations for FXSystem 0x000000F8BA3AC9A0
[2015.11.07-10.03.24:416][298]LogBlueprintUserMessages: Early PlayInEditor Detection: Level '/Game/Scenes/test.test:PersistentLevel' has LevelScriptBlueprint '/Game/Scenes/test.test:PersistentLevel.test' with GeneratedClass '/Game/Scenes/test.test_C' with ClassGeneratedBy '/Game/Scenes/test.test:PersistentLevel.test'
[2015.11.07-10.03.24:416][298]LogPlayLevel: PlayLevel: No blueprints needed recompiling
[2015.11.07-10.03.24:416][298]PIE: New page: PIE session: test (Nov 7, 2015, 2:03:24 PM)
[2015.11.07-10.03.24:416][298]LogPlayLevel: Creating play world package: /Game/Scenes/UEDPIE_0_test
[2015.11.07-10.03.24:421][298]LogPlayLevel: PIE: StaticDuplicateObject took: (0.005335s)
[2015.11.07-10.03.24:422][298]LogAIModule: Creating AISystem for world test
[2015.11.07-10.03.24:422][298]LogPlayLevel: PIE: World Init took: (0.000684s)
[2015.11.07-10.03.24:422][298]LogPlayLevel: PIE: Created PIE world by copying editor world from /Game/Scenes/test.test to /Game/Scenes/UEDPIE_0_test.test (0.006188s)
[2015.11.07-10.03.24:452][298]LogInit: XAudio2 using 'Speakers (2- G510 Gaming Keyboard)' : 2 channels at 48 kHz using 16 bits per sample (channel mask 0x3)
[2015.11.07-10.03.24:457][298]LogInit: FAudioDevice initialized.
[2015.11.07-10.03.24:493][298]LogWorld: Game class is 'EpidemicGameMode_C'
[2015.11.07-10.03.24:496][298]LogWorld: Bringing World /Game/Scenes/UEDPIE_0_test.test up for play (max tick rate 0) at 2015.11.07-12.03.24
[2015.11.07-10.03.24:496][298]LogActor:Warning: GameSession /Game/Scenes/UEDPIE_0_test.test:PersistentLevel.GameSession_1 has natively added scene component(s), but none of them were set as the actor's RootComponent - picking one arbitrarily
[2015.11.07-10.03.24:496][298]LogActor:Warning: GameNetworkManager /Game/Scenes/UEDPIE_0_test.test:PersistentLevel.GameNetworkManager_1 has natively added scene component(s), but none of them were set as the actor's RootComponent - picking one arbitrarily
[2015.11.07-10.03.24:496][298]LogWorld: Bringing up level for play took: 0.002331
[2015.11.07-10.03.24:499][298]PIE: Info Play in editor start time for /Game/Scenes/UEDPIE_0_test -0.628
[2015.11.07-10.03.24:499][298]LogBlueprintUserMessages: Late PlayInEditor Detection: Level '/Game/Scenes/test.test:PersistentLevel' has LevelScriptBlueprint '/Game/Scenes/test.test:PersistentLevel.test' with GeneratedClass '/Game/Scenes/test.test_C' with ClassGeneratedBy '/Game/Scenes/test.test:PersistentLevel.test'
[2015.11.07-10.03.32:412][948]LogSpawn:Warning: SpawnActor failed because of collision at the spawn location [X=-9.859 Y=-172.233 Z=152.839] for [TestBullet_C]
[2015.11.07-10.03.33:852][ 63]LogSpawn:Warning: SpawnActor failed because of collision at the spawn location [X=10.917 Y=-203.586 Z=159.819] for [TestBullet_C]
[2015.11.07-10.03.34:896][147]LogSpawn:Warning: SpawnActor failed because of collision at the spawn location [X=77.841 Y=-198.890 Z=176.197] for [TestBullet_C]
[2015.11.07-10.03.51:184][477]LogBlueprintUserMessages: Early EndPlayMap Detection: Level '/Game/Scenes/test.test:PersistentLevel' has LevelScriptBlueprint '/Game/Scenes/test.test:PersistentLevel.test' with GeneratedClass '/Game/Scenes/test.test_C' with ClassGeneratedBy '/Game/Scenes/test.test:PersistentLevel.test'
[2015.11.07-10.03.51:218][477]LogBlueprintUserMessages: Late EndPlayMap Detection: Level '/Game/Scenes/test.test:PersistentLevel' has LevelScriptBlueprint '/Game/Scenes/test.test:PersistentLevel.test' with GeneratedClass '/Game/Scenes/test.test_C' with ClassGeneratedBy '/Game/Scenes/test.test:PersistentLevel.test'
[2015.11.07-10.03.51:248][477]LogParticles: Destroying 0 GPU particle simulations for FXSystem 0x000000F8CA694900
[2015.11.07-10.03.53:012][620]LogBlueprintUserMessages: Early PlayInEditor Detection: Level '/Game/Scenes/test.test:PersistentLevel' has LevelScriptBlueprint '/Game/Scenes/test.test:PersistentLevel.test' with GeneratedClass '/Game/Scenes/test.test_C' with ClassGeneratedBy '/Game/Scenes/test.test:PersistentLevel.test'
[2015.11.07-10.03.53:012][620]LogPlayLevel: PlayLevel: No blueprints needed recompiling
[2015.11.07-10.03.53:013][620]PIE: New page: PIE session: test (Nov 7, 2015, 2:03:53 PM)
[2015.11.07-10.03.53:013][620]LogPlayLevel: Creating play world package: /Game/Scenes/UEDPIE_0_test
[2015.11.07-10.03.53:018][620]LogPlayLevel: PIE: StaticDuplicateObject took: (0.005594s)
[2015.11.07-10.03.53:019][620]LogAIModule: Creating AISystem for world test
[2015.11.07-10.03.53:019][620]LogPlayLevel: PIE: World Init took: (0.000689s)
[2015.11.07-10.03.53:019][620]LogPlayLevel: PIE: Created PIE world by copying editor world from /Game/Scenes/test.test to /Game/Scenes/UEDPIE_0_test.test (0.006453s)
[2015.11.07-10.03.53:051][620]LogInit: XAudio2 using 'Speakers (2- G510 Gaming Keyboard)' : 2 channels at 48 kHz using 16 bits per sample (channel mask 0x3)
[2015.11.07-10.03.53:057][620]LogInit: FAudioDevice initialized.
[2015.11.07-10.03.53:093][620]LogWorld: Game class is 'EpidemicGameMode_C'
[2015.11.07-10.03.53:096][620]LogWorld: Bringing World /Game/Scenes/UEDPIE_0_test.test up for play (max tick rate 0) at 2015.11.07-12.03.53
[2015.11.07-10.03.53:096][620]LogActor:Warning: GameSession /Game/Scenes/UEDPIE_0_test.test:PersistentLevel.GameSession_2 has natively added scene component(s), but none of them were set as the actor's RootComponent - picking one arbitrarily
[2015.11.07-10.03.53:096][620]LogActor:Warning: GameNetworkManager /Game/Scenes/UEDPIE_0_test.test:PersistentLevel.GameNetworkManager_2 has natively added scene component(s), but none of them were set as the actor's RootComponent - picking one arbitrarily
[2015.11.07-10.03.53:096][620]LogWorld: Bringing up level for play took: 0.002265
[2015.11.07-10.03.53:099][620]PIE: Info Play in editor start time for /Game/Scenes/UEDPIE_0_test -0.028
[2015.11.07-10.03.53:099][620]LogBlueprintUserMessages: Late PlayInEditor Detection: Level '/Game/Scenes/test.test:PersistentLevel' has LevelScriptBlueprint '/Game/Scenes/test.test:PersistentLevel.test' with GeneratedClass '/Game/Scenes/test.test_C' with ClassGeneratedBy '/Game/Scenes/test.test:PersistentLevel.test'
[2015.11.07-10.03.53:435][647]LogBlueprintUserMessages: Early EndPlayMap Detection: Level '/Game/Scenes/test.test:PersistentLevel' has LevelScriptBlueprint '/Game/Scenes/test.test:PersistentLevel.test' with GeneratedClass '/Game/Scenes/test.test_C' with ClassGeneratedBy '/Game/Scenes/test.test:PersistentLevel.test'
[2015.11.07-10.03.53:467][647]LogBlueprintUserMessages: Late EndPlayMap Detection: Level '/Game/Scenes/test.test:PersistentLevel' has LevelScriptBlueprint '/Game/Scenes/test.test:PersistentLevel.test' with GeneratedClass '/Game/Scenes/test.test_C' with ClassGeneratedBy '/Game/Scenes/test.test:PersistentLevel.test'
[2015.11.07-10.03.53:520][648]LogParticles: Destroying 0 GPU particle simulations for FXSystem 0x000000F8C7780FE0
[2015.11.07-10.04.24:289][223]LogBlueprintUserMessages: Early PlayInEditor Detection: Level '/Game/Scenes/test.test:PersistentLevel' has LevelScriptBlueprint '/Game/Scenes/test.test:PersistentLevel.test' with GeneratedClass '/Game/Scenes/test.test_C' with ClassGeneratedBy '/Game/Scenes/test.test:PersistentLevel.test'
[2015.11.07-10.04.24:290][223]LogPlayLevel: PlayLevel: No blueprints needed recompiling
[2015.11.07-10.04.24:290][223]PIE: New page: PIE session: test (Nov 7, 2015, 2:04:24 PM)
[2015.11.07-10.04.24:290][223]LogPlayLevel: Creating play world package: /Game/Scenes/UEDPIE_0_test
[2015.11.07-10.04.24:297][223]LogPlayLevel: PIE: StaticDuplicateObject took: (0.007004s)
[2015.11.07-10.04.24:298][223]LogAIModule: Creating AISystem for world test
[2015.11.07-10.04.24:298][223]LogPlayLevel: PIE: World Init took: (0.000912s)
[2015.11.07-10.04.24:298][223]LogPlayLevel: PIE: Created PIE world by copying editor world from /Game/Scenes/test.test to /Game/Scenes/UEDPIE_0_test.test (0.008148s)
[2015.11.07-10.04.24:329][223]LogInit: XAudio2 using 'Speakers (2- G510 Gaming Keyboard)' : 2 channels at 48 kHz using 16 bits per sample (channel mask 0x3)
[2015.11.07-10.04.24:336][223]LogInit: FAudioDevice initialized.
[2015.11.07-10.04.24:372][223]LogWorld: Game class is 'EpidemicGameMode_C'
[2015.11.07-10.04.24:375][223]LogWorld: Bringing World /Game/Scenes/UEDPIE_0_test.test up for play (max tick rate 0) at 2015.11.07-12.04.24
[2015.11.07-10.04.24:375][223]LogActor:Warning: GameSession /Game/Scenes/UEDPIE_0_test.test:PersistentLevel.GameSession_3 has natively added scene component(s), but none of them were set as the actor's RootComponent - picking one arbitrarily
[2015.11.07-10.04.24:375][223]LogActor:Warning: GameNetworkManager /Game/Scenes/UEDPIE_0_test.test:PersistentLevel.GameNetworkManager_3 has natively added scene component(s), but none of them were set as the actor's RootComponent - picking one arbitrarily
[2015.11.07-10.04.24:375][223]LogWorld: Bringing up level for play took: 0.002452
[2015.11.07-10.04.24:378][223]PIE: Info Play in editor start time for /Game/Scenes/UEDPIE_0_test -0.749
[2015.11.07-10.04.24:378][223]LogBlueprintUserMessages: Late PlayInEditor Detection: Level '/Game/Scenes/test.test:PersistentLevel' has LevelScriptBlueprint '/Game/Scenes/test.test:PersistentLevel.test' with GeneratedClass '/Game/Scenes/test.test_C' with ClassGeneratedBy '/Game/Scenes/test.test:PersistentLevel.test'
[2015.11.07-10.04.53:454][585]LogBlueprintUserMessages: Early EndPlayMap Detection: Level '/Game/Scenes/test.test:PersistentLevel' has LevelScriptBlueprint '/Game/Scenes/test.test:PersistentLevel.test' with GeneratedClass '/Game/Scenes/test.test_C' with ClassGeneratedBy '/Game/Scenes/test.test:PersistentLevel.test'
[2015.11.07-10.04.53:486][585]LogBlueprintUserMessages: Late EndPlayMap Detection: Level '/Game/Scenes/test.test:PersistentLevel' has LevelScriptBlueprint '/Game/Scenes/test.test:PersistentLevel.test' with GeneratedClass '/Game/Scenes/test.test_C' with ClassGeneratedBy '/Game/Scenes/test.test:PersistentLevel.test'
[2015.11.07-10.04.53:544][586]LogParticles: Destroying 0 GPU particle simulations for FXSystem 0x000000F8DA07EE80
[2015.11.07-10.04.54:359][649]LogBlueprintUserMessages: Early PlayInEditor Detection: Level '/Game/Scenes/test.test:PersistentLevel' has LevelScriptBlueprint '/Game/Scenes/test.test:PersistentLevel.test' with GeneratedClass '/Game/Scenes/test.test_C' with ClassGeneratedBy '/Game/Scenes/test.test:PersistentLevel.test'
[2015.11.07-10.04.54:359][649]LogPlayLevel: PlayLevel: No blueprints needed recompiling
[2015.11.07-10.04.54:359][649]PIE: New page: PIE session: test (Nov 7, 2015, 2:04:54 PM)
[2015.11.07-10.04.54:359][649]LogPlayLevel: Creating play world package: /Game/Scenes/UEDPIE_0_test
[2015.11.07-10.04.54:364][649]LogPlayLevel: PIE: StaticDuplicateObject took: (0.004779s)
[2015.11.07-10.04.54:365][649]LogAIModule: Creating AISystem for world test
[2015.11.07-10.04.54:365][649]LogPlayLevel: PIE: World Init took: (0.000712s)
[2015.11.07-10.04.54:365][649]LogPlayLevel: PIE: Created PIE world by copying editor world from /Game/Scenes/test.test to /Game/Scenes/UEDPIE_0_test.test (0.005677s)
[2015.11.07-10.04.54:399][649]LogInit: XAudio2 using 'Speakers (2- G510 Gaming Keyboard)' : 2 channels at 48 kHz using 16 bits per sample (channel mask 0x3)
[2015.11.07-10.04.54:405][649]LogInit: FAudioDevice initialized.
[2015.11.07-10.04.54:437][649]LogWorld: Game class is 'EpidemicGameMode_C'
[2015.11.07-10.04.54:440][649]LogWorld: Bringing World /Game/Scenes/UEDPIE_0_test.test up for play (max tick rate 0) at 2015.11.07-12.04.54
[2015.11.07-10.04.54:440][649]LogActor:Warning: GameSession /Game/Scenes/UEDPIE_0_test.test:PersistentLevel.GameSession_4 has natively added scene component(s), but none of them were set as the actor's RootComponent - picking one arbitrarily
[2015.11.07-10.04.54:440][649]LogActor:Warning: GameNetworkManager /Game/Scenes/UEDPIE_0_test.test:PersistentLevel.GameNetworkManager_4 has natively added scene component(s), but none of them were set as the actor's RootComponent - picking one arbitrarily
[2015.11.07-10.04.54:440][649]LogWorld: Bringing up level for play took: 0.002285
[2015.11.07-10.04.54:443][649]PIE: Info Play in editor start time for /Game/Scenes/UEDPIE_0_test -0.684
[2015.11.07-10.04.54:443][649]LogBlueprintUserMessages: Late PlayInEditor Detection: Level '/Game/Scenes/test.test:PersistentLevel' has LevelScriptBlueprint '/Game/Scenes/test.test:PersistentLevel.test' with GeneratedClass '/Game/Scenes/test.test_C' with ClassGeneratedBy '/Game/Scenes/test.test:PersistentLevel.test'
[2015.11.07-10.04.54:958][690]LogBlueprintUserMessages: Early EndPlayMap Detection: Level '/Game/Scenes/test.test:PersistentLevel' has LevelScriptBlueprint '/Game/Scenes/test.test:PersistentLevel.test' with GeneratedClass '/Game/Scenes/test.test_C' with ClassGeneratedBy '/Game/Scenes/test.test:PersistentLevel.test'
[2015.11.07-10.04.54:988][690]LogBlueprintUserMessages: Late EndPlayMap Detection: Level '/Game/Scenes/test.test:PersistentLevel' has LevelScriptBlueprint '/Game/Scenes/test.test:PersistentLevel.test' with GeneratedClass '/Game/Scenes/test.test_C' with ClassGeneratedBy '/Game/Scenes/test.test:PersistentLevel.test'
[2015.11.07-10.04.55:042][691]LogParticles: Destroying 0 GPU particle simulations for FXSystem 0x000000F8C766D1C0
[2015.11.07-10.05.18:173][322]LogActorComponent: UnregisterComponent: (/Engine/Transient.EditorFloorComp) Not registered. Aborting.
[2015.11.07-10.05.18:215][322]LogWindowsTextInputMethodSystem:Display: IME system now deactivated.
[2015.11.07-10.05.18:491][323]Cmd: QUIT_EDITOR
[2015.11.07-10.05.19:179][323]LogExit: Preparing to exit.
[2015.11.07-10.05.20:377][323]LogExit: Editor shut down
[2015.11.07-10.05.20:378][323]LogExit: Transaction tracking system shut down
[2015.11.07-10.05.20:379][323]LogParticles: Destroying 0 GPU particle simulations for FXSystem 0x000000F8C7000400
[2015.11.07-10.05.20:379][323]LogParticles: Destroying 0 GPU particle simulations for FXSystem 0x000000F8E3F43880
[2015.11.07-10.05.20:380][323]LogParticles: Destroying 0 GPU particle simulations for FXSystem 0x000000F8E3D772E0
[2015.11.07-10.05.20:380][323]LogParticles: Destroying 0 GPU particle simulations for FXSystem 0x000000F8ECD0F9C0
[2015.11.07-10.05.20:380][323]LogParticles: Destroying 0 GPU particle simulations for FXSystem 0x000000F8ECD0F7E0
[2015.11.07-10.05.20:380][323]LogParticles: Destroying 0 GPU particle simulations for FXSystem 0x000000F8E44B1BC0
[2015.11.07-10.05.20:381][323]LogParticles: Destroying 0 GPU particle simulations for FXSystem 0x000000F8E44B20C0
[2015.11.07-10.05.20:383][323]LogParticles: Destroying 0 GPU particle simulations for FXSystem 0x000000F8941B4360
[2015.11.07-10.05.20:384][323]LogParticles: Destroying 0 GPU particle simulations for FXSystem 0x000000F897D7ED40
[2015.11.07-10.05.20:384][323]LogParticles: Destroying 0 GPU particle simulations for FXSystem 0x000000F897D7E840
[2015.11.07-10.05.20:385][323]LogParticles: Destroying 0 GPU particle simulations for FXSystem 0x000000F8A02A0EA0
[2015.11.07-10.05.20:574][323]LogExit: Object subsystem successfully closed.
[2015.11.07-10.05.20:583][323]LogD3D11RHI: Shutdown
[2015.11.07-10.05.20:583][323]LogD3D11RHI: CleanupD3DDevice
[2015.11.07-10.05.20:638][323]LogD3D11RHI: ~FD3D11DynamicRHI
[2015.11.07-10.05.20:653][323]LogModuleManager: Shutting down and abandoning module SequencerWidgets (199)
[2015.11.07-10.05.20:653][323]LogModuleManager: Shutting down and abandoning module BlueprintGraph (198)
[2015.11.07-10.05.20:653][323]LogModuleManager: Shutting down and abandoning module CrashTracker (197)
[2015.11.07-10.05.20:653][323]LogModuleManager: Shutting down and abandoning module SceneOutliner (196)
[2015.11.07-10.05.20:653][323]LogModuleManager: Shutting down and abandoning module SuperSearch (195)
[2015.11.07-10.05.20:653][323]LogModuleManager: Shutting down and abandoning module WidgetCarousel (194)
[2015.11.07-10.05.20:653][323]LogModuleManager: Shutting down and abandoning module AddContentDialog (193)
[2015.11.07-10.05.20:654][323]LogModuleManager: Shutting down and abandoning module EditorWidgets (192)
[2015.11.07-10.05.20:654][323]LogModuleManager: Shutting down and abandoning module CollectionManager (191)
[2015.11.07-10.05.20:655][323]LogModuleManager: Shutting down and abandoning module StatsViewer (190)
[2015.11.07-10.05.20:655][323]LogModuleManager: Shutting down and abandoning module FoliageEdit (189)
[2015.11.07-10.05.20:655][323]LogModuleManager: Shutting down and abandoning module LandscapeEditor (188)
[2015.11.07-10.05.20:655][323]LogModuleManager: Shutting down and abandoning module ActorPickerMode (187)
[2015.11.07-10.05.20:655][323]LogModuleManager: Shutting down and abandoning module GeometryMode (186)
[2015.11.07-10.05.20:655][323]LogModuleManager: Shutting down and abandoning module TextureAlignMode (185)
[2015.11.07-10.05.20:655][323]LogModuleManager: Shutting down and abandoning module BspMode (184)
[2015.11.07-10.05.20:655][323]LogModuleManager: Shutting down and abandoning module PlacementMode (183)
[2015.11.07-10.05.20:655][323]LogModuleManager: Shutting down and abandoning module AutomationWorker (182)
[2015.11.07-10.05.20:655][323]LogModuleManager: Shutting down and abandoning module CharacterAI (181)
[2015.11.07-10.05.20:655][323]LogModuleManager: Shutting down and abandoning module SmartSnapping (180)
[2015.11.07-10.05.20:655][323]LogModuleManager: Shutting down and abandoning module ViewportSnapping (179)
[2015.11.07-10.05.20:655][323]LogModuleManager: Shutting down and abandoning module LogVisualizer (178)
[2015.11.07-10.05.20:655][323]LogModuleManager: Shutting down and abandoning module GameProjectGeneration (177)
[2015.11.07-10.05.20:655][323]LogModuleManager: Shutting down and abandoning module IntroTutorials (176)
[2015.11.07-10.05.20:656][323]LogModuleManager: Shutting down and abandoning module EditorLiveStreaming (175)
[2015.11.07-10.05.20:656][323]LogModuleManager: Shutting down and abandoning module IOSPlatformEditor (174)
[2015.11.07-10.05.20:656][323]LogModuleManager: Shutting down and abandoning module HTML5PlatformEditor (173)
[2015.11.07-10.05.20:656][323]LogModuleManager: Shutting down and abandoning module AndroidDeviceDetection (172)
[2015.11.07-10.05.21:335][323]LogModuleManager: Shutting down and abandoning module AndroidPlatformEditor (171)
[2015.11.07-10.05.21:335][323]LogModuleManager: Shutting down and abandoning module IOSRuntimeSettings (170)
[2015.11.07-10.05.21:335][323]LogModuleManager: Shutting down and abandoning module AndroidRuntimeSettings (169)
[2015.11.07-10.05.21:335][323]LogModuleManager: Shutting down and abandoning module MergeActors (168)
[2015.11.07-10.05.21:335][323]LogModuleManager: Shutting down and abandoning module SizeMap (167)
[2015.11.07-10.05.21:335][323]LogModuleManager: Shutting down and abandoning module TreeMap (166)
[2015.11.07-10.05.21:335][323]LogModuleManager: Shutting down and abandoning module ReferenceViewer (165)
[2015.11.07-10.05.21:335][323]LogModuleManager: Shutting down and abandoning module LocalizationService (164)
[2015.11.07-10.05.21:335][323]LogModuleManager: Shutting down and abandoning module LocalizationDashboard (163)
[2015.11.07-10.05.21:335][323]LogModuleManager: Shutting down and abandoning module HardwareTargeting (162)
[2015.11.07-10.05.21:335][323]LogModuleManager: Shutting down and abandoning module DeviceProfileEditor (161)
[2015.11.07-10.05.21:335][323]LogModuleManager: Shutting down and abandoning module UndoHistory (160)
[2015.11.07-10.05.21:335][323]LogModuleManager: Shutting down and abandoning module GameplayTagsEditor (159)
[2015.11.07-10.05.21:335][323]LogModuleManager: Shutting down and abandoning module UserFeedback (158)
[2015.11.07-10.05.21:335][323]LogModuleManager: Shutting down and abandoning module XmlParser (157)
[2015.11.07-10.05.21:335][323]LogModuleManager: Shutting down and abandoning module Blutility (156)
[2015.11.07-10.05.21:335][323]LogModuleManager: Shutting down and abandoning module ProjectTargetPlatformEditor (155)
[2015.11.07-10.05.21:335][323]LogModuleManager: Shutting down and abandoning module ProjectSettingsViewer (154)
[2015.11.07-10.05.21:335][323]LogModuleManager: Shutting down and abandoning module InputBindingEditor (153)
[2015.11.07-10.05.21:335][323]LogModuleManager: Shutting down and abandoning module EditorSettingsViewer (152)
[2015.11.07-10.05.21:335][323]LogModuleManager: Shutting down and abandoning module SettingsEditor (151)
[2015.11.07-10.05.21:335][323]LogModuleManager: Shutting down and abandoning module ProjectLauncher (150)
[2015.11.07-10.05.21:335][323]LogModuleManager: Shutting down and abandoning module SessionFrontend (149)
[2015.11.07-10.05.21:335][323]LogModuleManager: Shutting down and abandoning module ProfilerClient (148)
[2015.11.07-10.05.21:335][323]LogModuleManager: Shutting down and abandoning module TargetDeviceServices (147)
[2015.11.07-10.05.21:335][323]LogModuleManager: Shutting down and abandoning module DeviceManager (146)
[2015.11.07-10.05.21:335][323]LogModuleManager: Shutting down and abandoning module AutomationController (145)
[2015.11.07-10.05.21:336][323]LogModuleManager: Shutting down and abandoning module AutomationWindow (144)
[2015.11.07-10.05.21:336][323]LogModuleManager: Shutting down and abandoning module Layers (143)
[2015.11.07-10.05.21:336][323]LogModuleManager: Shutting down and abandoning module ComponentVisualizers (142)
[2015.11.07-10.05.21:336][323]LogModuleManager: Shutting down and abandoning module DetailCustomizations (141)
[2015.11.07-10.05.21:336][323]LogModuleManager: Shutting down and abandoning module PackagesDialog (140)
[2015.11.07-10.05.21:336][323]LogModuleManager: Shutting down and abandoning module Persona (139)
[2015.11.07-10.05.21:336][323]LogModuleManager: Shutting down and abandoning module Kismet (138)
[2015.11.07-10.05.21:336][323]LogModuleManager: Shutting down and abandoning module GraphEditor (137)
[2015.11.07-10.05.21:336][323]LogModuleManager: Shutting down and abandoning module ClassViewer (136)
[2015.11.07-10.05.21:336][323]LogModuleManager: Shutting down and abandoning module Toolbox (135)
[2015.11.07-10.05.21:336][323]LogModuleManager: Shutting down and abandoning module ModuleUI (134)
[2015.11.07-10.05.21:336][323]LogModuleManager: Shutting down and abandoning module MovieSceneTools (133)
[2015.11.07-10.05.21:336][323]LogModuleManager: Shutting down and abandoning module OutputLog (132)
[2015.11.07-10.05.21:336][323]LogModuleManager: Shutting down and abandoning module GammaUI (131)
[2015.11.07-10.05.21:336][323]LogModuleManager: Shutting down and abandoning module Documentation (130)
[2015.11.07-10.05.21:336][323]LogModuleManager: Shutting down and abandoning module GameLiveStreaming (129)
[2015.11.07-10.05.21:336][323]LogModuleManager: Shutting down and abandoning module StreamingPauseRendering (128)
[2015.11.07-10.05.21:336][323]LogModuleManager: Shutting down and abandoning module AnalyticsET (127)
[2015.11.07-10.05.21:336][323]LogModuleManager: Shutting down and abandoning module Analytics (126)
[2015.11.07-10.05.21:336][323]LogModuleManager: Shutting down and abandoning module AITestSuite (125)
[2015.11.07-10.05.21:336][323]LogModuleManager: Shutting down and abandoning module GameplayDebugger (124)
[2015.11.07-10.05.21:336][323]LogModuleManager: Shutting down and abandoning module AIModule (123)
[2015.11.07-10.05.21:336][323]LogModuleManager: Shutting down and abandoning module ProfilerService (122)
[2015.11.07-10.05.21:352][323]LogModuleManager: Shutting down and abandoning module TaskGraph (121)
[2015.11.07-10.05.21:352][323]LogModuleManager: Shutting down and abandoning module SlateRemote (120)
[2015.11.07-10.05.21:352][323]LogModuleManager: Shutting down and abandoning module SteamVRController (119)
[2015.11.07-10.05.21:352][323]LogModuleManager: Shutting down and abandoning module SteamVR (118)
[2015.11.07-10.05.21:352][323]LogModuleManager: Shutting down and abandoning module ProceduralMeshComponent (117)
[2015.11.07-10.05.21:352][323]LogModuleManager: Shutting down and abandoning module OculusRift (116)
[2015.11.07-10.05.21:352][323]LogModuleManager: Shutting down and abandoning module OculusLibrary (115)
[2015.11.07-10.05.21:352][323]LogModuleManager: Shutting down and abandoning module LeapMotionController (114)
[2015.11.07-10.05.21:369][323]LogModuleManager: Shutting down and abandoning module CustomMeshComponent (113)
[2015.11.07-10.05.21:369][323]LogModuleManager: Shutting down and abandoning module CableComponent (112)
[2015.11.07-10.05.21:369][323]LogModuleManager: Shutting down and abandoning module ArchVisCharacter (111)
[2015.11.07-10.05.21:369][323]LogModuleManager: Shutting down and abandoning module MessagingDebugger (110)
[2015.11.07-10.05.21:369][323]LogModuleManager: Shutting down and abandoning module MediaPlayerEditor (109)
[2015.11.07-10.05.21:369][323]LogModuleManager: Shutting down and abandoning module HTML5Networking (108)
[2015.11.07-10.05.21:369][323]LogModuleManager: Shutting down and abandoning module SpeedTreeImporter (107)
[2015.11.07-10.05.21:369][323]LogModuleManager: Shutting down and abandoning module PluginBrowser (106)
[2015.11.07-10.05.21:369][323]LogModuleManager: Shutting down and abandoning module EpicSurvey (105)
[2015.11.07-10.05.21:369][323]LogModuleManager: Shutting down and abandoning module DesktopPlatform (104)
[2015.11.07-10.05.21:369][323]LogModuleManager: Shutting down and abandoning module VisualStudioSourceCodeAccess (103)
[2015.11.07-10.05.21:369][323]LogModuleManager: Shutting down and abandoning module UObjectPlugin (102)
[2015.11.07-10.05.21:369][323]LogModuleManager: Shutting down and abandoning module SubversionSourceControl (101)
[2015.11.07-10.05.21:369][323]LogModuleManager: Shutting down and abandoning module PerforceSourceControl (100)
[2015.11.07-10.05.21:369][323]LogModuleManager: Shutting down and abandoning module SourceControl (99)
[2015.11.07-10.05.21:369][323]LogModuleManager: Shutting down and abandoning module GitSourceControl (98)
[2015.11.07-10.05.21:369][323]LogModuleManager: Shutting down and abandoning module LightPropagationVolumeEditor (97)
[2015.11.07-10.05.21:369][323]LogModuleManager: Shutting down and abandoning module PaperTiledImporter (96)
[2015.11.07-10.05.21:369][323]LogModuleManager: Shutting down and abandoning module PaperSpriteSheetImporter (95)
[2015.11.07-10.05.21:370][323]LogModuleManager: Shutting down and abandoning module MeshPaint (94)
[2015.11.07-10.05.21:370][323]LogModuleManager: Shutting down and abandoning module SlateReflector (93)
[2015.11.07-10.05.21:370][323]LogModuleManager: Shutting down and abandoning module HotReload (92)
[2015.11.07-10.05.21:370][323]LogModuleManager: Shutting down and abandoning module MainFrame (91)
[2015.11.07-10.05.21:370][323]LogModuleManager: Shutting down and abandoning module LevelEditor (90)
[2015.11.07-10.05.21:370][323]LogModuleManager: Shutting down and abandoning module DirectoryWatcher (89)
[2015.11.07-10.05.21:371][323]LogModuleManager: Shutting down and abandoning module AssetRegistry (88)
[2015.11.07-10.05.21:485][323]LogModuleManager: Shutting down and abandoning module ContentBrowser (87)
[2015.11.07-10.05.21:486][323]LogModuleManager: Shutting down and abandoning module Paper2DEditor (86)
[2015.11.07-10.05.21:486][323]LogModuleManager: Shutting down and abandoning module UdpMessaging (85)
[2015.11.07-10.05.21:587][323]LogModuleManager: Shutting down and abandoning module LightPropagationVolumeRuntime (84)
[2015.11.07-10.05.21:587][323]LogModuleManager: Shutting down and abandoning module Paper2D (83)
[2015.11.07-10.05.21:587][323]LogModuleManager: Shutting down and abandoning module WindowsMoviePlayer (82)
[2015.11.07-10.05.21:590][323]LogModuleManager: Shutting down and abandoning module Media (81)
[2015.11.07-10.05.21:590][323]LogModuleManager: Shutting down and abandoning module WmfMedia (80)
[2015.11.07-10.05.21:591][323]LogModuleManager: Shutting down and abandoning module OnlineBlueprintSupport (79)
[2015.11.07-10.05.21:591][323]LogModuleManager: Shutting down and abandoning module GameplayTasksEditor (78)
[2015.11.07-10.05.21:591][323]LogModuleManager: Shutting down and abandoning module PropertyEditor (77)
[2015.11.07-10.05.21:591][323]LogModuleManager: Shutting down and abandoning module BehaviorTreeEditor (76)
[2015.11.07-10.05.21:591][323]LogModuleManager: Shutting down and abandoning module FunctionalTesting (75)
[2015.11.07-10.05.21:591][323]LogModuleManager: Shutting down and abandoning module CollisionAnalyzer (74)
[2015.11.07-10.05.21:591][323]LogModuleManager: Shutting down and abandoning module WorkspaceMenuStructure (73)
[2015.11.07-10.05.21:591][323]LogModuleManager: Shutting down and abandoning module MessageLog (72)
[2015.11.07-10.05.21:591][323]LogModuleManager: Shutting down and abandoning module Sequencer (71)
[2015.11.07-10.05.21:591][323]LogModuleManager: Shutting down and abandoning module AssetTools (70)
[2015.11.07-10.05.21:591][323]LogModuleManager: Shutting down and abandoning module UMGEditor (69)
[2015.11.07-10.05.21:591][323]LogModuleManager: Shutting down and abandoning module UMG (68)
[2015.11.07-10.05.21:591][323]LogModuleManager: Shutting down and abandoning module Slate (67)
[2015.11.07-10.05.21:591][323]LogModuleManager: Shutting down and abandoning module EditorStyle (66)
[2015.11.07-10.05.21:593][323]LogModuleManager: Shutting down and abandoning module SessionServices (65)
[2015.11.07-10.05.21:593][323]LogModuleManager: Shutting down and abandoning module SourceCodeAccess (64)
[2015.11.07-10.05.21:593][323]LogModuleManager: Shutting down and abandoning module HeadMountedDisplay (63)
[2015.11.07-10.05.21:593][323]LogModuleManager: Shutting down and abandoning module XAudio2 (62)
[2015.11.07-10.05.21:593][323]LogModuleManager: Shutting down and abandoning module Networking (60)
[2015.11.07-10.05.21:593][323]LogModuleManager: Shutting down and abandoning module Core (59)
[2015.11.07-10.05.21:593][323]LogModuleManager: Shutting down and abandoning module KismetCompiler (58)
[2015.11.07-10.05.21:593][323]LogModuleManager: Shutting down and abandoning module PhysXFormats (57)
[2015.11.07-10.05.21:593][323]LogModuleManager: Shutting down and abandoning module MeshUtilities (56)
[2015.11.07-10.05.21:593][323]LogModuleManager: Shutting down and abandoning module CookingStats (55)
[2015.11.07-10.05.21:593][323]LogModuleManager: Shutting down and abandoning module DerivedDataCache (54)
[2015.11.07-10.05.21:685][323]LogDerivedDataCache: Shutdown
[2015.11.07-10.05.21:685][323]LogModuleManager: Shutting down and abandoning module ShaderFormatOpenGL (53)
[2015.11.07-10.05.21:685][323]LogModuleManager: Shutting down and abandoning module ShaderFormatD3D (52)
[2015.11.07-10.05.21:685][323]LogModuleManager: Shutting down and abandoning module MetalShaderFormat (51)
[2015.11.07-10.05.21:685][323]LogModuleManager: Shutting down and abandoning module TextureFormatUncompressed (50)
[2015.11.07-10.05.21:685][323]LogModuleManager: Shutting down and abandoning module TextureFormatPVR (49)
[2015.11.07-10.05.21:685][323]LogModuleManager: Shutting down and abandoning module TextureFormatIntelISPCTexComp (48)
[2015.11.07-10.05.21:685][323]LogModuleManager: Shutting down and abandoning module TextureFormatDXT (47)
[2015.11.07-10.05.21:685][323]LogModuleManager: Shutting down and abandoning module ImageWrapper (46)
[2015.11.07-10.05.21:685][323]LogModuleManager: Shutting down and abandoning module TextureFormatASTC (45)
[2015.11.07-10.05.21:685][323]LogModuleManager: Shutting down and abandoning module TextureFormatAndroid (44)
[2015.11.07-10.05.21:685][323]LogModuleManager: Shutting down and abandoning module AudioFormatOpus (43)
[2015.11.07-10.05.21:685][323]LogModuleManager: Shutting down and abandoning module AudioFormatOgg (42)
[2015.11.07-10.05.21:685][323]LogModuleManager: Shutting down and abandoning module AudioFormatADPCM (41)
[2015.11.07-10.05.21:685][323]LogModuleManager: Shutting down and abandoning module LinuxTargetPlatform (40)
[2015.11.07-10.05.21:685][323]LogModuleManager: Shutting down and abandoning module LinuxServerTargetPlatform (39)
[2015.11.07-10.05.21:685][323]LogModuleManager: Shutting down and abandoning module LinuxNoEditorTargetPlatform (38)
[2015.11.07-10.05.21:685][323]LogModuleManager: Shutting down and abandoning module Messaging (37)
[2015.11.07-10.05.21:685][323]LogModuleManager: Shutting down and abandoning module IOSTargetPlatform (36)
[2015.11.07-10.05.21:685][323]LogModuleManager: Shutting down and abandoning module HTML5TargetPlatform (35)
[2015.11.07-10.05.21:685][323]LogModuleManager: Shutting down and abandoning module Android_PVRTCTargetPlatform (34)
[2015.11.07-10.05.21:685][323]LogModuleManager: Shutting down and abandoning module Android_ETC2TargetPlatform (33)
[2015.11.07-10.05.21:685][323]LogModuleManager: Shutting down and abandoning module Android_ETC1TargetPlatform (32)
[2015.11.07-10.05.21:685][323]LogModuleManager: Shutting down and abandoning module Android_DXTTargetPlatform (31)
[2015.11.07-10.05.21:685][323]LogModuleManager: Shutting down and abandoning module Android_ATCTargetPlatform (30)
[2015.11.07-10.05.21:685][323]LogModuleManager: Shutting down and abandoning module Android_ASTCTargetPlatform (29)
[2015.11.07-10.05.21:685][323]LogModuleManager: Shutting down and abandoning module AndroidTargetPlatform (28)
[2015.11.07-10.05.21:685][323]LogModuleManager: Shutting down and abandoning module WindowsTargetPlatform (27)
[2015.11.07-10.05.21:685][323]LogModuleManager: Shutting down and abandoning module WindowsServerTargetPlatform (26)
[2015.11.07-10.05.21:685][323]LogModuleManager: Shutting down and abandoning module WindowsNoEditorTargetPlatform (25)
[2015.11.07-10.05.21:685][323]LogModuleManager: Shutting down and abandoning module WindowsClientTargetPlatform (24)
[2015.11.07-10.05.21:685][323]LogModuleManager: Shutting down and abandoning module AllDesktopTargetPlatform (23)
[2015.11.07-10.05.21:685][323]LogModuleManager: Shutting down and abandoning module TargetPlatform (22)
[2015.11.07-10.05.21:685][323]LogModuleManager: Shutting down and abandoning module InputCore (21)
[2015.11.07-10.05.21:685][323]LogModuleManager: Shutting down and abandoning module Settings (20)
[2015.11.07-10.05.21:685][323]LogModuleManager: Shutting down and abandoning module OnlineSubsystem (18)
[2015.11.07-10.05.21:685][323]LogModuleManager: Shutting down and abandoning module HTTP (17)
[2015.11.07-10.05.22:687][323]LogModuleManager: Shutting down and abandoning module XMPP (16)
[2015.11.07-10.05.22:687][323]LogModuleManager: Shutting down and abandoning module ExampleDeviceProfileSelector (15)
[2015.11.07-10.05.22:687][323]LogModuleManager: Shutting down and abandoning module TextureCompressor (14)
[2015.11.07-10.05.22:687][323]LogModuleManager: Shutting down and abandoning module ShaderCore (13)
[2015.11.07-10.05.22:687][323]LogModuleManager: Shutting down and abandoning module Landscape (12)
[2015.11.07-10.05.22:687][323]LogModuleManager: Shutting down and abandoning module SlateRHIRenderer (11)
[2015.11.07-10.05.22:689][323]LogModuleManager: Shutting down and abandoning module OpenGLDrv (10)
[2015.11.07-10.05.22:689][323]LogModuleManager: Shutting down and abandoning module D3D11RHI (9)
[2015.11.07-10.05.22:689][323]LogModuleManager: Shutting down and abandoning module AnimGraphRuntime (8)
[2015.11.07-10.05.22:689][323]LogModuleManager: Shutting down and abandoning module Renderer (7)
[2015.11.07-10.05.22:689][323]LogModuleManager: Shutting down and abandoning module Engine (6)
[2015.11.07-10.05.22:689][323]LogModuleManager: Shutting down and abandoning module CoreUObject (5)
[2015.11.07-10.05.22:689][323]LogModuleManager: Shutting down and abandoning module NetworkFile (4)
[2015.11.07-10.05.22:689][323]LogModuleManager: Shutting down and abandoning module StreamingFile (3)
[2015.11.07-10.05.22:689][323]LogModuleManager: Shutting down and abandoning module SandboxFile (2)
[2015.11.07-10.05.22:689][323]LogModuleManager: Shutting down and abandoning module PakFile (1)
[2015.11.07-10.05.22:689][323]LogExit: Exiting.
[2015.11.07-10.05.22:690][323]Log file closed, 11/07/15 12:05:22
