<<<<<<< HEAD
﻿[2015.11.07-10.06.13:202][  0]Log file open, 11/07/15 13:06:13
[2015.11.07-10.06.13:202][  0]LogInit:Display: Running engine for game: Epidemic_Source
[2015.11.07-10.06.13:202][  0]LogInit:Display: RandInit(1123475373) SRandInit(1123475375).
[2015.11.07-10.06.13:202][  0]LogTaskGraph: Started task graph with 4 named threads and 5 total threads.
[2015.11.07-10.06.13:202][  0]LogStats: Stats thread started at 0.219731
[2015.11.07-10.06.13:202][  0]LogInit: Version: 4.9.2-2707645+++depot+UE4-Releases+4.9
[2015.11.07-10.06.13:202][  0]LogInit: API Version: 2672455
[2015.11.07-10.06.13:202][  0]LogInit: Compiled (64-bit): Sep 28 2015 10:25:44
[2015.11.07-10.06.13:202][  0]LogInit: Compiled with Visual C++: 18.00.21005.01
[2015.11.07-10.06.13:202][  0]LogInit: Build Configuration: Development
[2015.11.07-10.06.13:202][  0]LogInit: Branch Name: ++depot+UE4-Releases+4.9
[2015.11.07-10.06.13:202][  0]LogInit: Command line:  
[2015.11.07-10.06.13:202][  0]LogInit: Base directory: C:/Program Files/Epic Games/4.9/Engine/Binaries/Win64/
[2015.11.07-10.06.13:202][  0]LogInit: Rocket: 1
[2015.11.07-10.06.13:256][  0]LogInit: Using libcurl 7.41.0
[2015.11.07-10.06.13:256][  0]LogInit:  - built for x86_64-pc-win32
[2015.11.07-10.06.13:256][  0]LogInit:  - supports SSL with WinSSL
[2015.11.07-10.06.13:256][  0]LogInit:  - other features:
[2015.11.07-10.06.13:256][  0]LogInit:      CURL_VERSION_SSL
[2015.11.07-10.06.13:256][  0]LogInit:      CURL_VERSION_IPV6
[2015.11.07-10.06.13:256][  0]LogInit:      CURL_VERSION_ASYNCHDNS
[2015.11.07-10.06.13:256][  0]LogInit:      CURL_VERSION_LARGEFILE
[2015.11.07-10.06.13:256][  0]LogInit:      CURL_VERSION_IDN
[2015.11.07-10.06.13:256][  0]LogInit:  CurlRequestOptions (configurable via config and command line):
[2015.11.07-10.06.13:256][  0]LogInit:  - bVerifyPeer = true  - Libcurl will verify peer certificate
[2015.11.07-10.06.13:256][  0]LogInit:  - bUseHttpProxy = false  - Libcurl will NOT use HTTP proxy
[2015.11.07-10.06.13:256][  0]LogInit:  - bDontReuseConnections = false  - Libcurl will reuse connections
[2015.11.07-10.06.13:256][  0]LogInit:  - CertBundlePath = nullptr  - Libcurl will use whatever was configured at build time.
[2015.11.07-10.06.13:301][  0]LogInit: Presizing for 0 objects not considered by GC, pre-allocating 0 bytes.
[2015.11.07-10.06.13:334][  0]LogInit: Object subsystem initialized
[2015.11.07-10.06.13:340][  0]LogInit: Selected Device Profile: [Windows]
[2015.11.07-10.06.13:340][  0]LogInit: Applying CVar settings loaded from the selected device profile: [Windows]
[2015.11.07-10.06.13:381][  0]LogInit: Computer: DESKTOP-U1QAGFR
[2015.11.07-10.06.13:381][  0]LogInit: User: Aurora
[2015.11.07-10.06.13:381][  0]LogInit: CPU Page size=4096, Cores=2
[2015.11.07-10.06.13:381][  0]LogInit: High frequency timer resolution =2.728068 MHz
[2015.11.07-10.06.13:381][  0]LogMemory: Memory total: Physical=7.9GB (8GB approx)
[2015.11.07-10.06.13:381][  0]LogMemory: Platform Memory Stats for Windows
[2015.11.07-10.06.13:381][  0]LogMemory: Process Physical Memory: 53.95 MB used, 53.95 MB peak
[2015.11.07-10.06.13:381][  0]LogMemory: Process Virtual Memory: 57.24 MB used, 57.24 MB peak
[2015.11.07-10.06.13:381][  0]LogMemory: Physical Memory: 4088.06 MB used, 8080.91 MB total
[2015.11.07-10.06.13:381][  0]LogMemory: Virtual Memory: 365.63 MB used, 134217728.00 MB total
[2015.11.07-10.06.13:529][  0]LogTextLocalizationManager: No specific translations for ('en-GB') exist, so ('en') translations will be used.
[2015.11.07-10.06.17:651][  0]LogD3D11RHI: Found D3D11 adapter 0: NVIDIA GeForce GTX 950M       (Feature Level 11_0)
[2015.11.07-10.06.17:651][  0]LogD3D11RHI: Adapter has 1995MB of dedicated video memory, 0MB of dedicated system memory, and 4040MB of shared system memory, 1 output[s]
[2015.11.07-10.06.17:664][  0]LogD3D11RHI: Found D3D11 adapter 1: Intel(R) HD Graphics 4600 (Feature Level 11_0)
[2015.11.07-10.06.17:664][  0]LogD3D11RHI: Adapter has 112MB of dedicated video memory, 0MB of dedicated system memory, and 4040MB of shared system memory, 0 output[s]
[2015.11.07-10.06.17:667][  0]LogD3D11RHI: Found D3D11 adapter 2: Microsoft Basic Render Driver (Feature Level 11_0)
[2015.11.07-10.06.17:667][  0]LogD3D11RHI: Adapter has 0MB of dedicated video memory, 0MB of dedicated system memory, and 4040MB of shared system memory, 0 output[s]
[2015.11.07-10.06.17:667][  0]LogD3D11RHI: Chosen D3D11 Adapter Id = 0
[2015.11.07-10.06.17:676][  0]LogD3D11RHI: !Direct3DDevice
[2015.11.07-10.06.17:676][  0]LogRHI: Texture pool is 1361 MB (70% of 1945 MB)
[2015.11.07-10.06.17:708][  0]LogD3D11RHI: Async texture creation enabled
[2015.11.07-10.06.18:806][  0]LogShaderCompilers: Guid format shader working directory is 14 characters bigger than the processId version (../../../../../../Users/Aurora/Desktop/EpidemicGameProject/Epidemic_Source/Intermediate/Shaders/WorkingDirectory/12184/).
[2015.11.07-10.06.18:806][  0]LogShaderCompilers: Cleaned the shader compiler working directory '../../../../../../Users/Aurora/Desktop/EpidemicGameProject/Epidemic_Source/Intermediate/Shaders/tmp/EC7B0EE74BB7861C6B7E6BAFBD1E432B/'.
[2015.11.07-10.06.18:806][  0]LogShaderCompilers:Display: Using Local Shader Compiler.
[2015.11.07-10.06.21:272][  0]LogTemp:Display: Loaded TP AllDesktopTargetPlatform
[2015.11.07-10.06.21:285][  0]LogTemp:Display: Loaded TP WindowsClientTargetPlatform
[2015.11.07-10.06.21:296][  0]LogTemp:Display: Loaded TP WindowsNoEditorTargetPlatform
[2015.11.07-10.06.21:309][  0]LogTemp:Display: Loaded TP WindowsServerTargetPlatform
[2015.11.07-10.06.21:328][  0]LogTemp:Display: Loaded TP WindowsTargetPlatform
[2015.11.07-10.06.21:345][  0]LogTemp:Display: Loaded TP AndroidTargetPlatform
[2015.11.07-10.06.21:360][  0]LogTemp:Display: Loaded TP Android_ASTCTargetPlatform
[2015.11.07-10.06.21:376][  0]LogTemp:Display: Loaded TP Android_ATCTargetPlatform
[2015.11.07-10.06.21:395][  0]LogTemp:Display: Loaded TP Android_DXTTargetPlatform
[2015.11.07-10.06.21:414][  0]LogTemp:Display: Loaded TP Android_ETC1TargetPlatform
[2015.11.07-10.06.21:430][  0]LogTemp:Display: Loaded TP Android_ETC2TargetPlatform
[2015.11.07-10.06.21:448][  0]LogTemp:Display: Loaded TP Android_PVRTCTargetPlatform
[2015.11.07-10.06.21:451][  0]LogTemp:Display: Loaded TP HTML5TargetPlatform
[2015.11.07-10.06.21:494][  0]LogTemp:Display: Loaded TP IOSTargetPlatform
[2015.11.07-10.06.21:510][  0]LogTemp:Display: Loaded TP LinuxNoEditorTargetPlatform
[2015.11.07-10.06.21:525][  0]LogTemp:Display: Loaded TP LinuxServerTargetPlatform
[2015.11.07-10.06.21:541][  0]LogTemp:Display: Loaded TP LinuxTargetPlatform
[2015.11.07-10.06.21:541][  0]LogTargetPlatformManager:Display: Building Assets For Windows
[2015.11.07-10.06.21:999][  0]LogDerivedDataCache:Display: Max Cache Size: 512 MB
[2015.11.07-10.06.22:212][  0]LogDerivedDataCache: Loaded boot cache 0.21s 41MB C:/Users/Aurora/AppData/Local/UnrealEngine/4.9/DerivedDataCache/Boot.ddc.
[2015.11.07-10.06.22:212][  0]LogDerivedDataCache:Display: Loaded Boot cache: C:/Users/Aurora/AppData/Local/UnrealEngine/4.9/DerivedDataCache/Boot.ddc
[2015.11.07-10.06.22:213][  0]LogDerivedDataCache: FDerivedDataBackendGraph:  Pak pak cache file ../../../../../../Users/Aurora/Desktop/EpidemicGameProject/Epidemic_Source/DerivedDataCache/DDC.ddp not found, will not use a pak cache.
[2015.11.07-10.06.22:213][  0]LogDerivedDataCache: Unable to find inner node Pak for hierarchical cache Hierarchy.
[2015.11.07-10.06.22:213][  0]LogDerivedDataCache: FDerivedDataBackendGraph:  CompressedPak pak cache file ../../../../../../Users/Aurora/Desktop/EpidemicGameProject/Epidemic_Source/DerivedDataCache/Compressed.ddp not found, will not use a pak cache.
[2015.11.07-10.06.22:213][  0]LogDerivedDataCache: Unable to find inner node CompressedPak for hierarchical cache Hierarchy.
[2015.11.07-10.06.23:359][  0]LogDerivedDataCache:Display: Pak cache opened for reading ../../../Engine/DerivedDataCache/Compressed.ddp.
[2015.11.07-10.06.23:375][  0]LogDerivedDataCache: Using Local data cache path C:/Users/Aurora/AppData/Local/UnrealEngine/Common/DerivedDataCache: Writable
[2015.11.07-10.06.24:329][  0]LogInit: Selected Device Profile: [Windows]
[2015.11.07-10.06.24:338][  0]LogContentStreaming: Texture pool size is 0.000000MB
[2015.11.07-10.06.24:836][  0]LogMeshUtilities: No automatic mesh reduction module available
[2015.11.07-10.06.24:836][  0]LogMeshUtilities: No automatic mesh merging module available
[2015.11.07-10.06.25:831][  0]LogInit: WinSock: version 1.1 (2.2), MaxSocks=32767, MaxUdp=65467
[2015.11.07-10.06.30:153][  0]UdpMessaging: Initializing bridge on interface 0.0.0.0:0 to multicast group 230.0.0.1:6666.
[2015.11.07-10.06.30:299][  0]LogAssetRegistry: FAssetRegistry took 0.0115 seconds to start up
[2015.11.07-10.06.31:236][  0]SourceControl: Info Source control is disabled
[2015.11.07-10.06.31:275][  0]SourceControl: Info Source control is disabled
[2015.11.07-10.06.31:357][  0]SourceControl: Info Source control is disabled
[2015.11.07-10.06.31:467][  0]SourceControl: Info Source control is disabled
[2015.11.07-10.06.33:135][  0]LogLinker:Warning: Asset '../../../Engine/Plugins/Runtime/LeapMotionController/Content/LM_PassthroughMaterial.uasset' has been saved with empty engine version. The asset will be loaded but may be incompatible.
[2015.11.07-10.06.33:867][  0]LogObj: 28361 objects as part of root set at end of initial load.
[2015.11.07-10.06.33:867][  0]LogUObjectAllocator: 6038872 out of 0 bytes used by permanent object pool.
[2015.11.07-10.06.34:182][  0]LogEngine: Initializing Engine...
[2015.11.07-10.06.34:207][  0]LogHMD: Can't find Oculus library dev build: is proper Runtime installed? Version: 0.7.0.0
[2015.11.07-10.06.34:209][  0]LogHMD: SteamVR failed to initialize.  Err: 110
[2015.11.07-10.06.34:745][  0]LogAIModule: Creating AISystem for world NewWorld
[2015.11.07-10.06.34:899][  0]LogInit: XAudio2 using 'Hoparlör (Conexant SmartAudio HD)' : 2 channels at 48 kHz using 32 bits per sample (channel mask 0x3)
[2015.11.07-10.06.35:096][  0]LogInit: FAudioDevice initialized.
[2015.11.07-10.06.35:148][  0]LogDerivedDataCache: Saved boot cache 0.05s 41MB C:/Users/Aurora/AppData/Local/UnrealEngine/4.9/DerivedDataCache/Boot.ddc.
[2015.11.07-10.06.35:155][  0]LogInit: Texture streaming: Enabled
[2015.11.07-10.06.35:180][  0]LogAnalytics: Creating configured Analytics provider AnalyticsET
[2015.11.07-10.06.35:180][  0]LogAnalytics: [UEEditor.Rocket.Release] APIServer = http://et2.epicgames.com/ET2/. AppVersion = 4.9.2-2707645+++depot+UE4-Releases+4.9
[2015.11.07-10.06.35:181][  0]LogAnalytics: [UEEditor.Rocket.Release] SetUserId 47c2a0864facb179fd28fbbd9dfcbacc|8e6e94bf73614037b9dcd8eab5c5aaf0|cf60bf3e-9968-48d2-a09d-0309a61d01c0
[2015.11.07-10.06.35:181][  0]LogAnalytics: [UEEditor.Rocket.Release] AnalyticsET::StartSession
[2015.11.07-10.06.35:291][  0]LogInit: Transaction tracking system initialized
[2015.11.07-10.06.35:450][  0]BlueprintLog: New page: Editor Load
[2015.11.07-10.06.35:879][  0]LocalizationService: Info Localization service is disabled
[2015.11.07-10.06.36:098][  0]LogLinker:Warning: Can't find file '/Game/FirstPersonBP/FirstPersonOverview'
[2015.11.07-10.06.36:098][  0]LogLinker:Warning: Can't find file '/Game/FirstPersonBP/FirstPersonOverview'
[2015.11.07-10.06.36:098][  0]LogUObjectGlobals:Warning: Failed to find object 'Class /Game/FirstPersonBP/FirstPersonOverview.FirstPersonOverview_C'
[2015.11.07-10.06.36:142][  0]LogConsoleResponse:Display: 
[2015.11.07-10.06.36:481][  0]LogCook:Display: Done creating registry. It took  0.00s.
[2015.11.07-10.06.36:694][  0]LogFileCache: Scanning file cache for directory 'C:/Users/Aurora/Desktop/EpidemicGameProject/Epidemic_Source/Content/' took 0.02s
[2015.11.07-10.06.36:695][  0]SourceControl: Info Source control is disabled
[2015.11.07-10.06.36:695][  0]Cmd: MAP LOAD FILE="../../../../../../Users/Aurora/Desktop/EpidemicGameProject/Epidemic_Source/Content/Scenes/test.umap" TEMPLATE=0 SHOWPROGRESS=1 FEATURELEVEL=3
[2015.11.07-10.06.36:696][  0]LightingResults: New page: Lighting Build
[2015.11.07-10.06.36:706][  0]MapCheck: New page: Map Check
[2015.11.07-10.06.36:706][  0]LightingResults: New page: Lighting Build
[2015.11.07-10.06.36:749][  0]LogParticles: Destroying 0 GPU particle simulations for FXSystem 0x000000B9332AA160
[2015.11.07-10.06.37:919][  0]LogAIModule: Creating AISystem for world test
[2015.11.07-10.06.37:933][  0]LogEditorServer: Finished looking for orphan Actors (0.000 secs)
[2015.11.07-10.06.37:934][  0]Cmd: MAP CHECKDEP NOCLEARLOG
[2015.11.07-10.06.38:114][  0]MapCheck: Info Map check complete: 0 Error(s), 0 Warning(s), took 179.721ms to complete.
[2015.11.07-10.06.38:114][  0]LogFileHelpers: Loading map 'test' took 1.419
[2015.11.07-10.06.38:228][  0]LogCollectionManager: Loaded 0 collections in 0.009009 seconds
[2015.11.07-10.06.38:291][  0]LogFileCache: Scanning file cache for directory 'C:/Users/Aurora/Desktop/EpidemicGameProject/Epidemic_Source/Saved/Collections/' took 0.01s
[2015.11.07-10.06.38:291][  0]LogFileCache: Scanning file cache for directory 'C:/Users/Aurora/Desktop/EpidemicGameProject/Epidemic_Source/Content/Developers/Aurora/Collections/' took 0.01s
[2015.11.07-10.06.38:291][  0]LogFileCache: Scanning file cache for directory 'C:/Users/Aurora/Desktop/EpidemicGameProject/Epidemic_Source/Content/Collections/' took 0.01s
[2015.11.07-10.06.38:292][  0]LogContentBrowser: Native class hierarchy populated in 0.0248 seconds. Added 1867 classes and 333 folders.
[2015.11.07-10.06.38:311][  0]LogCollectionManager: Rebuilt the GUID cache for 0 collections in 0.000007 seconds
[2015.11.07-10.06.38:335][  0]LogContentBrowser: Native class hierarchy updated for 'WidgetCarousel' in 0.0009 seconds. Added 0 classes and 0 folders.
[2015.11.07-10.06.38:468][  0]LogContentBrowser: Native class hierarchy updated for 'AddContentDialog' in 0.0006 seconds. Added 0 classes and 0 folders.
[2015.11.07-10.06.38:567][  0]LogContentBrowser: Native class hierarchy updated for 'SceneOutliner' in 0.0006 seconds. Added 1 classes and 2 folders.
[2015.11.07-10.06.38:631][  0]LogCrashTracker: Crashtracker disabled due to settings.
[2015.11.07-10.06.38:643][  0]LogUObjectGlobals:Warning: Failed to find object 'Class None.'
[2015.11.07-10.06.38:678][  0]LogLoad: Full Startup: 28.11 seconds (BP compile: 0.29 seconds)
[2015.11.07-10.06.39:119][  0]LogContentStreaming: Texture pool size now 1000 MB
[2015.11.07-10.06.39:393][  0]LogRenderer: Reallocating scene render targets to support 872x572 (Frame:2).
[2015.11.07-10.06.41:193][  6]LogAssetRegistry: Asset discovery search completed in 10.9052 seconds
[2015.11.07-10.06.41:193][  6]LogCollectionManager: Rebuilt the object cache for 0 collections in 0.000001 seconds (found 0 objects)
[2015.11.07-10.06.41:193][  6]LogCollectionManager: Fixed up redirectors for 0 collections in 0.000041 seconds (updated 0 objects)
[2015.11.07-10.06.45:385][226]Running C:/Program Files/Epic Games/4.9/Engine/Binaries/DotNET/UnrealBuildTool.exe  -projectfiles -project="C:/Users/Aurora/Desktop/EpidemicGameProject/Epidemic_Source/Epidemic_Source.uproject" -game -rocket -progress
[2015.11.07-10.06.46:498][226]Discovering modules, targets and source code for game...
[2015.11.07-10.06.46:498][226]UnrealBuildTool Exception: ERROR: Directory 'C:\Users\Aurora\Desktop\EpidemicGameProject\Epidemic_Source' is missing 'Source' folder.
[2015.11.07-10.07.33:964][699]LogActorComponent: UnregisterComponent: (/Engine/Transient.ProjectileMovement_GEN_VARIABLE) Not registered. Aborting.
[2015.11.07-10.07.34:437][699]LogWindowsTextInputMethodSystem:Display: IME system now deactivated.
[2015.11.07-10.07.35:227][700]Cmd: QUIT_EDITOR
[2015.11.07-10.07.36:350][700]LogExit: Preparing to exit.
[2015.11.07-10.07.37:291][700]LogExit: Editor shut down
[2015.11.07-10.07.37:292][700]LogExit: Transaction tracking system shut down
[2015.11.07-10.07.37:298][700]LogParticles: Destroying 0 GPU particle simulations for FXSystem 0x000000B9243FE8E0
[2015.11.07-10.07.37:299][700]LogParticles: Destroying 0 GPU particle simulations for FXSystem 0x000000B9414D8F40
[2015.11.07-10.07.37:299][700]LogParticles: Destroying 0 GPU particle simulations for FXSystem 0x000000B941680360
[2015.11.07-10.07.37:300][700]LogParticles: Destroying 0 GPU particle simulations for FXSystem 0x000000B9471239C0
[2015.11.07-10.07.37:300][700]LogParticles: Destroying 0 GPU particle simulations for FXSystem 0x000000B9471237E0
[2015.11.07-10.07.37:922][700]LogExit: Object subsystem successfully closed.
[2015.11.07-10.07.37:947][700]LogD3D11RHI: Shutdown
[2015.11.07-10.07.37:947][700]LogD3D11RHI: CleanupD3DDevice
[2015.11.07-10.07.38:238][700]LogD3D11RHI: ~FD3D11DynamicRHI
[2015.11.07-10.07.38:391][700]LogModuleManager: Shutting down and abandoning module CrashTracker (197)
[2015.11.07-10.07.38:391][700]LogModuleManager: Shutting down and abandoning module SceneOutliner (196)
[2015.11.07-10.07.38:391][700]LogModuleManager: Shutting down and abandoning module SuperSearch (195)
[2015.11.07-10.07.38:391][700]LogModuleManager: Shutting down and abandoning module WidgetCarousel (194)
[2015.11.07-10.07.38:391][700]LogModuleManager: Shutting down and abandoning module AddContentDialog (193)
[2015.11.07-10.07.38:396][700]LogModuleManager: Shutting down and abandoning module EditorWidgets (192)
[2015.11.07-10.07.38:397][700]LogModuleManager: Shutting down and abandoning module CollectionManager (191)
[2015.11.07-10.07.38:397][700]LogModuleManager: Shutting down and abandoning module StatsViewer (190)
[2015.11.07-10.07.38:398][700]LogModuleManager: Shutting down and abandoning module FoliageEdit (189)
[2015.11.07-10.07.38:398][700]LogModuleManager: Shutting down and abandoning module LandscapeEditor (188)
[2015.11.07-10.07.38:398][700]LogModuleManager: Shutting down and abandoning module ActorPickerMode (187)
[2015.11.07-10.07.38:398][700]LogModuleManager: Shutting down and abandoning module GeometryMode (186)
[2015.11.07-10.07.38:398][700]LogModuleManager: Shutting down and abandoning module TextureAlignMode (185)
[2015.11.07-10.07.38:398][700]LogModuleManager: Shutting down and abandoning module BspMode (184)
[2015.11.07-10.07.38:399][700]LogModuleManager: Shutting down and abandoning module PlacementMode (183)
[2015.11.07-10.07.38:399][700]LogModuleManager: Shutting down and abandoning module AutomationWorker (182)
[2015.11.07-10.07.38:399][700]LogModuleManager: Shutting down and abandoning module CharacterAI (181)
[2015.11.07-10.07.38:399][700]LogModuleManager: Shutting down and abandoning module SmartSnapping (180)
[2015.11.07-10.07.38:399][700]LogModuleManager: Shutting down and abandoning module ViewportSnapping (179)
[2015.11.07-10.07.38:399][700]LogModuleManager: Shutting down and abandoning module LogVisualizer (178)
[2015.11.07-10.07.38:399][700]LogModuleManager: Shutting down and abandoning module GameProjectGeneration (177)
[2015.11.07-10.07.38:399][700]LogModuleManager: Shutting down and abandoning module IntroTutorials (176)
[2015.11.07-10.07.38:399][700]LogModuleManager: Shutting down and abandoning module EditorLiveStreaming (175)
[2015.11.07-10.07.38:399][700]LogModuleManager: Shutting down and abandoning module IOSPlatformEditor (174)
[2015.11.07-10.07.38:400][700]LogModuleManager: Shutting down and abandoning module HTML5PlatformEditor (173)
[2015.11.07-10.07.38:400][700]LogModuleManager: Shutting down and abandoning module AndroidDeviceDetection (172)
[2015.11.07-10.07.39:087][700]LogModuleManager: Shutting down and abandoning module AndroidPlatformEditor (171)
[2015.11.07-10.07.39:087][700]LogModuleManager: Shutting down and abandoning module IOSRuntimeSettings (170)
[2015.11.07-10.07.39:087][700]LogModuleManager: Shutting down and abandoning module AndroidRuntimeSettings (169)
[2015.11.07-10.07.39:087][700]LogModuleManager: Shutting down and abandoning module MergeActors (168)
[2015.11.07-10.07.39:087][700]LogModuleManager: Shutting down and abandoning module SizeMap (167)
[2015.11.07-10.07.39:087][700]LogModuleManager: Shutting down and abandoning module TreeMap (166)
[2015.11.07-10.07.39:087][700]LogModuleManager: Shutting down and abandoning module ReferenceViewer (165)
[2015.11.07-10.07.39:087][700]LogModuleManager: Shutting down and abandoning module LocalizationService (164)
[2015.11.07-10.07.39:088][700]LogModuleManager: Shutting down and abandoning module LocalizationDashboard (163)
[2015.11.07-10.07.39:088][700]LogModuleManager: Shutting down and abandoning module HardwareTargeting (162)
[2015.11.07-10.07.39:088][700]LogModuleManager: Shutting down and abandoning module DeviceProfileEditor (161)
[2015.11.07-10.07.39:088][700]LogModuleManager: Shutting down and abandoning module UndoHistory (160)
[2015.11.07-10.07.39:088][700]LogModuleManager: Shutting down and abandoning module GameplayTagsEditor (159)
[2015.11.07-10.07.39:088][700]LogModuleManager: Shutting down and abandoning module UserFeedback (158)
[2015.11.07-10.07.39:088][700]LogModuleManager: Shutting down and abandoning module XmlParser (157)
[2015.11.07-10.07.39:088][700]LogModuleManager: Shutting down and abandoning module Blutility (156)
[2015.11.07-10.07.39:088][700]LogModuleManager: Shutting down and abandoning module ProjectTargetPlatformEditor (155)
[2015.11.07-10.07.39:088][700]LogModuleManager: Shutting down and abandoning module ProjectSettingsViewer (154)
[2015.11.07-10.07.39:088][700]LogModuleManager: Shutting down and abandoning module InputBindingEditor (153)
[2015.11.07-10.07.39:089][700]LogModuleManager: Shutting down and abandoning module EditorSettingsViewer (152)
[2015.11.07-10.07.39:089][700]LogModuleManager: Shutting down and abandoning module SettingsEditor (151)
[2015.11.07-10.07.39:089][700]LogModuleManager: Shutting down and abandoning module ProjectLauncher (150)
[2015.11.07-10.07.39:089][700]LogModuleManager: Shutting down and abandoning module SessionFrontend (149)
[2015.11.07-10.07.39:089][700]LogModuleManager: Shutting down and abandoning module ProfilerClient (148)
[2015.11.07-10.07.39:089][700]LogModuleManager: Shutting down and abandoning module TargetDeviceServices (147)
[2015.11.07-10.07.39:090][700]LogModuleManager: Shutting down and abandoning module DeviceManager (146)
[2015.11.07-10.07.39:090][700]LogModuleManager: Shutting down and abandoning module AutomationController (145)
[2015.11.07-10.07.39:090][700]LogModuleManager: Shutting down and abandoning module AutomationWindow (144)
[2015.11.07-10.07.39:090][700]LogModuleManager: Shutting down and abandoning module Layers (143)
[2015.11.07-10.07.39:091][700]LogModuleManager: Shutting down and abandoning module ComponentVisualizers (142)
[2015.11.07-10.07.39:091][700]LogModuleManager: Shutting down and abandoning module DetailCustomizations (141)
[2015.11.07-10.07.39:091][700]LogModuleManager: Shutting down and abandoning module PackagesDialog (140)
[2015.11.07-10.07.39:091][700]LogModuleManager: Shutting down and abandoning module Persona (139)
[2015.11.07-10.07.39:091][700]LogModuleManager: Shutting down and abandoning module Kismet (138)
[2015.11.07-10.07.39:091][700]LogModuleManager: Shutting down and abandoning module GraphEditor (137)
[2015.11.07-10.07.39:091][700]LogModuleManager: Shutting down and abandoning module ClassViewer (136)
[2015.11.07-10.07.39:091][700]LogModuleManager: Shutting down and abandoning module Toolbox (135)
[2015.11.07-10.07.39:091][700]LogModuleManager: Shutting down and abandoning module ModuleUI (134)
[2015.11.07-10.07.39:091][700]LogModuleManager: Shutting down and abandoning module MovieSceneTools (133)
[2015.11.07-10.07.39:091][700]LogModuleManager: Shutting down and abandoning module OutputLog (132)
[2015.11.07-10.07.39:091][700]LogModuleManager: Shutting down and abandoning module GammaUI (131)
[2015.11.07-10.07.39:091][700]LogModuleManager: Shutting down and abandoning module Documentation (130)
[2015.11.07-10.07.39:092][700]LogModuleManager: Shutting down and abandoning module GameLiveStreaming (129)
[2015.11.07-10.07.39:092][700]LogModuleManager: Shutting down and abandoning module StreamingPauseRendering (128)
[2015.11.07-10.07.39:092][700]LogModuleManager: Shutting down and abandoning module AnalyticsET (127)
[2015.11.07-10.07.39:092][700]LogModuleManager: Shutting down and abandoning module Analytics (126)
[2015.11.07-10.07.39:092][700]LogModuleManager: Shutting down and abandoning module AITestSuite (125)
[2015.11.07-10.07.39:092][700]LogModuleManager: Shutting down and abandoning module GameplayDebugger (124)
[2015.11.07-10.07.39:092][700]LogModuleManager: Shutting down and abandoning module AIModule (123)
[2015.11.07-10.07.39:092][700]LogModuleManager: Shutting down and abandoning module ProfilerService (122)
[2015.11.07-10.07.39:250][700]LogModuleManager: Shutting down and abandoning module TaskGraph (121)
[2015.11.07-10.07.39:250][700]LogModuleManager: Shutting down and abandoning module SlateRemote (120)
[2015.11.07-10.07.39:250][700]LogModuleManager: Shutting down and abandoning module SteamVRController (119)
[2015.11.07-10.07.39:250][700]LogModuleManager: Shutting down and abandoning module SteamVR (118)
[2015.11.07-10.07.39:250][700]LogModuleManager: Shutting down and abandoning module ProceduralMeshComponent (117)
[2015.11.07-10.07.39:250][700]LogModuleManager: Shutting down and abandoning module OculusRift (116)
[2015.11.07-10.07.39:250][700]LogModuleManager: Shutting down and abandoning module OculusLibrary (115)
[2015.11.07-10.07.39:250][700]LogModuleManager: Shutting down and abandoning module LeapMotionController (114)
[2015.11.07-10.07.39:353][700]LogModuleManager: Shutting down and abandoning module CustomMeshComponent (113)
[2015.11.07-10.07.39:353][700]LogModuleManager: Shutting down and abandoning module CableComponent (112)
[2015.11.07-10.07.39:353][700]LogModuleManager: Shutting down and abandoning module ArchVisCharacter (111)
[2015.11.07-10.07.39:353][700]LogModuleManager: Shutting down and abandoning module MessagingDebugger (110)
[2015.11.07-10.07.39:354][700]LogModuleManager: Shutting down and abandoning module MediaPlayerEditor (109)
[2015.11.07-10.07.39:354][700]LogModuleManager: Shutting down and abandoning module HTML5Networking (108)
[2015.11.07-10.07.39:354][700]LogModuleManager: Shutting down and abandoning module SpeedTreeImporter (107)
[2015.11.07-10.07.39:354][700]LogModuleManager: Shutting down and abandoning module PluginBrowser (106)
[2015.11.07-10.07.39:354][700]LogModuleManager: Shutting down and abandoning module EpicSurvey (105)
[2015.11.07-10.07.39:354][700]LogModuleManager: Shutting down and abandoning module DesktopPlatform (104)
[2015.11.07-10.07.39:354][700]LogModuleManager: Shutting down and abandoning module VisualStudioSourceCodeAccess (103)
[2015.11.07-10.07.39:355][700]LogModuleManager: Shutting down and abandoning module UObjectPlugin (102)
[2015.11.07-10.07.39:355][700]LogModuleManager: Shutting down and abandoning module SubversionSourceControl (101)
[2015.11.07-10.07.39:355][700]LogModuleManager: Shutting down and abandoning module PerforceSourceControl (100)
[2015.11.07-10.07.39:355][700]LogModuleManager: Shutting down and abandoning module SourceControl (99)
[2015.11.07-10.07.39:355][700]LogModuleManager: Shutting down and abandoning module GitSourceControl (98)
[2015.11.07-10.07.39:355][700]LogModuleManager: Shutting down and abandoning module LightPropagationVolumeEditor (97)
[2015.11.07-10.07.39:355][700]LogModuleManager: Shutting down and abandoning module PaperTiledImporter (96)
[2015.11.07-10.07.39:355][700]LogModuleManager: Shutting down and abandoning module PaperSpriteSheetImporter (95)
[2015.11.07-10.07.39:355][700]LogModuleManager: Shutting down and abandoning module MeshPaint (94)
[2015.11.07-10.07.39:355][700]LogModuleManager: Shutting down and abandoning module SlateReflector (93)
[2015.11.07-10.07.39:355][700]LogModuleManager: Shutting down and abandoning module HotReload (92)
[2015.11.07-10.07.39:356][700]LogModuleManager: Shutting down and abandoning module MainFrame (91)
[2015.11.07-10.07.39:356][700]LogModuleManager: Shutting down and abandoning module LevelEditor (90)
[2015.11.07-10.07.39:363][700]LogModuleManager: Shutting down and abandoning module DirectoryWatcher (89)
[2015.11.07-10.07.39:366][700]LogModuleManager: Shutting down and abandoning module AssetRegistry (88)
[2015.11.07-10.07.39:559][700]LogModuleManager: Shutting down and abandoning module ContentBrowser (87)
[2015.11.07-10.07.39:563][700]LogModuleManager: Shutting down and abandoning module Paper2DEditor (86)
[2015.11.07-10.07.39:564][700]LogModuleManager: Shutting down and abandoning module UdpMessaging (85)
[2015.11.07-10.07.39:665][700]LogModuleManager: Shutting down and abandoning module LightPropagationVolumeRuntime (84)
[2015.11.07-10.07.39:665][700]LogModuleManager: Shutting down and abandoning module Paper2D (83)
[2015.11.07-10.07.39:665][700]LogModuleManager: Shutting down and abandoning module WindowsMoviePlayer (82)
[2015.11.07-10.07.39:674][700]LogModuleManager: Shutting down and abandoning module Media (81)
[2015.11.07-10.07.39:674][700]LogModuleManager: Shutting down and abandoning module WmfMedia (80)
[2015.11.07-10.07.39:674][700]LogModuleManager: Shutting down and abandoning module OnlineBlueprintSupport (79)
[2015.11.07-10.07.39:675][700]LogModuleManager: Shutting down and abandoning module GameplayTasksEditor (78)
[2015.11.07-10.07.39:675][700]LogModuleManager: Shutting down and abandoning module PropertyEditor (77)
[2015.11.07-10.07.39:675][700]LogModuleManager: Shutting down and abandoning module BehaviorTreeEditor (76)
[2015.11.07-10.07.39:675][700]LogModuleManager: Shutting down and abandoning module FunctionalTesting (75)
[2015.11.07-10.07.39:675][700]LogModuleManager: Shutting down and abandoning module CollisionAnalyzer (74)
[2015.11.07-10.07.39:675][700]LogModuleManager: Shutting down and abandoning module WorkspaceMenuStructure (73)
[2015.11.07-10.07.39:675][700]LogModuleManager: Shutting down and abandoning module MessageLog (72)
[2015.11.07-10.07.39:675][700]LogModuleManager: Shutting down and abandoning module Sequencer (71)
[2015.11.07-10.07.39:675][700]LogModuleManager: Shutting down and abandoning module AssetTools (70)
[2015.11.07-10.07.39:675][700]LogModuleManager: Shutting down and abandoning module UMGEditor (69)
[2015.11.07-10.07.39:675][700]LogModuleManager: Shutting down and abandoning module UMG (68)
[2015.11.07-10.07.39:675][700]LogModuleManager: Shutting down and abandoning module Slate (67)
[2015.11.07-10.07.39:675][700]LogModuleManager: Shutting down and abandoning module EditorStyle (66)
[2015.11.07-10.07.39:688][700]LogModuleManager: Shutting down and abandoning module SessionServices (65)
[2015.11.07-10.07.39:688][700]LogModuleManager: Shutting down and abandoning module SourceCodeAccess (64)
[2015.11.07-10.07.39:688][700]LogModuleManager: Shutting down and abandoning module HeadMountedDisplay (63)
[2015.11.07-10.07.39:688][700]LogModuleManager: Shutting down and abandoning module XAudio2 (62)
[2015.11.07-10.07.39:689][700]LogModuleManager: Shutting down and abandoning module Networking (60)
[2015.11.07-10.07.39:689][700]LogModuleManager: Shutting down and abandoning module Core (59)
[2015.11.07-10.07.39:689][700]LogModuleManager: Shutting down and abandoning module KismetCompiler (58)
[2015.11.07-10.07.39:689][700]LogModuleManager: Shutting down and abandoning module PhysXFormats (57)
[2015.11.07-10.07.39:689][700]LogModuleManager: Shutting down and abandoning module MeshUtilities (56)
[2015.11.07-10.07.39:689][700]LogModuleManager: Shutting down and abandoning module CookingStats (55)
[2015.11.07-10.07.39:690][700]LogModuleManager: Shutting down and abandoning module DerivedDataCache (54)
[2015.11.07-10.07.40:041][700]LogDerivedDataCache: Shutdown
[2015.11.07-10.07.40:041][700]LogModuleManager: Shutting down and abandoning module ShaderFormatOpenGL (53)
[2015.11.07-10.07.40:041][700]LogModuleManager: Shutting down and abandoning module ShaderFormatD3D (52)
[2015.11.07-10.07.40:041][700]LogModuleManager: Shutting down and abandoning module MetalShaderFormat (51)
[2015.11.07-10.07.40:041][700]LogModuleManager: Shutting down and abandoning module TextureFormatUncompressed (50)
[2015.11.07-10.07.40:041][700]LogModuleManager: Shutting down and abandoning module TextureFormatPVR (49)
[2015.11.07-10.07.40:041][700]LogModuleManager: Shutting down and abandoning module TextureFormatIntelISPCTexComp (48)
[2015.11.07-10.07.40:042][700]LogModuleManager: Shutting down and abandoning module TextureFormatDXT (47)
[2015.11.07-10.07.40:042][700]LogModuleManager: Shutting down and abandoning module ImageWrapper (46)
[2015.11.07-10.07.40:042][700]LogModuleManager: Shutting down and abandoning module TextureFormatASTC (45)
[2015.11.07-10.07.40:042][700]LogModuleManager: Shutting down and abandoning module TextureFormatAndroid (44)
[2015.11.07-10.07.40:042][700]LogModuleManager: Shutting down and abandoning module AudioFormatOpus (43)
[2015.11.07-10.07.40:042][700]LogModuleManager: Shutting down and abandoning module AudioFormatOgg (42)
[2015.11.07-10.07.40:042][700]LogModuleManager: Shutting down and abandoning module AudioFormatADPCM (41)
[2015.11.07-10.07.40:042][700]LogModuleManager: Shutting down and abandoning module LinuxTargetPlatform (40)
[2015.11.07-10.07.40:042][700]LogModuleManager: Shutting down and abandoning module LinuxServerTargetPlatform (39)
[2015.11.07-10.07.40:042][700]LogModuleManager: Shutting down and abandoning module LinuxNoEditorTargetPlatform (38)
[2015.11.07-10.07.40:042][700]LogModuleManager: Shutting down and abandoning module Messaging (37)
[2015.11.07-10.07.40:042][700]LogModuleManager: Shutting down and abandoning module IOSTargetPlatform (36)
[2015.11.07-10.07.40:042][700]LogModuleManager: Shutting down and abandoning module HTML5TargetPlatform (35)
[2015.11.07-10.07.40:042][700]LogModuleManager: Shutting down and abandoning module Android_PVRTCTargetPlatform (34)
[2015.11.07-10.07.40:043][700]LogModuleManager: Shutting down and abandoning module Android_ETC2TargetPlatform (33)
[2015.11.07-10.07.40:043][700]LogModuleManager: Shutting down and abandoning module Android_ETC1TargetPlatform (32)
[2015.11.07-10.07.40:043][700]LogModuleManager: Shutting down and abandoning module Android_DXTTargetPlatform (31)
[2015.11.07-10.07.40:043][700]LogModuleManager: Shutting down and abandoning module Android_ATCTargetPlatform (30)
[2015.11.07-10.07.40:043][700]LogModuleManager: Shutting down and abandoning module Android_ASTCTargetPlatform (29)
[2015.11.07-10.07.40:043][700]LogModuleManager: Shutting down and abandoning module AndroidTargetPlatform (28)
[2015.11.07-10.07.40:043][700]LogModuleManager: Shutting down and abandoning module WindowsTargetPlatform (27)
[2015.11.07-10.07.40:043][700]LogModuleManager: Shutting down and abandoning module WindowsServerTargetPlatform (26)
[2015.11.07-10.07.40:043][700]LogModuleManager: Shutting down and abandoning module WindowsNoEditorTargetPlatform (25)
[2015.11.07-10.07.40:043][700]LogModuleManager: Shutting down and abandoning module WindowsClientTargetPlatform (24)
[2015.11.07-10.07.40:043][700]LogModuleManager: Shutting down and abandoning module AllDesktopTargetPlatform (23)
[2015.11.07-10.07.40:043][700]LogModuleManager: Shutting down and abandoning module TargetPlatform (22)
[2015.11.07-10.07.40:043][700]LogModuleManager: Shutting down and abandoning module InputCore (21)
[2015.11.07-10.07.40:044][700]LogModuleManager: Shutting down and abandoning module Settings (20)
[2015.11.07-10.07.40:044][700]LogModuleManager: Shutting down and abandoning module OnlineSubsystem (18)
[2015.11.07-10.07.40:044][700]LogModuleManager: Shutting down and abandoning module HTTP (17)
[2015.11.07-10.07.43:050][700]LogModuleManager: Shutting down and abandoning module XMPP (16)
[2015.11.07-10.07.43:050][700]LogModuleManager: Shutting down and abandoning module ExampleDeviceProfileSelector (15)
[2015.11.07-10.07.43:050][700]LogModuleManager: Shutting down and abandoning module TextureCompressor (14)
[2015.11.07-10.07.43:051][700]LogModuleManager: Shutting down and abandoning module ShaderCore (13)
[2015.11.07-10.07.43:051][700]LogModuleManager: Shutting down and abandoning module Landscape (12)
[2015.11.07-10.07.43:051][700]LogModuleManager: Shutting down and abandoning module SlateRHIRenderer (11)
[2015.11.07-10.07.43:053][700]LogModuleManager: Shutting down and abandoning module OpenGLDrv (10)
[2015.11.07-10.07.43:053][700]LogModuleManager: Shutting down and abandoning module D3D11RHI (9)
[2015.11.07-10.07.43:053][700]LogModuleManager: Shutting down and abandoning module AnimGraphRuntime (8)
[2015.11.07-10.07.43:053][700]LogModuleManager: Shutting down and abandoning module Renderer (7)
[2015.11.07-10.07.43:053][700]LogModuleManager: Shutting down and abandoning module Engine (6)
[2015.11.07-10.07.43:053][700]LogModuleManager: Shutting down and abandoning module CoreUObject (5)
[2015.11.07-10.07.43:053][700]LogModuleManager: Shutting down and abandoning module NetworkFile (4)
[2015.11.07-10.07.43:053][700]LogModuleManager: Shutting down and abandoning module StreamingFile (3)
[2015.11.07-10.07.43:053][700]LogModuleManager: Shutting down and abandoning module SandboxFile (2)
[2015.11.07-10.07.43:053][700]LogModuleManager: Shutting down and abandoning module PakFile (1)
[2015.11.07-10.07.43:055][700]LogExit: Exiting.
[2015.11.07-10.07.43:059][700]Log file closed, 11/07/15 13:07:43
=======
﻿[2015.11.22-11.02.21:269][  0]Log file open, 11/22/15 13:02:21
[2015.11.22-11.02.21:269][  0]LogInit:Display: Running engine for game: Epidemic_Source
[2015.11.22-11.02.21:269][  0]LogInit:Display: RandInit(391168935) SRandInit(391168936).
[2015.11.22-11.02.21:269][  0]LogTaskGraph: Started task graph with 4 named threads and 7 total threads.
[2015.11.22-11.02.21:269][  0]LogStats: Stats thread started at 0.070073
[2015.11.22-11.02.21:269][  0]LogInit: Version: 4.9.2-2707645+++depot+UE4-Releases+4.9
[2015.11.22-11.02.21:269][  0]LogInit: API Version: 2672455
[2015.11.22-11.02.21:269][  0]LogInit: Compiled (64-bit): Sep 28 2015 10:25:44
[2015.11.22-11.02.21:269][  0]LogInit: Compiled with Visual C++: 18.00.21005.01
[2015.11.22-11.02.21:269][  0]LogInit: Build Configuration: Development
[2015.11.22-11.02.21:269][  0]LogInit: Branch Name: ++depot+UE4-Releases+4.9
[2015.11.22-11.02.21:269][  0]LogInit: Command line:  
[2015.11.22-11.02.21:269][  0]LogInit: Base directory: E:/Programs/EpicGames/Epic Games/4.9/Engine/Binaries/Win64/
[2015.11.22-11.02.21:269][  0]LogInit: Rocket: 1
[2015.11.22-11.02.21:275][  0]LogInit: Using libcurl 7.41.0
[2015.11.22-11.02.21:275][  0]LogInit:  - built for x86_64-pc-win32
[2015.11.22-11.02.21:275][  0]LogInit:  - supports SSL with WinSSL
[2015.11.22-11.02.21:275][  0]LogInit:  - other features:
[2015.11.22-11.02.21:275][  0]LogInit:      CURL_VERSION_SSL
[2015.11.22-11.02.21:275][  0]LogInit:      CURL_VERSION_IPV6
[2015.11.22-11.02.21:275][  0]LogInit:      CURL_VERSION_ASYNCHDNS
[2015.11.22-11.02.21:275][  0]LogInit:      CURL_VERSION_LARGEFILE
[2015.11.22-11.02.21:275][  0]LogInit:      CURL_VERSION_IDN
[2015.11.22-11.02.21:275][  0]LogInit:  CurlRequestOptions (configurable via config and command line):
[2015.11.22-11.02.21:275][  0]LogInit:  - bVerifyPeer = true  - Libcurl will verify peer certificate
[2015.11.22-11.02.21:275][  0]LogInit:  - bUseHttpProxy = false  - Libcurl will NOT use HTTP proxy
[2015.11.22-11.02.21:275][  0]LogInit:  - bDontReuseConnections = false  - Libcurl will reuse connections
[2015.11.22-11.02.21:275][  0]LogInit:  - CertBundlePath = nullptr  - Libcurl will use whatever was configured at build time.
[2015.11.22-11.02.21:282][  0]LogInit: Presizing for 0 objects not considered by GC, pre-allocating 0 bytes.
[2015.11.22-11.02.21:290][  0]LogInit: Object subsystem initialized
[2015.11.22-11.02.21:292][  0]LogInit: Selected Device Profile: [Windows]
[2015.11.22-11.02.21:292][  0]LogInit: Applying CVar settings loaded from the selected device profile: [Windows]
[2015.11.22-11.02.21:300][  0]LogInit: Computer: GRONIA-FERDI
[2015.11.22-11.02.21:300][  0]LogInit: User: Ferdi
[2015.11.22-11.02.21:300][  0]LogInit: CPU Page size=4096, Cores=4
[2015.11.22-11.02.21:300][  0]LogInit: High frequency timer resolution =3.312802 MHz
[2015.11.22-11.02.21:301][  0]LogMemory: Memory total: Physical=8.0GB (8GB approx)
[2015.11.22-11.02.21:301][  0]LogMemory: Platform Memory Stats for Windows
[2015.11.22-11.02.21:301][  0]LogMemory: Process Physical Memory: 54.53 MB used, 54.53 MB peak
[2015.11.22-11.02.21:301][  0]LogMemory: Process Virtual Memory: 55.33 MB used, 55.33 MB peak
[2015.11.22-11.02.21:301][  0]LogMemory: Physical Memory: 4981.57 MB used, 8174.70 MB total
[2015.11.22-11.02.21:301][  0]LogMemory: Virtual Memory: 364.46 MB used, 134217728.00 MB total
[2015.11.22-11.02.21:345][  0]LogTextLocalizationManager: No specific translations for ('en-US') exist, so ('en') translations will be used.
[2015.11.22-11.02.22:110][  0]LogD3D11RHI: Found D3D11 adapter 0: AMD Radeon R9 200 Series (Feature Level 11_0)
[2015.11.22-11.02.22:110][  0]LogD3D11RHI: Adapter has 3050MB of dedicated video memory, 0MB of dedicated system memory, and 4087MB of shared system memory, 3 output[s]
[2015.11.22-11.02.22:112][  0]LogD3D11RHI: Found D3D11 adapter 1: Microsoft Basic Render Driver (Feature Level 11_0)
[2015.11.22-11.02.22:112][  0]LogD3D11RHI: Adapter has 0MB of dedicated video memory, 0MB of dedicated system memory, and 4087MB of shared system memory, 0 output[s]
[2015.11.22-11.02.22:112][  0]LogD3D11RHI: Chosen D3D11 Adapter Id = 0
[2015.11.22-11.02.22:116][  0]LogD3D11RHI: !Direct3DDevice
[2015.11.22-11.02.22:116][  0]LogRHI: Texture pool is 1361 MB (70% of 1945 MB)
[2015.11.22-11.02.22:123][  0]LogD3D11RHI: Async texture creation disabled: no driver support
[2015.11.22-11.02.22:135][  0]LogShaderCompilers: Guid format shader working directory is 15 characters bigger than the processId version (D:/EpidemicGameProject/Epidemic_Source/Intermediate/Shaders/WorkingDirectory/9880/).
[2015.11.22-11.02.22:135][  0]LogShaderCompilers: Cleaned the shader compiler working directory 'D:/EpidemicGameProject/Epidemic_Source/Intermediate/Shaders/tmp/A956AF0940574C17E65F4390C2980551/'.
[2015.11.22-11.02.22:135][  0]LogShaderCompilers:Display: Using Local Shader Compiler.
[2015.11.22-11.02.23:798][  0]LogTemp:Display: Loaded TP AllDesktopTargetPlatform
[2015.11.22-11.02.23:803][  0]LogTemp:Display: Loaded TP WindowsClientTargetPlatform
[2015.11.22-11.02.23:809][  0]LogTemp:Display: Loaded TP WindowsNoEditorTargetPlatform
[2015.11.22-11.02.23:814][  0]LogTemp:Display: Loaded TP WindowsServerTargetPlatform
[2015.11.22-11.02.23:818][  0]LogTemp:Display: Loaded TP WindowsTargetPlatform
[2015.11.22-11.02.23:824][  0]LogTemp:Display: Loaded TP AndroidTargetPlatform
[2015.11.22-11.02.23:827][  0]LogTemp:Display: Loaded TP Android_ASTCTargetPlatform
[2015.11.22-11.02.23:832][  0]LogTemp:Display: Loaded TP Android_ATCTargetPlatform
[2015.11.22-11.02.23:835][  0]LogTemp:Display: Loaded TP Android_DXTTargetPlatform
[2015.11.22-11.02.23:838][  0]LogTemp:Display: Loaded TP Android_ETC1TargetPlatform
[2015.11.22-11.02.23:842][  0]LogTemp:Display: Loaded TP Android_ETC2TargetPlatform
[2015.11.22-11.02.23:845][  0]LogTemp:Display: Loaded TP Android_PVRTCTargetPlatform
[2015.11.22-11.02.23:845][  0]LogTemp:Display: Loaded TP HTML5TargetPlatform
[2015.11.22-11.02.23:865][  0]LogTemp:Display: Loaded TP IOSTargetPlatform
[2015.11.22-11.02.23:869][  0]LogTemp:Display: Loaded TP LinuxNoEditorTargetPlatform
[2015.11.22-11.02.23:873][  0]LogTemp:Display: Loaded TP LinuxServerTargetPlatform
[2015.11.22-11.02.23:880][  0]LogTemp:Display: Loaded TP LinuxTargetPlatform
[2015.11.22-11.02.23:880][  0]LogTargetPlatformManager:Display: Building Assets For Windows
[2015.11.22-11.02.23:960][  0]LogDerivedDataCache:Display: Max Cache Size: 512 MB
[2015.11.22-11.02.24:474][  0]LogDerivedDataCache: Loaded boot cache 0.51s 41MB C:/Users/Ferdi/AppData/Local/UnrealEngine/4.9/DerivedDataCache/Boot.ddc.
[2015.11.22-11.02.24:474][  0]LogDerivedDataCache:Display: Loaded Boot cache: C:/Users/Ferdi/AppData/Local/UnrealEngine/4.9/DerivedDataCache/Boot.ddc
[2015.11.22-11.02.24:474][  0]LogDerivedDataCache: FDerivedDataBackendGraph:  Pak pak cache file D:/EpidemicGameProject/Epidemic_Source/DerivedDataCache/DDC.ddp not found, will not use a pak cache.
[2015.11.22-11.02.24:474][  0]LogDerivedDataCache: Unable to find inner node Pak for hierarchical cache Hierarchy.
[2015.11.22-11.02.24:474][  0]LogDerivedDataCache: FDerivedDataBackendGraph:  CompressedPak pak cache file D:/EpidemicGameProject/Epidemic_Source/DerivedDataCache/Compressed.ddp not found, will not use a pak cache.
[2015.11.22-11.02.24:474][  0]LogDerivedDataCache: Unable to find inner node CompressedPak for hierarchical cache Hierarchy.
[2015.11.22-11.02.24:627][  0]LogDerivedDataCache:Display: Pak cache opened for reading ../../../Engine/DerivedDataCache/Compressed.ddp.
[2015.11.22-11.02.24:639][  0]LogDerivedDataCache: Using Local data cache path C:/Users/Ferdi/AppData/Local/UnrealEngine/Common/DerivedDataCache: Writable
[2015.11.22-11.02.24:831][  0]LogInit: Selected Device Profile: [Windows]
[2015.11.22-11.02.24:835][  0]LogContentStreaming: Texture pool size is 0.000000MB
[2015.11.22-11.02.24:960][  0]LogMeshUtilities: No automatic mesh reduction module available
[2015.11.22-11.02.24:961][  0]LogMeshUtilities: No automatic mesh merging module available
[2015.11.22-11.02.25:238][  0]LogInit: WinSock: version 1.1 (2.2), MaxSocks=32767, MaxUdp=65467
[2015.11.22-11.02.27:271][  0]UdpMessaging: Initializing bridge on interface 0.0.0.0:0 to multicast group 230.0.0.1:6666.
[2015.11.22-11.02.27:423][  0]LogAssetRegistry: FAssetRegistry took 0.0109 seconds to start up
[2015.11.22-11.02.27:589][  0]SourceControl: Info Source control is disabled
[2015.11.22-11.02.27:683][  0]SourceControl: Info Source control is disabled
[2015.11.22-11.02.27:692][  0]SourceControl: Info Source control is disabled
[2015.11.22-11.02.27:700][  0]SourceControl: Info Source control is disabled
[2015.11.22-11.02.27:852][  0]LogLinker:Warning: Asset '../../../Engine/Plugins/Runtime/LeapMotionController/Content/LM_PassthroughMaterial.uasset' has been saved with empty engine version. The asset will be loaded but may be incompatible.
[2015.11.22-11.02.27:919][  0]LogObj: 28361 objects as part of root set at end of initial load.
[2015.11.22-11.02.27:919][  0]LogUObjectAllocator: 6038872 out of 0 bytes used by permanent object pool.
[2015.11.22-11.02.27:979][  0]LogEngine: Initializing Engine...
[2015.11.22-11.02.27:981][  0]LogHMD: Can't find Oculus library dev build: is proper Runtime installed? Version: 0.7.0.0
[2015.11.22-11.02.27:981][  0]LogHMD: SteamVR failed to initialize.  Err: 110
[2015.11.22-11.02.28:109][  0]LogAIModule: Creating AISystem for world NewWorld
[2015.11.22-11.02.28:115][  0]LogInit: XAudio2 using 'Speakers (2- G510 Gaming Keyboard)' : 2 channels at 48 kHz using 16 bits per sample (channel mask 0x3)
[2015.11.22-11.02.28:122][  0]LogInit: FAudioDevice initialized.
[2015.11.22-11.02.28:142][  0]LogDerivedDataCache: Saved boot cache 0.02s 41MB C:/Users/Ferdi/AppData/Local/UnrealEngine/4.9/DerivedDataCache/Boot.ddc.
[2015.11.22-11.02.28:150][  0]LogInit: Texture streaming: Enabled
[2015.11.22-11.02.28:154][  0]LogAnalytics: Creating configured Analytics provider AnalyticsET
[2015.11.22-11.02.28:154][  0]LogAnalytics: [UEEditor.Rocket.Release] APIServer = http://et2.epicgames.com/ET2/. AppVersion = 4.9.2-2707645+++depot+UE4-Releases+4.9
[2015.11.22-11.02.28:154][  0]LogAnalytics: [UEEditor.Rocket.Release] SetUserId 4d6edf494aaa6366e0fc9cbfe9311ea0|29085979fd9e49d891c67b2b1d3c3f13|3c529454-2f3a-4a5c-9d67-9588c1286bf3
[2015.11.22-11.02.28:154][  0]LogAnalytics: [UEEditor.Rocket.Release] AnalyticsET::StartSession
[2015.11.22-11.02.28:162][  0]LogWindowsTextInputMethodSystem:Display: IME system now deactivated.
[2015.11.22-11.02.28:181][  0]LogInit: Transaction tracking system initialized
[2015.11.22-11.02.28:203][  0]BlueprintLog: New page: Editor Load
[2015.11.22-11.02.28:277][  0]LocalizationService: Info Localization service is disabled
[2015.11.22-11.02.28:348][  0]LogConsoleResponse:Display: 
[2015.11.22-11.02.28:465][  0]LogCook:Display: Done creating registry. It took  0.00s.
[2015.11.22-11.02.28:533][  0]LogFileCache: Scanning file cache for directory 'D:/EpidemicGameProject/Epidemic_Source/Content/' took 0.02s
[2015.11.22-11.02.28:533][  0]SourceControl: Info Source control is disabled
[2015.11.22-11.02.28:533][  0]Cmd: MAP LOAD FILE="D:/EpidemicGameProject/Epidemic_Source/Content/Scenes/test.umap" TEMPLATE=0 SHOWPROGRESS=1 FEATURELEVEL=3
[2015.11.22-11.02.28:533][  0]LightingResults: New page: Lighting Build
[2015.11.22-11.02.28:536][  0]MapCheck: New page: Map Check
[2015.11.22-11.02.28:536][  0]LightingResults: New page: Lighting Build
[2015.11.22-11.02.28:547][  0]LogParticles: Destroying 0 GPU particle simulations for FXSystem 0x000000DC8EC02160
[2015.11.22-11.02.29:889][  0]LogAIModule: Creating AISystem for world test
[2015.11.22-11.02.29:896][  0]LogEditorServer: Finished looking for orphan Actors (0.000 secs)
[2015.11.22-11.02.29:896][  0]Cmd: MAP CHECKDEP NOCLEARLOG
[2015.11.22-11.02.29:968][  0]MapCheck: Info Map check complete: 0 Error(s), 0 Warning(s), took 71.43ms to complete.
[2015.11.22-11.02.29:968][  0]LogFileHelpers: Loading map 'test' took 1.435
[2015.11.22-11.02.30:126][  0]LogCollectionManager: Loaded 0 collections in 0.001312 seconds
[2015.11.22-11.02.30:169][  0]LogFileCache: Scanning file cache for directory 'D:/EpidemicGameProject/Epidemic_Source/Saved/Collections/' took 0.01s
[2015.11.22-11.02.30:169][  0]LogFileCache: Scanning file cache for directory 'D:/EpidemicGameProject/Epidemic_Source/Content/Developers/Ferdi/Collections/' took 0.01s
[2015.11.22-11.02.30:169][  0]LogFileCache: Scanning file cache for directory 'D:/EpidemicGameProject/Epidemic_Source/Content/Collections/' took 0.01s
[2015.11.22-11.02.30:169][  0]LogContentBrowser: Native class hierarchy populated in 0.0095 seconds. Added 1867 classes and 333 folders.
[2015.11.22-11.02.30:186][  0]LogCollectionManager: Rebuilt the GUID cache for 0 collections in 0.000003 seconds
[2015.11.22-11.02.30:193][  0]LogContentBrowser: Native class hierarchy updated for 'WidgetCarousel' in 0.0004 seconds. Added 0 classes and 0 folders.
[2015.11.22-11.02.30:310][  0]LogContentBrowser: Native class hierarchy updated for 'AddContentDialog' in 0.0003 seconds. Added 0 classes and 0 folders.
[2015.11.22-11.02.30:314][  0]LogContentBrowser: Native class hierarchy updated for 'SceneOutliner' in 0.0004 seconds. Added 1 classes and 2 folders.
[2015.11.22-11.02.30:385][  0]LogCrashTracker: Crashtracker disabled due to settings.
[2015.11.22-11.02.30:424][  0]LogUObjectGlobals:Warning: Failed to find object 'Class None.'
[2015.11.22-11.02.30:446][  0]LogLoad: Full Startup: 9.76 seconds (BP compile: 0.27 seconds)
[2015.11.22-11.02.30:535][  0]LogContentStreaming: Texture pool size now 1000 MB
[2015.11.22-11.02.30:742][  0]LogRenderer: Reallocating scene render targets to support 1176x576 (Frame:2).
[2015.11.22-11.02.31:398][  6]LogAssetRegistry: Asset discovery search completed in 3.9867 seconds
[2015.11.22-11.02.31:398][  6]LogCollectionManager: Rebuilt the object cache for 0 collections in 0.000001 seconds (found 0 objects)
[2015.11.22-11.02.31:398][  6]LogCollectionManager: Fixed up redirectors for 0 collections in 0.000035 seconds (updated 0 objects)
[2015.11.22-11.06.52:232][375]LogLinker:Warning: Can't find file '/Game/GUI/Widgets/MainMenuWidget'
[2015.11.22-11.06.52:232][375]LogLinker:Warning: Can't find file for asset '/Game/GUI/Widgets/MainMenuWidget' while loading D:/EpidemicGameProject/Epidemic_Source/Content/Blueprints/PlayerBlueprint/MenuCamera.uasset.
[2015.11.22-11.06.52:232][375]LoadErrors:Error: Error /Game/Blueprints/PlayerBlueprint/MenuCamera : Can't find file for asset. /Game/GUI/Widgets/MainMenuWidget
[2015.11.22-11.06.52:232][375]LogLinker:Warning: Can't find file '/Game/GUI/Widgets/MainMenuWidget'
[2015.11.22-11.06.52:232][375]LogLinker:Warning: Can't find file for asset '/Game/GUI/Widgets/MainMenuWidget' while loading D:/EpidemicGameProject/Epidemic_Source/Content/Blueprints/PlayerBlueprint/MenuCamera.uasset.
[2015.11.22-11.06.52:233][375]LogLinker:Warning: Can't find file '/Game/GUI/Widgets/MainMenuWidget'
[2015.11.22-11.06.52:233][375]LogLinker:Warning: Can't find file for asset '/Game/GUI/Widgets/MainMenuWidget' while loading D:/EpidemicGameProject/Epidemic_Source/Content/Setting/MainScreenGameMode.uasset.
[2015.11.22-11.06.52:233][375]LoadErrors:Error: Error /Game/Setting/MainScreenGameMode : Can't find file for asset. /Game/GUI/Widgets/MainMenuWidget
[2015.11.22-11.06.52:234][375]LogLinker:Warning: Can't find file '/Game/GUI/Widgets/MainMenuWidget'
[2015.11.22-11.06.52:234][375]LogLinker:Warning: Can't find file for asset '/Game/GUI/Widgets/MainMenuWidget' while loading D:/EpidemicGameProject/Epidemic_Source/Content/Setting/MainScreenGameMode.uasset.
[2015.11.22-11.06.52:234][375]LogLinker:Warning: Can't find file '/Game/GUI/Widgets/MainMenuWidget'
[2015.11.22-11.06.52:234][375]LogLinker:Warning: Can't find file for asset '/Game/GUI/Widgets/MainMenuWidget' while loading D:/EpidemicGameProject/Epidemic_Source/Content/Setting/MainScreenGameMode.uasset.
[2015.11.22-11.06.52:236][375]LogLinker:Warning: Can't find file '/Game/GUI/Widgets/MainMenuWidget'
[2015.11.22-11.06.52:236][375]LoadErrors: Info Failed to load /Game/GUI/Widgets/MainMenuWidget.MainMenuWidget_C Referenced by EdGraphPin_44892
[2015.11.22-11.06.52:237][375]LogLinker:Warning: Can't find file for asset '/Game/GUI/Widgets/MainMenuWidget' while loading D:/EpidemicGameProject/Epidemic_Source/Content/Setting/MainScreenGameMode.uasset.
[2015.11.22-11.06.52:237][375]LogLinker:Warning: Can't find file '/Game/GUI/Widgets/MainMenuWidget'
[2015.11.22-11.06.52:237][375]LoadErrors: Info Failed to load /Game/GUI/Widgets/MainMenuWidget.MainMenuWidget_C Referenced by EdGraphPin_44893
[2015.11.22-11.06.52:237][375]LogLinker:Warning: Can't find file for asset '/Game/GUI/Widgets/MainMenuWidget' while loading D:/EpidemicGameProject/Epidemic_Source/Content/Setting/MainScreenGameMode.uasset.
[2015.11.22-11.06.52:242][375]LogBlueprint:Error: [compiler MenuCamera] Error Spawn node  Create Widget  must have a class specified.
[2015.11.22-11.06.52:245][375]LogBlueprint:Warning: [compiler MenuCamera] Warning [0271.56] Compile of MenuCamera failed. 1 Fatal Issue(s) 0 Warning(s) [in 4 ms]
[2015.11.22-11.06.52:245][375]LogBlueprint:Warning: [compiler MenuCamera] Warning [0271.56] Compile of MenuCamera failed. 1 Fatal Issue(s) 1 Warning(s) [in 0 ms]
[2015.11.22-11.06.52:245][375]LogBlueprint:Warning: [compiler MenuCamera] Warning [0271.56] Compile of MenuCamera failed. 1 Fatal Issue(s) 2 Warning(s) [in 0 ms]
[2015.11.22-11.06.52:281][375]LogAIModule: Creating AISystem for world MainScreen
[2015.11.22-11.06.52:290][375]LogActorComponent: UnregisterComponent: (/Engine/Transient.CharMoveComp) Not registered. Aborting.
[2015.11.22-11.06.52:325][375]Cmd: MAP LOAD FILE="D:/EpidemicGameProject/Epidemic_Source/Content/Scenes/MainScreen.umap" TEMPLATE=0 SHOWPROGRESS=1 FEATURELEVEL=3
[2015.11.22-11.06.52:325][375]LightingResults: New page: Lighting Build
[2015.11.22-11.06.52:347][375]LoadErrors: New page: Loading map: MainScreen.umap
[2015.11.22-11.06.52:348][375]MapCheck: New page: Map Check
[2015.11.22-11.06.52:348][375]LightingResults: New page: Lighting Build
[2015.11.22-11.06.52:361][375]LogParticles: Destroying 0 GPU particle simulations for FXSystem 0x000000DC969645E0
[2015.11.22-11.06.52:409][375]LogEditorServer: Finished looking for orphan Actors (0.000 secs)
[2015.11.22-11.06.52:448][375]Cmd: MAP CHECKDEP NOCLEARLOG
[2015.11.22-11.06.52:506][375]MapCheck: Info Map check complete: 0 Error(s), 0 Warning(s), took 57.685ms to complete.
[2015.11.22-11.06.52:507][375]LogFileHelpers: Loading map 'MainScreen' took 0.184
[2015.11.22-11.06.56:041][787]LogPlayLevel: PlayLevel: No blueprints needed recompiling
[2015.11.22-11.06.58:529][787]PIE: New page: PIE session: MainScreen (Nov 22, 2015, 3:06:58 PM)
[2015.11.22-11.06.58:530][787]LogPlayLevel: Creating play world package: /Game/Scenes/UEDPIE_0_MainScreen
[2015.11.22-11.06.58:535][787]LogPlayLevel: PIE: StaticDuplicateObject took: (0.004988s)
[2015.11.22-11.06.58:536][787]LogAIModule: Creating AISystem for world MainScreen
[2015.11.22-11.06.58:536][787]LogPlayLevel: PIE: World Init took: (0.000835s)
[2015.11.22-11.06.58:536][787]LogPlayLevel: PIE: Created PIE world by copying editor world from /Game/Scenes/MainScreen.MainScreen to /Game/Scenes/UEDPIE_0_MainScreen.MainScreen (0.006023s)
[2015.11.22-11.06.58:536][787]LogActorComponent: UnregisterComponent: (/Engine/Transient.CharMoveComp) Not registered. Aborting.
[2015.11.22-11.06.58:553][787]LogInit: XAudio2 using 'Speakers (2- G510 Gaming Keyboard)' : 2 channels at 48 kHz using 16 bits per sample (channel mask 0x3)
[2015.11.22-11.06.58:559][787]LogInit: FAudioDevice initialized.
[2015.11.22-11.06.58:609][787]LogWorld: Game class is 'MainScreenGameMode_C'
[2015.11.22-11.06.58:613][787]LogWorld: Bringing World /Game/Scenes/UEDPIE_0_MainScreen.MainScreen up for play (max tick rate 0) at 2015.11.22-13.06.58
[2015.11.22-11.06.58:613][787]LogActor:Warning: GameSession /Game/Scenes/UEDPIE_0_MainScreen.MainScreen:PersistentLevel.GameSession_0 has natively added scene component(s), but none of them were set as the actor's RootComponent - picking one arbitrarily
[2015.11.22-11.06.58:613][787]LogActor:Warning: GameNetworkManager /Game/Scenes/UEDPIE_0_MainScreen.MainScreen:PersistentLevel.GameNetworkManager_0 has natively added scene component(s), but none of them were set as the actor's RootComponent - picking one arbitrarily
[2015.11.22-11.06.58:614][787]LogWorld: Bringing up level for play took: 0.003776
[2015.11.22-11.06.58:618][787]PIE: Info Play in editor start time for /Game/Scenes/UEDPIE_0_MainScreen 2.631
[2015.11.22-11.06.59:647][900]LogParticles: Destroying 0 GPU particle simulations for FXSystem 0x000000DCFD27CA40
[2015.11.22-11.07.05:618][581]LogLinker:Warning: Asset '../../../Engine/Content/ArtTools/RenderToTexture/Macros/RenderToTextureMacros.uasset' has been saved with empty engine version. The asset will be loaded but may be incompatible.
[2015.11.22-11.07.06:208][581]LogContentBrowser: Native class hierarchy updated for 'BlueprintGraph' in 0.0007 seconds. Added 107 classes and 0 folders.
[2015.11.22-11.07.11:273][914]BlueprintLog: New page: Compile ManBlueprint
[2015.11.22-11.07.11:573][914]LogActorComponent: UnregisterComponent: (/Engine/Transient.CharMoveComp) Not registered. Aborting.
[2015.11.22-11.07.11:626][914]BlueprintEditorCompileResults: Info [0290.94] Compile of ManBlueprint successful! [in 351 ms]
[2015.11.22-11.07.50:748][916]LogSlate:Warning: Prevented a slow task dialog from being summoned while a context menu was open
[2015.11.22-11.07.56:180][526]BlueprintLog: New page: Compile MenuCamera
[2015.11.22-11.07.56:298][526]LogActorComponent: UnregisterComponent: (/Engine/Transient.CharMoveComp) Not registered. Aborting.
[2015.11.22-11.07.56:330][526]BlueprintEditorCompileResults: Info [0335.65] Compile of MenuCamera successful! [in 148 ms]
[2015.11.22-11.07.56:925][580]LogPlayLevel: PlayLevel: No blueprints needed recompiling
[2015.11.22-11.07.56:926][580]PIE: New page: PIE session: MainScreen (Nov 22, 2015, 3:07:56 PM)
[2015.11.22-11.07.56:926][580]LogPlayLevel: Creating play world package: /Game/Scenes/UEDPIE_0_MainScreen
[2015.11.22-11.07.56:929][580]LogPlayLevel: PIE: StaticDuplicateObject took: (0.003489s)
[2015.11.22-11.07.56:930][580]LogAIModule: Creating AISystem for world MainScreen
[2015.11.22-11.07.56:930][580]LogPlayLevel: PIE: World Init took: (0.000723s)
[2015.11.22-11.07.56:930][580]LogPlayLevel: PIE: Created PIE world by copying editor world from /Game/Scenes/MainScreen.MainScreen to /Game/Scenes/UEDPIE_0_MainScreen.MainScreen (0.004423s)
[2015.11.22-11.07.56:959][580]LogInit: XAudio2 using 'Speakers (2- G510 Gaming Keyboard)' : 2 channels at 48 kHz using 16 bits per sample (channel mask 0x3)
[2015.11.22-11.07.56:965][580]LogInit: FAudioDevice initialized.
[2015.11.22-11.07.57:034][580]LogWorld: Game class is 'MainScreenGameMode_C'
[2015.11.22-11.07.57:038][580]LogWorld: Bringing World /Game/Scenes/UEDPIE_0_MainScreen.MainScreen up for play (max tick rate 0) at 2015.11.22-13.07.57
[2015.11.22-11.07.57:038][580]LogActor:Warning: GameSession /Game/Scenes/UEDPIE_0_MainScreen.MainScreen:PersistentLevel.GameSession_1 has natively added scene component(s), but none of them were set as the actor's RootComponent - picking one arbitrarily
[2015.11.22-11.07.57:038][580]LogActor:Warning: GameNetworkManager /Game/Scenes/UEDPIE_0_MainScreen.MainScreen:PersistentLevel.GameNetworkManager_1 has natively added scene component(s), but none of them were set as the actor's RootComponent - picking one arbitrarily
[2015.11.22-11.07.57:039][580]LogWorld: Bringing up level for play took: 0.003886
[2015.11.22-11.07.57:054][580]PIE: Info Play in editor start time for /Game/Scenes/UEDPIE_0_MainScreen 1.067
[2015.11.22-11.07.57:071][581]LogRenderer: Reallocating scene render targets to support 1280x720 (Frame:12700).
[2015.11.22-11.08.03:808][198]LogParticles: Destroying 0 GPU particle simulations for FXSystem 0x000000DCE274FCE0
[2015.11.22-11.08.05:324][340]LogSlate:Warning: Prevented a slow task dialog from being summoned while a context menu was open
[2015.11.22-11.08.06:237][433]LogSlate:Warning: Prevented a slow task dialog from being summoned while a context menu was open
[2015.11.22-11.08.07:153][524]LogSlate:Warning: Prevented a slow task dialog from being summoned while a context menu was open
[2015.11.22-11.08.08:122][620]LogSlate:Warning: Prevented a slow task dialog from being summoned while a context menu was open
[2015.11.22-11.08.09:382][754]BlueprintLog: New page: Compile MenuCamera
[2015.11.22-11.08.09:525][754]BlueprintEditorCompileResults: Info [0348.84] Compile of MenuCamera successful! [in 143 ms]
[2015.11.22-11.08.10:119][808]LogPlayLevel: PlayLevel: No blueprints needed recompiling
[2015.11.22-11.08.10:119][808]PIE: New page: PIE session: MainScreen (Nov 22, 2015, 3:08:10 PM)
[2015.11.22-11.08.10:119][808]LogPlayLevel: Creating play world package: /Game/Scenes/UEDPIE_0_MainScreen
[2015.11.22-11.08.10:122][808]LogPlayLevel: PIE: StaticDuplicateObject took: (0.003395s)
[2015.11.22-11.08.10:123][808]LogAIModule: Creating AISystem for world MainScreen
[2015.11.22-11.08.10:123][808]LogPlayLevel: PIE: World Init took: (0.000711s)
[2015.11.22-11.08.10:123][808]LogPlayLevel: PIE: Created PIE world by copying editor world from /Game/Scenes/MainScreen.MainScreen to /Game/Scenes/UEDPIE_0_MainScreen.MainScreen (0.004293s)
[2015.11.22-11.08.10:152][808]LogInit: XAudio2 using 'Speakers (2- G510 Gaming Keyboard)' : 2 channels at 48 kHz using 16 bits per sample (channel mask 0x3)
[2015.11.22-11.08.10:157][808]LogInit: FAudioDevice initialized.
[2015.11.22-11.08.10:230][808]LogWorld: Game class is 'MainScreenGameMode_C'
[2015.11.22-11.08.10:234][808]LogWorld: Bringing World /Game/Scenes/UEDPIE_0_MainScreen.MainScreen up for play (max tick rate 0) at 2015.11.22-13.08.10
[2015.11.22-11.08.10:234][808]LogActor:Warning: GameSession /Game/Scenes/UEDPIE_0_MainScreen.MainScreen:PersistentLevel.GameSession_2 has natively added scene component(s), but none of them were set as the actor's RootComponent - picking one arbitrarily
[2015.11.22-11.08.10:234][808]LogActor:Warning: GameNetworkManager /Game/Scenes/UEDPIE_0_MainScreen.MainScreen:PersistentLevel.GameNetworkManager_2 has natively added scene component(s), but none of them were set as the actor's RootComponent - picking one arbitrarily
[2015.11.22-11.08.10:235][808]LogWorld: Bringing up level for play took: 0.004024
[2015.11.22-11.08.10:252][808]PIE: Info Play in editor start time for /Game/Scenes/UEDPIE_0_MainScreen 0.266
[2015.11.22-11.08.14:667][213]LogParticles: Destroying 0 GPU particle simulations for FXSystem 0x000000DCDD895C60
[2015.11.22-11.10.20:326][956]LogPlayLevel: PlayLevel: No blueprints needed recompiling
[2015.11.22-11.10.20:326][956]PIE: New page: PIE session: MainScreen (Nov 22, 2015, 3:10:20 PM)
[2015.11.22-11.10.20:326][956]LogPlayLevel: Creating play world package: /Game/Scenes/UEDPIE_0_MainScreen
[2015.11.22-11.10.20:330][956]LogPlayLevel: PIE: StaticDuplicateObject took: (0.003873s)
[2015.11.22-11.10.20:331][956]LogAIModule: Creating AISystem for world MainScreen
[2015.11.22-11.10.20:331][956]LogPlayLevel: PIE: World Init took: (0.000790s)
[2015.11.22-11.10.20:331][956]LogPlayLevel: PIE: Created PIE world by copying editor world from /Game/Scenes/MainScreen.MainScreen to /Game/Scenes/UEDPIE_0_MainScreen.MainScreen (0.004874s)
[2015.11.22-11.10.20:331][956]LogActorComponent: UnregisterComponent: (/Engine/Transient.CharMoveComp) Not registered. Aborting.
[2015.11.22-11.10.20:363][956]LogInit: XAudio2 using 'Speakers (2- G510 Gaming Keyboard)' : 2 channels at 48 kHz using 16 bits per sample (channel mask 0x3)
[2015.11.22-11.10.20:369][956]LogInit: FAudioDevice initialized.
[2015.11.22-11.10.20:400][956]LogWorld: Game class is 'MainScreenGameMode_C'
[2015.11.22-11.10.20:404][956]LogWorld: Bringing World /Game/Scenes/UEDPIE_0_MainScreen.MainScreen up for play (max tick rate 0) at 2015.11.22-13.10.20
[2015.11.22-11.10.20:404][956]LogActor:Warning: GameSession /Game/Scenes/UEDPIE_0_MainScreen.MainScreen:PersistentLevel.GameSession_3 has natively added scene component(s), but none of them were set as the actor's RootComponent - picking one arbitrarily
[2015.11.22-11.10.20:404][956]LogActor:Warning: GameNetworkManager /Game/Scenes/UEDPIE_0_MainScreen.MainScreen:PersistentLevel.GameNetworkManager_3 has natively added scene component(s), but none of them were set as the actor's RootComponent - picking one arbitrarily
[2015.11.22-11.10.20:405][956]LogWorld: Bringing up level for play took: 0.003713
[2015.11.22-11.10.20:409][956]PIE: Info Play in editor start time for /Game/Scenes/UEDPIE_0_MainScreen 0.422
[2015.11.22-11.11.55:346][279]LogParticles: Destroying 0 GPU particle simulations for FXSystem 0x000000DCF30D87C0
[2015.11.22-11.12.47:371][669]BlueprintLog: New page: Compile MainMenu
[2015.11.22-11.12.47:510][669]BlueprintEditorCompileResults: Info [0626.83] Compile of MainMenu successful! [in 138 ms]
[2015.11.22-11.14.16:336][953]BlueprintLog: New page: Compile MainMenu
[2015.11.22-11.14.16:429][953]BlueprintEditorCompileResults: Info [0715.75] Compile of MainMenu successful! [in 92 ms]
[2015.11.22-11.14.17:312][ 29]Cmd: OBJ SAVEPACKAGE PACKAGE="/Game/Scenes/MainScreen" FILE="D:/EpidemicGameProject/Epidemic_Source/Content/Scenes/MainScreen.umap" SILENT=true AUTOSAVING=false KEEPDIRTY=false
[2015.11.22-11.14.17:403][ 29]LogSavePackage: Save=44.636536ms
[2015.11.22-11.14.17:403][ 29]LogSavePackage: Moving 'D:/EpidemicGameProject/Epidemic_Source/Saved/MainScreen202ABAB24176C1355ECD4F82D0D9B23B.tmp' to 'D:/EpidemicGameProject/Epidemic_Source/Content/Scenes/MainScreen.umap'
[2015.11.22-11.14.17:405][ 29]LogSavePackage: Total save time: 63.782867ms
[2015.11.22-11.14.17:405][ 29]LogSavePackage:Warning: Finished SavePackage D:/EpidemicGameProject/Epidemic_Source/Content/Scenes/MainScreen.umap
[2015.11.22-11.14.17:447][ 29]LogFileHelpers: Saving map 'MainScreen' took 0.207
[2015.11.22-11.14.17:456][ 29]Cmd: OBJ SAVEPACKAGE PACKAGE="/Game/Blueprints/PlayerBlueprint/MenuCamera" FILE="D:/EpidemicGameProject/Epidemic_Source/Content/Blueprints/PlayerBlueprint/MenuCamera.uasset" SILENT=true
[2015.11.22-11.14.17:502][ 29]LogSavePackage: Save=29.840902ms
[2015.11.22-11.14.17:502][ 29]LogSavePackage: Moving 'D:/EpidemicGameProject/Epidemic_Source/Saved/MenuCameraE15428CD42D703A56D90C5A82D1E6ADE.tmp' to 'D:/EpidemicGameProject/Epidemic_Source/Content/Blueprints/PlayerBlueprint/MenuCamera.uasset'
[2015.11.22-11.14.17:503][ 29]LogSavePackage: Total save time: 46.905912ms
[2015.11.22-11.14.17:503][ 29]LogSavePackage:Warning: Finished SavePackage D:/EpidemicGameProject/Epidemic_Source/Content/Blueprints/PlayerBlueprint/MenuCamera.uasset
[2015.11.22-11.14.17:511][ 29]Cmd: OBJ SAVEPACKAGE PACKAGE="/Game/GUI/Widgets/MainMenu" FILE="D:/EpidemicGameProject/Epidemic_Source/Content/GUI/Widgets/MainMenu.uasset" SILENT=true
[2015.11.22-11.14.17:527][ 29]LogSavePackage: Save=15.554809ms
[2015.11.22-11.14.17:527][ 29]LogSavePackage: Moving 'D:/EpidemicGameProject/Epidemic_Source/Saved/MainMenu716AED0B4657690E754186AADD424441.tmp' to 'D:/EpidemicGameProject/Epidemic_Source/Content/GUI/Widgets/MainMenu.uasset'
[2015.11.22-11.14.17:528][ 29]LogSavePackage: Total save time: 16.893856ms
[2015.11.22-11.14.17:528][ 29]LogSavePackage:Warning: Finished SavePackage D:/EpidemicGameProject/Epidemic_Source/Content/GUI/Widgets/MainMenu.uasset
[2015.11.22-11.16.26:705][897]Cmd: OBJ SAVEPACKAGE PACKAGE="/Game/GUI/Widgets/CharacterCreation" FILE="D:/EpidemicGameProject/Epidemic_Source/Content/GUI/Widgets/CharacterCreation.uasset" SILENT=true
[2015.11.22-11.16.26:716][897]LogSavePackage: Save=9.192822ms
[2015.11.22-11.16.26:716][897]LogSavePackage: Moving 'D:/EpidemicGameProject/Epidemic_Source/Saved/CharacterCreation8B3A8CB74843D53908EA7F806971FD90.tmp' to 'D:/EpidemicGameProject/Epidemic_Source/Content/GUI/Widgets/CharacterCreation.uasset'
[2015.11.22-11.16.26:717][897]LogSavePackage: Total save time: 10.667708ms
[2015.11.22-11.16.26:717][897]LogSavePackage:Warning: Finished SavePackage D:/EpidemicGameProject/Epidemic_Source/Content/GUI/Widgets/CharacterCreation.uasset
[2015.11.22-11.17.44:481][995]LogPlayLevel: PlayLevel: No blueprints needed recompiling
[2015.11.22-11.17.44:481][995]PIE: New page: PIE session: MainScreen (Nov 22, 2015, 3:17:44 PM)
[2015.11.22-11.17.44:481][995]LogPlayLevel: Creating play world package: /Game/Scenes/UEDPIE_0_MainScreen
[2015.11.22-11.17.44:485][995]LogPlayLevel: PIE: StaticDuplicateObject took: (0.003956s)
[2015.11.22-11.17.44:486][995]LogAIModule: Creating AISystem for world MainScreen
[2015.11.22-11.17.44:486][995]LogPlayLevel: PIE: World Init took: (0.000822s)
[2015.11.22-11.17.44:486][995]LogPlayLevel: PIE: Created PIE world by copying editor world from /Game/Scenes/MainScreen.MainScreen to /Game/Scenes/UEDPIE_0_MainScreen.MainScreen (0.005000s)
[2015.11.22-11.17.44:519][995]LogInit: XAudio2 using 'Speakers (2- G510 Gaming Keyboard)' : 2 channels at 48 kHz using 16 bits per sample (channel mask 0x3)
[2015.11.22-11.17.44:525][995]LogInit: FAudioDevice initialized.
[2015.11.22-11.17.44:557][995]LogWorld: Game class is 'MainScreenGameMode_C'
[2015.11.22-11.17.44:561][995]LogWorld: Bringing World /Game/Scenes/UEDPIE_0_MainScreen.MainScreen up for play (max tick rate 0) at 2015.11.22-13.17.44
[2015.11.22-11.17.44:561][995]LogActor:Warning: GameSession /Game/Scenes/UEDPIE_0_MainScreen.MainScreen:PersistentLevel.GameSession_4 has natively added scene component(s), but none of them were set as the actor's RootComponent - picking one arbitrarily
[2015.11.22-11.17.44:561][995]LogActor:Warning: GameNetworkManager /Game/Scenes/UEDPIE_0_MainScreen.MainScreen:PersistentLevel.GameNetworkManager_4 has natively added scene component(s), but none of them were set as the actor's RootComponent - picking one arbitrarily
[2015.11.22-11.17.44:562][995]LogWorld: Bringing up level for play took: 0.004234
[2015.11.22-11.17.44:567][995]PIE: Info Play in editor start time for /Game/Scenes/UEDPIE_0_MainScreen 0.58
[2015.11.22-11.17.48:280][393]LogParticles: Destroying 0 GPU particle simulations for FXSystem 0x000000DD16CE2020
[2015.11.22-11.32.04:882][631]LogPlayLevel: PlayLevel: No blueprints needed recompiling
[2015.11.22-11.32.04:882][631]PIE: New page: PIE session: MainScreen (Nov 22, 2015, 3:32:04 PM)
[2015.11.22-11.32.04:882][631]LogPlayLevel: Creating play world package: /Game/Scenes/UEDPIE_0_MainScreen
[2015.11.22-11.32.04:886][631]LogPlayLevel: PIE: StaticDuplicateObject took: (0.004080s)
[2015.11.22-11.32.04:887][631]LogAIModule: Creating AISystem for world MainScreen
[2015.11.22-11.32.04:888][631]LogPlayLevel: PIE: World Init took: (0.001194s)
[2015.11.22-11.32.04:888][631]LogPlayLevel: PIE: Created PIE world by copying editor world from /Game/Scenes/MainScreen.MainScreen to /Game/Scenes/UEDPIE_0_MainScreen.MainScreen (0.005560s)
[2015.11.22-11.32.04:922][631]LogInit: XAudio2 using 'Speakers (2- G510 Gaming Keyboard)' : 2 channels at 48 kHz using 16 bits per sample (channel mask 0x3)
[2015.11.22-11.32.04:927][631]LogInit: FAudioDevice initialized.
[2015.11.22-11.32.04:963][631]LogWorld: Game class is 'MainScreenGameMode_C'
[2015.11.22-11.32.04:968][631]LogWorld: Bringing World /Game/Scenes/UEDPIE_0_MainScreen.MainScreen up for play (max tick rate 0) at 2015.11.22-13.32.04
[2015.11.22-11.32.04:968][631]LogActor:Warning: GameSession /Game/Scenes/UEDPIE_0_MainScreen.MainScreen:PersistentLevel.GameSession_5 has natively added scene component(s), but none of them were set as the actor's RootComponent - picking one arbitrarily
[2015.11.22-11.32.04:968][631]LogActor:Warning: GameNetworkManager /Game/Scenes/UEDPIE_0_MainScreen.MainScreen:PersistentLevel.GameNetworkManager_5 has natively added scene component(s), but none of them were set as the actor's RootComponent - picking one arbitrarily
[2015.11.22-11.32.04:969][631]LogWorld: Bringing up level for play took: 0.004207
[2015.11.22-11.32.04:973][631]PIE: Info Play in editor start time for /Game/Scenes/UEDPIE_0_MainScreen 0.986
[2015.11.22-11.32.05:699][707]LogParticles: Destroying 0 GPU particle simulations for FXSystem 0x000000DD16B78680
[2015.11.22-11.32.10:121][818]LogActorComponent: UnregisterComponent: (/Engine/Transient.EditorFloorComp) Not registered. Aborting.
[2015.11.22-11.32.10:253][818]LogWindowsTextInputMethodSystem:Display: IME system now deactivated.
[2015.11.22-11.32.10:540][819]Cmd: QUIT_EDITOR
[2015.11.22-11.32.11:665][819]LogExit: Preparing to exit.
[2015.11.22-11.32.12:060][819]LogExit: Editor shut down
[2015.11.22-11.32.12:061][819]LogExit: Transaction tracking system shut down
[2015.11.22-11.32.12:066][819]LogParticles: Destroying 0 GPU particle simulations for FXSystem 0x000000DCDD8944A0
[2015.11.22-11.32.12:066][819]LogParticles: Destroying 0 GPU particle simulations for FXSystem 0x000000DC9C43F880
[2015.11.22-11.32.12:066][819]LogParticles: Destroying 0 GPU particle simulations for FXSystem 0x000000DC9C49B740
[2015.11.22-11.32.12:066][819]LogParticles: Destroying 0 GPU particle simulations for FXSystem 0x000000DCB1303A60
[2015.11.22-11.32.12:066][819]LogParticles: Destroying 0 GPU particle simulations for FXSystem 0x000000DCB1303880
[2015.11.22-11.32.12:066][819]LogParticles: Destroying 0 GPU particle simulations for FXSystem 0x000000DCB1303380
[2015.11.22-11.32.12:066][819]LogParticles: Destroying 0 GPU particle simulations for FXSystem 0x000000DCB1302FC0
[2015.11.22-11.32.12:067][819]LogParticles: Destroying 0 GPU particle simulations for FXSystem 0x000000DC9F80D620
[2015.11.22-11.32.12:067][819]LogParticles: Destroying 0 GPU particle simulations for FXSystem 0x000000DC80F8FC40
[2015.11.22-11.32.12:070][819]LogParticles: Destroying 0 GPU particle simulations for FXSystem 0x000000DCDC7A5C60
[2015.11.22-11.32.12:070][819]LogParticles: Destroying 0 GPU particle simulations for FXSystem 0x000000DCDC7A5A80
[2015.11.22-11.32.12:071][819]LogParticles: Destroying 0 GPU particle simulations for FXSystem 0x000000DCF30D94E0
[2015.11.22-11.32.12:072][819]LogParticles: Destroying 0 GPU particle simulations for FXSystem 0x000000DCE3082FC0
[2015.11.22-11.32.12:072][819]LogParticles: Destroying 0 GPU particle simulations for FXSystem 0x000000DCE3083600
[2015.11.22-11.32.12:269][819]LogParticles: Destroying 0 GPU particle simulations for FXSystem 0x000000DD0ACEBF60
[2015.11.22-11.32.12:269][819]LogExit: Object subsystem successfully closed.
[2015.11.22-11.32.12:286][819]LogD3D11RHI: Shutdown
[2015.11.22-11.32.12:286][819]LogD3D11RHI: CleanupD3DDevice
[2015.11.22-11.32.12:356][819]LogD3D11RHI: ~FD3D11DynamicRHI
[2015.11.22-11.32.12:372][819]LogModuleManager: Shutting down and abandoning module SequencerWidgets (199)
[2015.11.22-11.32.12:372][819]LogModuleManager: Shutting down and abandoning module BlueprintGraph (198)
[2015.11.22-11.32.12:372][819]LogModuleManager: Shutting down and abandoning module CrashTracker (197)
[2015.11.22-11.32.12:372][819]LogModuleManager: Shutting down and abandoning module SceneOutliner (196)
[2015.11.22-11.32.12:372][819]LogModuleManager: Shutting down and abandoning module SuperSearch (195)
[2015.11.22-11.32.12:372][819]LogModuleManager: Shutting down and abandoning module WidgetCarousel (194)
[2015.11.22-11.32.12:372][819]LogModuleManager: Shutting down and abandoning module AddContentDialog (193)
[2015.11.22-11.32.12:374][819]LogModuleManager: Shutting down and abandoning module EditorWidgets (192)
[2015.11.22-11.32.12:374][819]LogModuleManager: Shutting down and abandoning module CollectionManager (191)
[2015.11.22-11.32.12:374][819]LogModuleManager: Shutting down and abandoning module StatsViewer (190)
[2015.11.22-11.32.12:374][819]LogModuleManager: Shutting down and abandoning module FoliageEdit (189)
[2015.11.22-11.32.12:374][819]LogModuleManager: Shutting down and abandoning module LandscapeEditor (188)
[2015.11.22-11.32.12:375][819]LogModuleManager: Shutting down and abandoning module ActorPickerMode (187)
[2015.11.22-11.32.12:375][819]LogModuleManager: Shutting down and abandoning module GeometryMode (186)
[2015.11.22-11.32.12:375][819]LogModuleManager: Shutting down and abandoning module TextureAlignMode (185)
[2015.11.22-11.32.12:375][819]LogModuleManager: Shutting down and abandoning module BspMode (184)
[2015.11.22-11.32.12:375][819]LogModuleManager: Shutting down and abandoning module PlacementMode (183)
[2015.11.22-11.32.12:375][819]LogModuleManager: Shutting down and abandoning module AutomationWorker (182)
[2015.11.22-11.32.12:375][819]LogModuleManager: Shutting down and abandoning module CharacterAI (181)
[2015.11.22-11.32.12:375][819]LogModuleManager: Shutting down and abandoning module SmartSnapping (180)
[2015.11.22-11.32.12:375][819]LogModuleManager: Shutting down and abandoning module ViewportSnapping (179)
[2015.11.22-11.32.12:375][819]LogModuleManager: Shutting down and abandoning module LogVisualizer (178)
[2015.11.22-11.32.12:375][819]LogModuleManager: Shutting down and abandoning module GameProjectGeneration (177)
[2015.11.22-11.32.12:375][819]LogModuleManager: Shutting down and abandoning module IntroTutorials (176)
[2015.11.22-11.32.12:375][819]LogModuleManager: Shutting down and abandoning module EditorLiveStreaming (175)
[2015.11.22-11.32.12:375][819]LogModuleManager: Shutting down and abandoning module IOSPlatformEditor (174)
[2015.11.22-11.32.12:375][819]LogModuleManager: Shutting down and abandoning module HTML5PlatformEditor (173)
[2015.11.22-11.32.12:375][819]LogModuleManager: Shutting down and abandoning module AndroidDeviceDetection (172)
[2015.11.22-11.32.12:942][819]LogModuleManager: Shutting down and abandoning module AndroidPlatformEditor (171)
[2015.11.22-11.32.12:942][819]LogModuleManager: Shutting down and abandoning module IOSRuntimeSettings (170)
[2015.11.22-11.32.12:942][819]LogModuleManager: Shutting down and abandoning module AndroidRuntimeSettings (169)
[2015.11.22-11.32.12:942][819]LogModuleManager: Shutting down and abandoning module MergeActors (168)
[2015.11.22-11.32.12:942][819]LogModuleManager: Shutting down and abandoning module SizeMap (167)
[2015.11.22-11.32.12:942][819]LogModuleManager: Shutting down and abandoning module TreeMap (166)
[2015.11.22-11.32.12:942][819]LogModuleManager: Shutting down and abandoning module ReferenceViewer (165)
[2015.11.22-11.32.12:942][819]LogModuleManager: Shutting down and abandoning module LocalizationService (164)
[2015.11.22-11.32.12:942][819]LogModuleManager: Shutting down and abandoning module LocalizationDashboard (163)
[2015.11.22-11.32.12:942][819]LogModuleManager: Shutting down and abandoning module HardwareTargeting (162)
[2015.11.22-11.32.12:942][819]LogModuleManager: Shutting down and abandoning module DeviceProfileEditor (161)
[2015.11.22-11.32.12:942][819]LogModuleManager: Shutting down and abandoning module UndoHistory (160)
[2015.11.22-11.32.12:942][819]LogModuleManager: Shutting down and abandoning module GameplayTagsEditor (159)
[2015.11.22-11.32.12:942][819]LogModuleManager: Shutting down and abandoning module UserFeedback (158)
[2015.11.22-11.32.12:942][819]LogModuleManager: Shutting down and abandoning module XmlParser (157)
[2015.11.22-11.32.12:942][819]LogModuleManager: Shutting down and abandoning module Blutility (156)
[2015.11.22-11.32.12:942][819]LogModuleManager: Shutting down and abandoning module ProjectTargetPlatformEditor (155)
[2015.11.22-11.32.12:942][819]LogModuleManager: Shutting down and abandoning module ProjectSettingsViewer (154)
[2015.11.22-11.32.12:942][819]LogModuleManager: Shutting down and abandoning module InputBindingEditor (153)
[2015.11.22-11.32.12:943][819]LogModuleManager: Shutting down and abandoning module EditorSettingsViewer (152)
[2015.11.22-11.32.12:943][819]LogModuleManager: Shutting down and abandoning module SettingsEditor (151)
[2015.11.22-11.32.12:943][819]LogModuleManager: Shutting down and abandoning module ProjectLauncher (150)
[2015.11.22-11.32.12:943][819]LogModuleManager: Shutting down and abandoning module SessionFrontend (149)
[2015.11.22-11.32.12:943][819]LogModuleManager: Shutting down and abandoning module ProfilerClient (148)
[2015.11.22-11.32.12:943][819]LogModuleManager: Shutting down and abandoning module TargetDeviceServices (147)
[2015.11.22-11.32.12:943][819]LogModuleManager: Shutting down and abandoning module DeviceManager (146)
[2015.11.22-11.32.12:943][819]LogModuleManager: Shutting down and abandoning module AutomationController (145)
[2015.11.22-11.32.12:943][819]LogModuleManager: Shutting down and abandoning module AutomationWindow (144)
[2015.11.22-11.32.12:943][819]LogModuleManager: Shutting down and abandoning module Layers (143)
[2015.11.22-11.32.12:943][819]LogModuleManager: Shutting down and abandoning module ComponentVisualizers (142)
[2015.11.22-11.32.12:943][819]LogModuleManager: Shutting down and abandoning module DetailCustomizations (141)
[2015.11.22-11.32.12:943][819]LogModuleManager: Shutting down and abandoning module PackagesDialog (140)
[2015.11.22-11.32.12:944][819]LogModuleManager: Shutting down and abandoning module Persona (139)
[2015.11.22-11.32.12:944][819]LogModuleManager: Shutting down and abandoning module Kismet (138)
[2015.11.22-11.32.12:944][819]LogModuleManager: Shutting down and abandoning module GraphEditor (137)
[2015.11.22-11.32.12:944][819]LogModuleManager: Shutting down and abandoning module ClassViewer (136)
[2015.11.22-11.32.12:945][819]LogModuleManager: Shutting down and abandoning module Toolbox (135)
[2015.11.22-11.32.12:945][819]LogModuleManager: Shutting down and abandoning module ModuleUI (134)
[2015.11.22-11.32.12:945][819]LogModuleManager: Shutting down and abandoning module MovieSceneTools (133)
[2015.11.22-11.32.12:945][819]LogModuleManager: Shutting down and abandoning module OutputLog (132)
[2015.11.22-11.32.12:945][819]LogModuleManager: Shutting down and abandoning module GammaUI (131)
[2015.11.22-11.32.12:945][819]LogModuleManager: Shutting down and abandoning module Documentation (130)
[2015.11.22-11.32.12:945][819]LogModuleManager: Shutting down and abandoning module GameLiveStreaming (129)
[2015.11.22-11.32.12:945][819]LogModuleManager: Shutting down and abandoning module StreamingPauseRendering (128)
[2015.11.22-11.32.12:945][819]LogModuleManager: Shutting down and abandoning module AnalyticsET (127)
[2015.11.22-11.32.12:945][819]LogModuleManager: Shutting down and abandoning module Analytics (126)
[2015.11.22-11.32.12:945][819]LogModuleManager: Shutting down and abandoning module AITestSuite (125)
[2015.11.22-11.32.12:945][819]LogModuleManager: Shutting down and abandoning module GameplayDebugger (124)
[2015.11.22-11.32.12:945][819]LogModuleManager: Shutting down and abandoning module AIModule (123)
[2015.11.22-11.32.12:945][819]LogModuleManager: Shutting down and abandoning module ProfilerService (122)
[2015.11.22-11.32.13:047][819]LogModuleManager: Shutting down and abandoning module TaskGraph (121)
[2015.11.22-11.32.13:047][819]LogModuleManager: Shutting down and abandoning module SlateRemote (120)
[2015.11.22-11.32.13:047][819]LogModuleManager: Shutting down and abandoning module SteamVRController (119)
[2015.11.22-11.32.13:047][819]LogModuleManager: Shutting down and abandoning module SteamVR (118)
[2015.11.22-11.32.13:047][819]LogModuleManager: Shutting down and abandoning module ProceduralMeshComponent (117)
[2015.11.22-11.32.13:047][819]LogModuleManager: Shutting down and abandoning module OculusRift (116)
[2015.11.22-11.32.13:047][819]LogModuleManager: Shutting down and abandoning module OculusLibrary (115)
[2015.11.22-11.32.13:047][819]LogModuleManager: Shutting down and abandoning module LeapMotionController (114)
[2015.11.22-11.32.13:059][819]LogModuleManager: Shutting down and abandoning module CustomMeshComponent (113)
[2015.11.22-11.32.13:059][819]LogModuleManager: Shutting down and abandoning module CableComponent (112)
[2015.11.22-11.32.13:059][819]LogModuleManager: Shutting down and abandoning module ArchVisCharacter (111)
[2015.11.22-11.32.13:059][819]LogModuleManager: Shutting down and abandoning module MessagingDebugger (110)
[2015.11.22-11.32.13:059][819]LogModuleManager: Shutting down and abandoning module MediaPlayerEditor (109)
[2015.11.22-11.32.13:059][819]LogModuleManager: Shutting down and abandoning module HTML5Networking (108)
[2015.11.22-11.32.13:059][819]LogModuleManager: Shutting down and abandoning module SpeedTreeImporter (107)
[2015.11.22-11.32.13:059][819]LogModuleManager: Shutting down and abandoning module PluginBrowser (106)
[2015.11.22-11.32.13:060][819]LogModuleManager: Shutting down and abandoning module EpicSurvey (105)
[2015.11.22-11.32.13:060][819]LogModuleManager: Shutting down and abandoning module DesktopPlatform (104)
[2015.11.22-11.32.13:060][819]LogModuleManager: Shutting down and abandoning module VisualStudioSourceCodeAccess (103)
[2015.11.22-11.32.13:060][819]LogModuleManager: Shutting down and abandoning module UObjectPlugin (102)
[2015.11.22-11.32.13:060][819]LogModuleManager: Shutting down and abandoning module SubversionSourceControl (101)
[2015.11.22-11.32.13:060][819]LogModuleManager: Shutting down and abandoning module PerforceSourceControl (100)
[2015.11.22-11.32.13:060][819]LogModuleManager: Shutting down and abandoning module SourceControl (99)
[2015.11.22-11.32.13:060][819]LogModuleManager: Shutting down and abandoning module GitSourceControl (98)
[2015.11.22-11.32.13:060][819]LogModuleManager: Shutting down and abandoning module LightPropagationVolumeEditor (97)
[2015.11.22-11.32.13:060][819]LogModuleManager: Shutting down and abandoning module PaperTiledImporter (96)
[2015.11.22-11.32.13:060][819]LogModuleManager: Shutting down and abandoning module PaperSpriteSheetImporter (95)
[2015.11.22-11.32.13:060][819]LogModuleManager: Shutting down and abandoning module MeshPaint (94)
[2015.11.22-11.32.13:060][819]LogModuleManager: Shutting down and abandoning module SlateReflector (93)
[2015.11.22-11.32.13:060][819]LogModuleManager: Shutting down and abandoning module HotReload (92)
[2015.11.22-11.32.13:060][819]LogModuleManager: Shutting down and abandoning module MainFrame (91)
[2015.11.22-11.32.13:060][819]LogModuleManager: Shutting down and abandoning module LevelEditor (90)
[2015.11.22-11.32.13:061][819]LogModuleManager: Shutting down and abandoning module DirectoryWatcher (89)
[2015.11.22-11.32.13:065][819]LogModuleManager: Shutting down and abandoning module AssetRegistry (88)
[2015.11.22-11.32.13:194][819]LogModuleManager: Shutting down and abandoning module ContentBrowser (87)
[2015.11.22-11.32.13:195][819]LogModuleManager: Shutting down and abandoning module Paper2DEditor (86)
[2015.11.22-11.32.13:195][819]LogModuleManager: Shutting down and abandoning module UdpMessaging (85)
[2015.11.22-11.32.13:296][819]LogModuleManager: Shutting down and abandoning module LightPropagationVolumeRuntime (84)
[2015.11.22-11.32.13:296][819]LogModuleManager: Shutting down and abandoning module Paper2D (83)
[2015.11.22-11.32.13:296][819]LogModuleManager: Shutting down and abandoning module WindowsMoviePlayer (82)
[2015.11.22-11.32.13:298][819]LogModuleManager: Shutting down and abandoning module Media (81)
[2015.11.22-11.32.13:298][819]LogModuleManager: Shutting down and abandoning module WmfMedia (80)
[2015.11.22-11.32.13:299][819]LogModuleManager: Shutting down and abandoning module OnlineBlueprintSupport (79)
[2015.11.22-11.32.13:299][819]LogModuleManager: Shutting down and abandoning module GameplayTasksEditor (78)
[2015.11.22-11.32.13:299][819]LogModuleManager: Shutting down and abandoning module PropertyEditor (77)
[2015.11.22-11.32.13:299][819]LogModuleManager: Shutting down and abandoning module BehaviorTreeEditor (76)
[2015.11.22-11.32.13:299][819]LogModuleManager: Shutting down and abandoning module FunctionalTesting (75)
[2015.11.22-11.32.13:299][819]LogModuleManager: Shutting down and abandoning module CollisionAnalyzer (74)
[2015.11.22-11.32.13:299][819]LogModuleManager: Shutting down and abandoning module WorkspaceMenuStructure (73)
[2015.11.22-11.32.13:299][819]LogModuleManager: Shutting down and abandoning module MessageLog (72)
[2015.11.22-11.32.13:299][819]LogModuleManager: Shutting down and abandoning module Sequencer (71)
[2015.11.22-11.32.13:299][819]LogModuleManager: Shutting down and abandoning module AssetTools (70)
[2015.11.22-11.32.13:299][819]LogModuleManager: Shutting down and abandoning module UMGEditor (69)
[2015.11.22-11.32.13:299][819]LogModuleManager: Shutting down and abandoning module UMG (68)
[2015.11.22-11.32.13:299][819]LogModuleManager: Shutting down and abandoning module Slate (67)
[2015.11.22-11.32.13:299][819]LogModuleManager: Shutting down and abandoning module EditorStyle (66)
[2015.11.22-11.32.13:301][819]LogModuleManager: Shutting down and abandoning module SessionServices (65)
[2015.11.22-11.32.13:301][819]LogModuleManager: Shutting down and abandoning module SourceCodeAccess (64)
[2015.11.22-11.32.13:301][819]LogModuleManager: Shutting down and abandoning module HeadMountedDisplay (63)
[2015.11.22-11.32.13:301][819]LogModuleManager: Shutting down and abandoning module XAudio2 (62)
[2015.11.22-11.32.13:301][819]LogModuleManager: Shutting down and abandoning module Networking (60)
[2015.11.22-11.32.13:301][819]LogModuleManager: Shutting down and abandoning module Core (59)
[2015.11.22-11.32.13:301][819]LogModuleManager: Shutting down and abandoning module KismetCompiler (58)
[2015.11.22-11.32.13:301][819]LogModuleManager: Shutting down and abandoning module PhysXFormats (57)
[2015.11.22-11.32.13:301][819]LogModuleManager: Shutting down and abandoning module MeshUtilities (56)
[2015.11.22-11.32.13:301][819]LogModuleManager: Shutting down and abandoning module CookingStats (55)
[2015.11.22-11.32.13:303][819]LogModuleManager: Shutting down and abandoning module DerivedDataCache (54)
[2015.11.22-11.32.13:312][819]LogDerivedDataCache: Shutdown
[2015.11.22-11.32.13:312][819]LogModuleManager: Shutting down and abandoning module ShaderFormatOpenGL (53)
[2015.11.22-11.32.13:312][819]LogModuleManager: Shutting down and abandoning module ShaderFormatD3D (52)
[2015.11.22-11.32.13:312][819]LogModuleManager: Shutting down and abandoning module MetalShaderFormat (51)
[2015.11.22-11.32.13:312][819]LogModuleManager: Shutting down and abandoning module TextureFormatUncompressed (50)
[2015.11.22-11.32.13:312][819]LogModuleManager: Shutting down and abandoning module TextureFormatPVR (49)
[2015.11.22-11.32.13:312][819]LogModuleManager: Shutting down and abandoning module TextureFormatIntelISPCTexComp (48)
[2015.11.22-11.32.13:312][819]LogModuleManager: Shutting down and abandoning module TextureFormatDXT (47)
[2015.11.22-11.32.13:312][819]LogModuleManager: Shutting down and abandoning module ImageWrapper (46)
[2015.11.22-11.32.13:312][819]LogModuleManager: Shutting down and abandoning module TextureFormatASTC (45)
[2015.11.22-11.32.13:312][819]LogModuleManager: Shutting down and abandoning module TextureFormatAndroid (44)
[2015.11.22-11.32.13:312][819]LogModuleManager: Shutting down and abandoning module AudioFormatOpus (43)
[2015.11.22-11.32.13:312][819]LogModuleManager: Shutting down and abandoning module AudioFormatOgg (42)
[2015.11.22-11.32.13:312][819]LogModuleManager: Shutting down and abandoning module AudioFormatADPCM (41)
[2015.11.22-11.32.13:312][819]LogModuleManager: Shutting down and abandoning module LinuxTargetPlatform (40)
[2015.11.22-11.32.13:312][819]LogModuleManager: Shutting down and abandoning module LinuxServerTargetPlatform (39)
[2015.11.22-11.32.13:312][819]LogModuleManager: Shutting down and abandoning module LinuxNoEditorTargetPlatform (38)
[2015.11.22-11.32.13:312][819]LogModuleManager: Shutting down and abandoning module Messaging (37)
[2015.11.22-11.32.13:312][819]LogModuleManager: Shutting down and abandoning module IOSTargetPlatform (36)
[2015.11.22-11.32.13:312][819]LogModuleManager: Shutting down and abandoning module HTML5TargetPlatform (35)
[2015.11.22-11.32.13:312][819]LogModuleManager: Shutting down and abandoning module Android_PVRTCTargetPlatform (34)
[2015.11.22-11.32.13:312][819]LogModuleManager: Shutting down and abandoning module Android_ETC2TargetPlatform (33)
[2015.11.22-11.32.13:312][819]LogModuleManager: Shutting down and abandoning module Android_ETC1TargetPlatform (32)
[2015.11.22-11.32.13:312][819]LogModuleManager: Shutting down and abandoning module Android_DXTTargetPlatform (31)
[2015.11.22-11.32.13:312][819]LogModuleManager: Shutting down and abandoning module Android_ATCTargetPlatform (30)
[2015.11.22-11.32.13:312][819]LogModuleManager: Shutting down and abandoning module Android_ASTCTargetPlatform (29)
[2015.11.22-11.32.13:312][819]LogModuleManager: Shutting down and abandoning module AndroidTargetPlatform (28)
[2015.11.22-11.32.13:312][819]LogModuleManager: Shutting down and abandoning module WindowsTargetPlatform (27)
[2015.11.22-11.32.13:312][819]LogModuleManager: Shutting down and abandoning module WindowsServerTargetPlatform (26)
[2015.11.22-11.32.13:312][819]LogModuleManager: Shutting down and abandoning module WindowsNoEditorTargetPlatform (25)
[2015.11.22-11.32.13:312][819]LogModuleManager: Shutting down and abandoning module WindowsClientTargetPlatform (24)
[2015.11.22-11.32.13:312][819]LogModuleManager: Shutting down and abandoning module AllDesktopTargetPlatform (23)
[2015.11.22-11.32.13:312][819]LogModuleManager: Shutting down and abandoning module TargetPlatform (22)
[2015.11.22-11.32.13:313][819]LogModuleManager: Shutting down and abandoning module InputCore (21)
[2015.11.22-11.32.13:313][819]LogModuleManager: Shutting down and abandoning module Settings (20)
[2015.11.22-11.32.13:313][819]LogModuleManager: Shutting down and abandoning module OnlineSubsystem (18)
[2015.11.22-11.32.13:313][819]LogModuleManager: Shutting down and abandoning module HTTP (17)
[2015.11.22-11.32.15:318][819]LogModuleManager: Shutting down and abandoning module XMPP (16)
[2015.11.22-11.32.15:318][819]LogModuleManager: Shutting down and abandoning module ExampleDeviceProfileSelector (15)
[2015.11.22-11.32.15:318][819]LogModuleManager: Shutting down and abandoning module TextureCompressor (14)
[2015.11.22-11.32.15:318][819]LogModuleManager: Shutting down and abandoning module ShaderCore (13)
[2015.11.22-11.32.15:318][819]LogModuleManager: Shutting down and abandoning module Landscape (12)
[2015.11.22-11.32.15:318][819]LogModuleManager: Shutting down and abandoning module SlateRHIRenderer (11)
[2015.11.22-11.32.15:321][819]LogModuleManager: Shutting down and abandoning module OpenGLDrv (10)
[2015.11.22-11.32.15:321][819]LogModuleManager: Shutting down and abandoning module D3D11RHI (9)
[2015.11.22-11.32.15:321][819]LogModuleManager: Shutting down and abandoning module AnimGraphRuntime (8)
[2015.11.22-11.32.15:321][819]LogModuleManager: Shutting down and abandoning module Renderer (7)
[2015.11.22-11.32.15:321][819]LogModuleManager: Shutting down and abandoning module Engine (6)
[2015.11.22-11.32.15:321][819]LogModuleManager: Shutting down and abandoning module CoreUObject (5)
[2015.11.22-11.32.15:321][819]LogModuleManager: Shutting down and abandoning module NetworkFile (4)
[2015.11.22-11.32.15:321][819]LogModuleManager: Shutting down and abandoning module StreamingFile (3)
[2015.11.22-11.32.15:321][819]LogModuleManager: Shutting down and abandoning module SandboxFile (2)
[2015.11.22-11.32.15:321][819]LogModuleManager: Shutting down and abandoning module PakFile (1)
[2015.11.22-11.32.15:322][819]LogExit: Exiting.
[2015.11.22-11.32.15:326][819]Log file closed, 11/22/15 13:32:15
>>>>>>> 765a0a56224c3c126fb0a3bb1f97ce8c5e769c5d
